2020-08-11 09:42:06,958 [      0]   INFO -        #com.intellij.idea.Main - ------------------------------------------------------ IDE STARTED ------------------------------------------------------ 
2020-08-11 09:42:07,000 [     42]   INFO -        #com.intellij.idea.Main - IDE: IntelliJ IDEA (build #IC-202.6397.94, 27 Jul 2020 13:39) 
2020-08-11 09:42:07,017 [     59]   INFO -        #com.intellij.idea.Main - OS: Linux (5.4.0-42-generic, amd64) 
2020-08-11 09:42:07,017 [     59]   INFO -        #com.intellij.idea.Main - JRE: 11.0.7+10-b944.20 (JetBrains s.r.o.) 
2020-08-11 09:42:07,017 [     59]   INFO -        #com.intellij.idea.Main - JVM: 11.0.7+10-b944.20 (OpenJDK 64-Bit Server VM) 
2020-08-11 09:42:07,018 [     60]   INFO -        #com.intellij.idea.Main - JVM Args: -Didea.auto.reload.plugins=true -Didea.classpath.index.enabled=false -Didea.config.path=/home/arthur-kamau/Development/Stratos/compiler/tooling/intellij/build/idea-sandbox/config -Didea.is.internal=true -Didea.platform.prefix=Idea -Didea.plugins.path=/home/arthur-kamau/Development/Stratos/compiler/tooling/intellij/build/idea-sandbox/plugins -Didea.required.plugins.id=org.araizen.stratos -Didea.system.path=/home/arthur-kamau/Development/Stratos/compiler/tooling/intellij/build/idea-sandbox/system -Dsun.awt.disablegrab=true -Xms256m -Xmx512m -Dfile.encoding=UTF-8 -Duser.country=US -Duser.language=en -Duser.variant -ea 
2020-08-11 09:42:07,018 [     60]   INFO -        #com.intellij.idea.Main - library path: /usr/java/packages/lib:/usr/lib64:/lib64:/lib:/usr/lib 
2020-08-11 09:42:07,018 [     60]   INFO -        #com.intellij.idea.Main - boot library path: /home/arthur-kamau/.gradle/caches/modules-2/files-2.1/com.jetbrains/jbre/jbr-11_0_7-linux-x64-b944.20/jbr/lib 
2020-08-11 09:42:07,018 [     60]   INFO -        #com.intellij.idea.Main - locale=en_US JNU=UTF-8 file.encoding=UTF-8
  idea.config.path=/home/arthur-kamau/Development/Stratos/compiler/tooling/intellij/build/idea-sandbox/config
  idea.system.path=/home/arthur-kamau/Development/Stratos/compiler/tooling/intellij/build/idea-sandbox/system
  idea.plugins.path=/home/arthur-kamau/Development/Stratos/compiler/tooling/intellij/build/idea-sandbox/plugins
  idea.log.path=/home/arthur-kamau/Development/Stratos/compiler/tooling/intellij/build/idea-sandbox/system/log 
2020-08-11 09:42:07,110 [    152]   INFO -        #com.intellij.idea.Main - JNA library (64-bit) loaded in 91 ms 
2020-08-11 09:42:07,543 [    585]   INFO - llij.ide.plugins.PluginManager - Plugin PluginDescriptor(name=Groovy, id=org.intellij.groovy, path=/home/arthur-kamau/.gradle/caches/modules-2/files-2.1/com.jetbrains.intellij.idea/ideaIC/2020.2/4fe93bb81525f2fa7a6f0fd7ba41c3b9cce9e8b6/ideaIC-2020.2/plugins/Groovy, version=202.6397.94) misses optional descriptor duplicates-groovy.xml 
java.nio.file.NoSuchFileException: /META-INF/duplicates-groovy.xml
	at jdk.zipfs/jdk.nio.zipfs.ZipFileSystem.newInputStream(ZipFileSystem.java:591)
	at jdk.zipfs/jdk.nio.zipfs.ZipPath.newInputStream(ZipPath.java:721)
	at jdk.zipfs/jdk.nio.zipfs.ZipFileSystemProvider.newInputStream(ZipFileSystemProvider.java:275)
	at java.base/java.nio.file.Files.newInputStream(Files.java:155)
	at com.intellij.openapi.util.JDOMUtil.load(JDOMUtil.java:351)
	at com.intellij.ide.plugins.BasePathResolver.resolvePath(BasePathResolver.java:54)
	at com.intellij.ide.plugins.PluginXmlPathResolver.resolvePath(PluginXmlPathResolver.java:58)
	at com.intellij.ide.plugins.XmlReader.readDependencies(XmlReader.java:215)
	at com.intellij.ide.plugins.IdeaPluginDescriptorImpl.readExternal(IdeaPluginDescriptorImpl.java:190)
	at com.intellij.ide.plugins.PluginDescriptorLoader.loadDescriptorFromJar(PluginDescriptorLoader.java:94)
	at com.intellij.ide.plugins.PluginDescriptorLoader.loadDescriptorFromDirAndNormalize(PluginDescriptorLoader.java:145)
	at com.intellij.ide.plugins.PluginDescriptorLoader.loadDescriptorFromFileOrDir(PluginDescriptorLoader.java:120)
	at com.intellij.ide.plugins.PluginDescriptorLoader.loadDescriptor(PluginDescriptorLoader.java:44)
	at com.intellij.ide.plugins.PluginDescriptorLoader.lambda$loadDescriptorsFromDir$1(PluginDescriptorLoader.java:246)
	at java.base/java.util.concurrent.FutureTask.run(FutureTask.java:264)
	at com.intellij.util.concurrency.BoundedTaskExecutor.doRun(BoundedTaskExecutor.java:215)
	at com.intellij.util.concurrency.BoundedTaskExecutor.access$200(BoundedTaskExecutor.java:26)
	at com.intellij.util.concurrency.BoundedTaskExecutor$1.execute(BoundedTaskExecutor.java:194)
	at com.intellij.util.concurrency.BoundedTaskExecutor$1.run(BoundedTaskExecutor.java:186)
	at java.base/java.util.concurrent.ThreadPoolExecutor.runWorker(ThreadPoolExecutor.java:1128)
	at java.base/java.util.concurrent.ThreadPoolExecutor$Worker.run(ThreadPoolExecutor.java:628)
	at java.base/java.util.concurrent.Executors$PrivilegedThreadFactory$1$1.run(Executors.java:668)
	at java.base/java.util.concurrent.Executors$PrivilegedThreadFactory$1$1.run(Executors.java:665)
	at java.base/java.security.AccessController.doPrivileged(Native Method)
	at java.base/java.util.concurrent.Executors$PrivilegedThreadFactory$1.run(Executors.java:665)
	at java.base/java.lang.Thread.run(Thread.java:834)
2020-08-11 09:42:07,546 [    588]   INFO - llij.ide.plugins.PluginManager - Plugin PluginDescriptor(name=Groovy, id=org.intellij.groovy, path=/home/arthur-kamau/.gradle/caches/modules-2/files-2.1/com.jetbrains.intellij.idea/ideaIC/2020.2/4fe93bb81525f2fa7a6f0fd7ba41c3b9cce9e8b6/ideaIC-2020.2/plugins/Groovy, version=202.6397.94) misses optional descriptor duplicates-detection-groovy.xml 
java.nio.file.NoSuchFileException: /META-INF/duplicates-detection-groovy.xml
	at jdk.zipfs/jdk.nio.zipfs.ZipFileSystem.newInputStream(ZipFileSystem.java:591)
	at jdk.zipfs/jdk.nio.zipfs.ZipPath.newInputStream(ZipPath.java:721)
	at jdk.zipfs/jdk.nio.zipfs.ZipFileSystemProvider.newInputStream(ZipFileSystemProvider.java:275)
	at java.base/java.nio.file.Files.newInputStream(Files.java:155)
	at com.intellij.openapi.util.JDOMUtil.load(JDOMUtil.java:351)
	at com.intellij.ide.plugins.BasePathResolver.resolvePath(BasePathResolver.java:54)
	at com.intellij.ide.plugins.PluginXmlPathResolver.resolvePath(PluginXmlPathResolver.java:58)
	at com.intellij.ide.plugins.XmlReader.readDependencies(XmlReader.java:215)
	at com.intellij.ide.plugins.IdeaPluginDescriptorImpl.readExternal(IdeaPluginDescriptorImpl.java:190)
	at com.intellij.ide.plugins.PluginDescriptorLoader.loadDescriptorFromJar(PluginDescriptorLoader.java:94)
	at com.intellij.ide.plugins.PluginDescriptorLoader.loadDescriptorFromDirAndNormalize(PluginDescriptorLoader.java:145)
	at com.intellij.ide.plugins.PluginDescriptorLoader.loadDescriptorFromFileOrDir(PluginDescriptorLoader.java:120)
	at com.intellij.ide.plugins.PluginDescriptorLoader.loadDescriptor(PluginDescriptorLoader.java:44)
	at com.intellij.ide.plugins.PluginDescriptorLoader.lambda$loadDescriptorsFromDir$1(PluginDescriptorLoader.java:246)
	at java.base/java.util.concurrent.FutureTask.run(FutureTask.java:264)
	at com.intellij.util.concurrency.BoundedTaskExecutor.doRun(BoundedTaskExecutor.java:215)
	at com.intellij.util.concurrency.BoundedTaskExecutor.access$200(BoundedTaskExecutor.java:26)
	at com.intellij.util.concurrency.BoundedTaskExecutor$1.execute(BoundedTaskExecutor.java:194)
	at com.intellij.util.concurrency.BoundedTaskExecutor$1.run(BoundedTaskExecutor.java:186)
	at java.base/java.util.concurrent.ThreadPoolExecutor.runWorker(ThreadPoolExecutor.java:1128)
	at java.base/java.util.concurrent.ThreadPoolExecutor$Worker.run(ThreadPoolExecutor.java:628)
	at java.base/java.util.concurrent.Executors$PrivilegedThreadFactory$1$1.run(Executors.java:668)
	at java.base/java.util.concurrent.Executors$PrivilegedThreadFactory$1$1.run(Executors.java:665)
	at java.base/java.security.AccessController.doPrivileged(Native Method)
	at java.base/java.util.concurrent.Executors$PrivilegedThreadFactory$1.run(Executors.java:665)
	at java.base/java.lang.Thread.run(Thread.java:834)
2020-08-11 09:42:07,733 [    775]   INFO - llij.ide.plugins.PluginManager - Plugin PluginDescriptor(name=Java, id=com.intellij.java, path=/home/arthur-kamau/.gradle/caches/modules-2/files-2.1/com.jetbrains.intellij.idea/ideaIC/2020.2/4fe93bb81525f2fa7a6f0fd7ba41c3b9cce9e8b6/ideaIC-2020.2/plugins/java, version=202.6397.94) misses optional descriptor profiler-java.xml 
java.nio.file.NoSuchFileException: /META-INF/profiler-java.xml
	at jdk.zipfs/jdk.nio.zipfs.ZipFileSystem.newInputStream(ZipFileSystem.java:591)
	at jdk.zipfs/jdk.nio.zipfs.ZipPath.newInputStream(ZipPath.java:721)
	at jdk.zipfs/jdk.nio.zipfs.ZipFileSystemProvider.newInputStream(ZipFileSystemProvider.java:275)
	at java.base/java.nio.file.Files.newInputStream(Files.java:155)
	at com.intellij.openapi.util.JDOMUtil.load(JDOMUtil.java:351)
	at com.intellij.ide.plugins.BasePathResolver.resolvePath(BasePathResolver.java:54)
	at com.intellij.ide.plugins.PluginXmlPathResolver.resolvePath(PluginXmlPathResolver.java:58)
	at com.intellij.ide.plugins.XmlReader.readDependencies(XmlReader.java:215)
	at com.intellij.ide.plugins.IdeaPluginDescriptorImpl.readExternal(IdeaPluginDescriptorImpl.java:190)
	at com.intellij.ide.plugins.PluginDescriptorLoader.loadDescriptorFromJar(PluginDescriptorLoader.java:94)
	at com.intellij.ide.plugins.PluginDescriptorLoader.loadDescriptorFromDirAndNormalize(PluginDescriptorLoader.java:145)
	at com.intellij.ide.plugins.PluginDescriptorLoader.loadDescriptorFromFileOrDir(PluginDescriptorLoader.java:120)
	at com.intellij.ide.plugins.PluginDescriptorLoader.loadDescriptor(PluginDescriptorLoader.java:44)
	at com.intellij.ide.plugins.PluginDescriptorLoader.lambda$loadDescriptorsFromDir$1(PluginDescriptorLoader.java:246)
	at java.base/java.util.concurrent.FutureTask.run(FutureTask.java:264)
	at com.intellij.util.concurrency.BoundedTaskExecutor.doRun(BoundedTaskExecutor.java:215)
	at com.intellij.util.concurrency.BoundedTaskExecutor.access$200(BoundedTaskExecutor.java:26)
	at com.intellij.util.concurrency.BoundedTaskExecutor$1.execute(BoundedTaskExecutor.java:194)
	at com.intellij.util.concurrency.BoundedTaskExecutor$1.run(BoundedTaskExecutor.java:186)
	at java.base/java.util.concurrent.ThreadPoolExecutor.runWorker(ThreadPoolExecutor.java:1128)
	at java.base/java.util.concurrent.ThreadPoolExecutor$Worker.run(ThreadPoolExecutor.java:628)
	at java.base/java.util.concurrent.Executors$PrivilegedThreadFactory$1$1.run(Executors.java:668)
	at java.base/java.util.concurrent.Executors$PrivilegedThreadFactory$1$1.run(Executors.java:665)
	at java.base/java.security.AccessController.doPrivileged(Native Method)
	at java.base/java.util.concurrent.Executors$PrivilegedThreadFactory$1.run(Executors.java:665)
	at java.base/java.lang.Thread.run(Thread.java:834)
2020-08-11 09:42:07,816 [    858]   INFO - llij.ide.plugins.PluginManager - Loaded bundled plugins: IDEA CORE (202.6397.94), com.intellij.platform.images (202.6397.94), JetBrains maven model api classes (202.6397.94), JetBrains Repository Search (202.6397.94), Subversion (202.6397.94), XPathView + XSLT (202.6397.94), XSLT Debugger (202.6397.94), Smali Support (202.6397.94), Configuration Script (202.6397.94), Copyright (202.6397.94), Gradle (202.6397.94), Java (202.6397.94), Bytecode Viewer (202.6397.94), JUnit (202.6397.94), Java IDE Customization (202.6397.94), Java Stream Debugger (202.6397.94), Eclipse Interoperability (202.6397.94), Java Bytecode Decompiler (202.6397.94), macOS Light Theme (202.6397.94), Windows 10 Light Theme (202.6397.94), Properties (202.6397.94), Ant (202.6397.94), Java Internationalization (202.6397.94), UI Designer (202.6397.94), JavaFX (202.6397.94), Resource Bundle Editor (202.6397.94), Machine Learning Code Completion (202.6397.94), Task Management (202.6397.94), Mercurial (202.6397.94), Webp Support (202.6397.94), EditorConfig (202.6397.94), Terminal (202.6397.94), Git (202.6397.94), ChangeReminder (202.6397.94), Next File Prediction (202.6397.94), GitHub (202.6397.94), Shell Script (202.6397.94), TextMate Bundles (202.6397.94), YAML (202.6397.94), Settings Repository (202.6397.94), IntelliLang (202.6397.94), TestNG (202.6397.94), Code Coverage for Java (202.6397.94), Groovy (202.6397.94), Maven (202.6397.94), Gradle-Java (202.6397.94), Plugin DevKit (202.6397.94), Gradle-Maven (202.6397.94), Kotlin (1.3.72-release-IJ2020.1-6), Android (10.4.0.202.6397.94), Markdown (202.6397.94), Grazie (202.6397.94) 
2020-08-11 09:42:07,816 [    858]   INFO - llij.ide.plugins.PluginManager - Loaded custom plugins: Stratos Language (1.0-SNAPSHOT) 
2020-08-11 09:42:08,538 [   1580]   INFO - ntellij.idea.ApplicationLoader - CPU cores: 4; ForkJoinPool.commonPool: java.util.concurrent.ForkJoinPool@4649f869[Running, parallelism = 3, size = 0, active = 0, running = 0, steals = 0, tasks = 0, submissions = 0]; factory: com.intellij.concurrency.IdeaForkJoinWorkerThreadFactory@4895830c 
2020-08-11 09:42:08,610 [   1652]   INFO - ntellij.idea.ApplicationLoader - WM detected: Metacity 
2020-08-11 09:42:09,233 [   2275]   INFO - m.intellij.util.io.StorageLock - lower=100; upper=492; buffer=10; max=492 
2020-08-11 09:42:09,264 [   2306]   INFO - tellij.util.io.FileChannelUtil - un-interruptible FileChannel-s will be used for indexes 
2020-08-11 09:42:09,539 [   2581]   INFO - fs.newvfs.persistent.FSRecords - Marking VFS as corrupted: '/home/arthur-kamau/Development/Stratos/compiler/tooling/intellij/build/idea-sandbox/system/caches/names.dat' does not exist 
2020-08-11 09:42:09,582 [   2624]   INFO - com.intellij.ide.ui.UISettings - Loaded: fontSize=13, fontScale=1.0; restored: fontSize=13, fontScale=1.0 
2020-08-11 09:42:09,607 [   2649]   WARN - j.internal.DebugAttachDetector - Unable to start DebugAttachDetector, please add `--add-exports java.base/jdk.internal.vm=ALL-UNNAMED` to VM options 
2020-08-11 09:42:09,660 [   2702]   INFO - til.net.ssl.CertificateManager - Default SSL context initialized 
2020-08-11 09:42:09,734 [   2776]   INFO - .history.utils.LocalHistoryLog - local history version mismatch (was: 0, expected: 6), rebuilding... 
2020-08-11 09:42:09,735 [   2777]   INFO - .history.utils.LocalHistoryLog - FS has been rebuild, rebuilding local history... 
2020-08-11 09:42:09,777 [   2819]   INFO - rains.ide.BuiltInServerManager - built-in server started, port 63343 
2020-08-11 09:42:09,779 [   2821]   INFO - pl.local.NativeFileWatcherImpl - Starting file watcher: /home/arthur-kamau/.gradle/caches/modules-2/files-2.1/com.jetbrains.intellij.idea/ideaIC/2020.2/4fe93bb81525f2fa7a6f0fd7ba41c3b9cce9e8b6/ideaIC-2020.2/bin/linux/fsnotifier64 
2020-08-11 09:42:09,818 [   2860]   INFO - pl.local.NativeFileWatcherImpl - Native file watcher is operational. 
2020-08-11 09:42:09,857 [   2899]   INFO - stubs.SerializationManagerImpl - Name storage is repaired 
2020-08-11 09:42:10,742 [   3784]   INFO - il.indexing.FileBasedIndexImpl - Indexes to be rebuilt after corruption:FilenameIndex(v = 3),FrameworkDetectionIndex(v = 0),TodoIndex(v = 4107),IdIndex(v = 4113),filetypes(v = 3),Stubs(v = 46),Trigram.Index(v = 4099),fileIncludes(v = 6),DomFileIndex(v = -1189920956),RelaxSymbolIndex(v = 0),XmlTagNames(v = 1),XmlNamespaces(v = 8),html5.custom.attributes.index(v = 1),SchemaTypeInheritance(v = 2),json.file.root.values(v = 5),XsltSymbolIndex(v = 0),bytecodeAnalysis(v = 4107),java.auto.module.name(v = 5),java.source.module.name(v = 2),java.null.method.argument(v = 4097),java.fun.expression(v = 4101),java.binary.plus.expression(v = 4100),xmlProperties(v = 2),ant-imports(v = 5),com.intellij.uiDesigner.FormClassIndex(v = 0),JavaFxControllerClassIndex(v = 1),javafx.id.name(v = 3),javafx.custom.component(v = 2),editorconfig.index.name(v = 5),yaml.keys.name(v = 1),groovy.trait.fields(v = 5),groovy.trait.methods(v = 25),IdeaPluginRegistrationIndex(v = 3),PluginIdModuleIndex(v = 1),PluginIdDependenciesIndex(v = 1),devkit.ExtensionPointIndex(v = 0),org.jetbrains.kotlin.idea.versions.KotlinJvmMetadataVersionIndex(v = 5),org.jetbrains.kotlin.idea.versions.KotlinJsMetadataVersionIndex(v = 3),org.jetbrains.kotlin.idea.vfilefinder.KotlinClassFileIndex(v = 3),org.jetbrains.kotlin.idea.vfilefinder.KotlinJavaScriptMetaFileIndex(v = 4),org.jetbrains.kotlin.idea.vfilefinder.KotlinMetadataFileIndex(v = 1),org.jetbrains.kotlin.idea.vfilefinder.KotlinMetadataFilePackageIndex(v = 1),org.jetbrains.kotlin.idea.vfilefinder.KotlinModuleMappingIndex(v = 5),org.jetbrains.kotlin.idea.vfilefinder.KotlinPackageSourcesMemberNamesIndex(v = 2),org.jetbrains.kotlin.idea.vfilefinder.KotlinJvmModuleAnnotationsIndex(v = 1),org.jetbrains.kotlin.ide.konan.index.KotlinNativeMetaFileIndex(v = 4),com.android.tools.idea.model.AndroidManifestIndex$Companion$NAME$1.NAME(v = 4),BindingXmlIndex(v = 7),MlModelFileIndex(v = 1) 
2020-08-11 09:42:10,748 [   3790]   INFO - leBasedIndexDataInitialization - Initialization done: 1070 
2020-08-11 09:42:10,890 [   3932]   INFO - tellij.psi.stubs.StubIndexImpl - Following stub indices will be built:dom.namespaceKey(v = 1),dom.elementClass(v = 0),properties.index(v = 2),gr.class.fqn(v = 1),gr.script.fqn(v = 2),gr.field.name(v = 2),gr.method.name(v = 2),gr.annot.method.name(v = 2),gr.annot.members(v = 2),gr.script.class(v = 2),gr.class.super(v = 2),gr.anonymous.class(v = 3),org.jetbrains.kotlin.idea.stubindex.KotlinExactPackagesIndex(v = 2),org.jetbrains.kotlin.idea.stubindex.KotlinTopLevelClassByPackageIndex(v = 2),org.jetbrains.kotlin.idea.stubindex.KotlinTopLevelFunctionByPackageIndex(v = 2),org.jetbrains.kotlin.idea.stubindex.KotlinTopLevelPropertyByPackageIndex(v = 2),org.jetbrains.kotlin.idea.stubindex.KotlinTopLevelTypeAliasByPackageIndex(v = 2),org.jetbrains.kotlin.idea.stubindex.KotlinClassShortNameIndex(v = 2),org.jetbrains.kotlin.idea.stubindex.KotlinFullClassNameIndex(v = 2),org.jetbrains.kotlin.idea.stubindex.KotlinPropertyShortNameIndex(v = 2),org.jetbrains.kotlin.idea.stubindex.KotlinFunctionShortNameIndex(v = 2),org.jetbrains.kotlin.idea.stubindex.KotlinTypeAliasShortNameIndex(v = 2),org.jetbrains.kotlin.idea.stubindex.KotlinSuperClassIndex(v = 2),org.jetbrains.kotlin.idea.stubindex.KotlinTopLevelFunctionFqnNameIndex(v = 2),org.jetbrains.kotlin.idea.stubindex.KotlinTopLevelPropertyFqnNameIndex(v = 2),org.jetbrains.kotlin.idea.stubindex.KotlinTopLevelTypeAliasFqNameIndex(v = 2),org.jetbrains.kotlin.idea.stubindex.KotlinTopLevelExtensionsByReceiverTypeIndex(v = 2),org.jetbrains.kotlin.idea.stubindex.KotlinAnnotationsIndex(v = 3),org.jetbrains.kotlin.idea.stubindex.KotlinProbablyNothingFunctionShortNameIndex(v = 2),org.jetbrains.kotlin.idea.stubindex.KotlinProbablyNothingPropertyShortNameIndex(v = 2),org.jetbrains.kotlin.idea.stubindex.KotlinProbablyContractedFunctionShortNameIndex(v = 2),org.jetbrains.kotlin.idea.stubindex.KotlinFileFacadeFqNameIndex(v = 2),org.jetbrains.kotlin.idea.stubindex.KotlinFilePartClassIndex(v = 2),org.jetbrains.kotlin.idea.stubindex.KotlinFileFacadeClassByPackageIndex(v = 2),org.jetbrains.kotlin.idea.stubindex.KotlinFileFacadeShortNameIndex(v = 2),org.jetbrains.kotlin.idea.stubindex.KotlinMultifileClassPartIndex(v = 2),org.jetbrains.kotlin.idea.stubindex.KotlinScriptFqnIndex(v = 2),org.jetbrains.kotlin.idea.stubindex.KotlinTypeAliasByExpansionShortNameIndex(v = 2),org.jetbrains.kotlin.idea.stubindex.KotlinOverridableInternalMembersShortNameIndex(v = 2),markdown.header(v = 2),java.annotations(v = 2),java.class.extlist(v = 3),java.field.name(v = 2),java.method.name(v = 2),jvm.static.member.name(v = 2),jvm.static.member.type(v = 2),java.anonymous.baseref(v = 2),java.method.parameter.types(v = 3),java.class.shortname(v = 4),java.class.fqn(v = 1),java.module.name(v = 4) 
2020-08-11 09:42:10,910 [   3952]   INFO - exImpl$StubIndexInitialization - Initialization done: 161 
2020-08-11 09:42:11,012 [   4054]   INFO - tellij.ide.SystemHealthMonitor - restored ignored PIPE handler 
2020-08-11 09:42:11,075 [   4117]   INFO - gs.impl.UpdateCheckerComponent - channel: release 
2020-08-11 09:42:11,146 [   4188]   INFO - penapi.application.Experiments - Experimental features enabled for user: wsl.p9.support, wsl.p9.show.roots.in.file.chooser, inline.browse.button, linux.native.menu, recent.and.edited.files.together, show.create.new.element.in.popup, copy.reference.popup, new.large.text.file.viewer, property.value.inplace.editing, terminal.shell.command.handling 
2020-08-11 09:42:11,423 [   4465]  ERROR - nSystem.impl.ActionManagerImpl - unexpected name of element "fileType
 [Plugin: org.araizen.stratos] 
com.intellij.diagnostic.PluginException: unexpected name of element "fileType
 [Plugin: org.araizen.stratos]
	at com.intellij.openapi.actionSystem.impl.ActionManagerImpl.reportActionError(ActionManagerImpl.java:416)
	at com.intellij.openapi.actionSystem.impl.ActionManagerImpl.reportActionError(ActionManagerImpl.java:411)
	at com.intellij.openapi.actionSystem.impl.ActionManagerImpl.processActionsChildElement(ActionManagerImpl.java:1124)
	at com.intellij.openapi.actionSystem.impl.ActionManagerImpl.registerPluginActions(ActionManagerImpl.java:529)
	at com.intellij.openapi.actionSystem.impl.ActionManagerImpl.<init>(ActionManagerImpl.java:166)
	at java.base/jdk.internal.reflect.NativeConstructorAccessorImpl.newInstance0(Native Method)
	at java.base/jdk.internal.reflect.NativeConstructorAccessorImpl.newInstance(NativeConstructorAccessorImpl.java:62)
	at java.base/jdk.internal.reflect.DelegatingConstructorAccessorImpl.newInstance(DelegatingConstructorAccessorImpl.java:45)
	at java.base/java.lang.reflect.Constructor.newInstance(Constructor.java:490)
	at com.intellij.serviceContainer.ConstructorInjectionKt.instantiateUsingPicoContainer(constructorInjection.kt:47)
	at com.intellij.serviceContainer.ComponentManagerImpl.instantiateClassWithConstructorInjection(ComponentManagerImpl.kt:662)
	at com.intellij.serviceContainer.ServiceComponentAdapter.createAndInitialize(ServiceComponentAdapter.kt:49)
	at com.intellij.serviceContainer.ServiceComponentAdapter.doCreateInstance(ServiceComponentAdapter.kt:37)
	at com.intellij.serviceContainer.BaseComponentAdapter.getInstanceUncached(BaseComponentAdapter.kt:113)
	at com.intellij.serviceContainer.BaseComponentAdapter.getInstance(BaseComponentAdapter.kt:67)
	at com.intellij.serviceContainer.ComponentManagerImpl.doGetService(ComponentManagerImpl.kt:411)
	at com.intellij.serviceContainer.ComponentManagerImpl.getService(ComponentManagerImpl.kt:393)
	at com.intellij.openapi.actionSystem.ActionManager.getInstance(ActionManager.java:28)
	at com.intellij.openapi.wm.impl.welcomeScreen.WelcomeFrame.lambda$prepareToShow$0(WelcomeFrame.java:163)
	at com.intellij.openapi.application.impl.ApplicationImpl$1.call(ApplicationImpl.java:268)
	at java.base/java.util.concurrent.FutureTask.run(FutureTask.java:264)
	at java.base/java.util.concurrent.ThreadPoolExecutor.runWorker(ThreadPoolExecutor.java:1128)
	at java.base/java.util.concurrent.ThreadPoolExecutor$Worker.run(ThreadPoolExecutor.java:628)
	at java.base/java.util.concurrent.Executors$PrivilegedThreadFactory$1$1.run(Executors.java:668)
	at java.base/java.util.concurrent.Executors$PrivilegedThreadFactory$1$1.run(Executors.java:665)
	at java.base/java.security.AccessController.doPrivileged(Native Method)
	at java.base/java.util.concurrent.Executors$PrivilegedThreadFactory$1.run(Executors.java:665)
	at java.base/java.lang.Thread.run(Thread.java:834)
2020-08-11 09:42:11,438 [   4480]  ERROR - nSystem.impl.ActionManagerImpl - IntelliJ IDEA 2020.2  Build #IC-202.6397.94 
2020-08-11 09:42:11,438 [   4480]  ERROR - nSystem.impl.ActionManagerImpl - JDK: 11.0.7; VM: OpenJDK 64-Bit Server VM; Vendor: JetBrains s.r.o. 
2020-08-11 09:42:11,438 [   4480]  ERROR - nSystem.impl.ActionManagerImpl - OS: Linux 
2020-08-11 09:42:11,439 [   4481]  ERROR - nSystem.impl.ActionManagerImpl - Plugin to blame: Stratos Language version: 1.0-SNAPSHOT 
2020-08-11 09:42:11,439 [   4481]  ERROR - nSystem.impl.ActionManagerImpl - Last Action:  
2020-08-11 09:42:11,439 [   4481]  ERROR - nSystem.impl.ActionManagerImpl - unexpected name of element "fileTypeFactory
 [Plugin: org.araizen.stratos] 
com.intellij.diagnostic.PluginException: unexpected name of element "fileTypeFactory
 [Plugin: org.araizen.stratos]
	at com.intellij.openapi.actionSystem.impl.ActionManagerImpl.reportActionError(ActionManagerImpl.java:416)
	at com.intellij.openapi.actionSystem.impl.ActionManagerImpl.reportActionError(ActionManagerImpl.java:411)
	at com.intellij.openapi.actionSystem.impl.ActionManagerImpl.processActionsChildElement(ActionManagerImpl.java:1124)
	at com.intellij.openapi.actionSystem.impl.ActionManagerImpl.registerPluginActions(ActionManagerImpl.java:529)
	at com.intellij.openapi.actionSystem.impl.ActionManagerImpl.<init>(ActionManagerImpl.java:166)
	at java.base/jdk.internal.reflect.NativeConstructorAccessorImpl.newInstance0(Native Method)
	at java.base/jdk.internal.reflect.NativeConstructorAccessorImpl.newInstance(NativeConstructorAccessorImpl.java:62)
	at java.base/jdk.internal.reflect.DelegatingConstructorAccessorImpl.newInstance(DelegatingConstructorAccessorImpl.java:45)
	at java.base/java.lang.reflect.Constructor.newInstance(Constructor.java:490)
	at com.intellij.serviceContainer.ConstructorInjectionKt.instantiateUsingPicoContainer(constructorInjection.kt:47)
	at com.intellij.serviceContainer.ComponentManagerImpl.instantiateClassWithConstructorInjection(ComponentManagerImpl.kt:662)
	at com.intellij.serviceContainer.ServiceComponentAdapter.createAndInitialize(ServiceComponentAdapter.kt:49)
	at com.intellij.serviceContainer.ServiceComponentAdapter.doCreateInstance(ServiceComponentAdapter.kt:37)
	at com.intellij.serviceContainer.BaseComponentAdapter.getInstanceUncached(BaseComponentAdapter.kt:113)
	at com.intellij.serviceContainer.BaseComponentAdapter.getInstance(BaseComponentAdapter.kt:67)
	at com.intellij.serviceContainer.ComponentManagerImpl.doGetService(ComponentManagerImpl.kt:411)
	at com.intellij.serviceContainer.ComponentManagerImpl.getService(ComponentManagerImpl.kt:393)
	at com.intellij.openapi.actionSystem.ActionManager.getInstance(ActionManager.java:28)
	at com.intellij.openapi.wm.impl.welcomeScreen.WelcomeFrame.lambda$prepareToShow$0(WelcomeFrame.java:163)
	at com.intellij.openapi.application.impl.ApplicationImpl$1.call(ApplicationImpl.java:268)
	at java.base/java.util.concurrent.FutureTask.run(FutureTask.java:264)
	at java.base/java.util.concurrent.ThreadPoolExecutor.runWorker(ThreadPoolExecutor.java:1128)
	at java.base/java.util.concurrent.ThreadPoolExecutor$Worker.run(ThreadPoolExecutor.java:628)
	at java.base/java.util.concurrent.Executors$PrivilegedThreadFactory$1$1.run(Executors.java:668)
	at java.base/java.util.concurrent.Executors$PrivilegedThreadFactory$1$1.run(Executors.java:665)
	at java.base/java.security.AccessController.doPrivileged(Native Method)
	at java.base/java.util.concurrent.Executors$PrivilegedThreadFactory$1.run(Executors.java:665)
	at java.base/java.lang.Thread.run(Thread.java:834)
2020-08-11 09:42:11,440 [   4482]  ERROR - nSystem.impl.ActionManagerImpl - IntelliJ IDEA 2020.2  Build #IC-202.6397.94 
2020-08-11 09:42:11,440 [   4482]  ERROR - nSystem.impl.ActionManagerImpl - JDK: 11.0.7; VM: OpenJDK 64-Bit Server VM; Vendor: JetBrains s.r.o. 
2020-08-11 09:42:11,440 [   4482]  ERROR - nSystem.impl.ActionManagerImpl - OS: Linux 
2020-08-11 09:42:11,440 [   4482]  ERROR - nSystem.impl.ActionManagerImpl - Plugin to blame: Stratos Language version: 1.0-SNAPSHOT 
2020-08-11 09:42:11,440 [   4482]  ERROR - nSystem.impl.ActionManagerImpl - Last Action:  
2020-08-11 09:42:12,133 [   5175]   INFO - penapi.wm.impl.GlobalMenuLinux - Closed dbus-service 'com.canonical.AppMenu.Registrar' 
2020-08-11 09:42:20,230 [  13272]   INFO - m.PlatformProjectOpenProcessor - Opening /home/arthur-kamau/Desktop/example.st 
2020-08-11 09:42:20,264 [  13306]   INFO - BridgeProjectLifecycleListener - Using legacy project model to open project 
2020-08-11 09:42:20,544 [  13586]   WARN - Container.ComponentManagerImpl - Do not use constructor injection (requestorClass=org.jetbrains.android.compose.AndroidComposeAutoDocumentation) 
2020-08-11 09:42:20,564 [  13606]   INFO - roject.LightEditProjectManager - LightEditProjectImpl loaded in 324 ms 
2020-08-11 09:42:20,888 [  13930]   INFO - lightEdit.LightEditServiceImpl - Frame created 
2020-08-11 09:42:46,482 [  39524]   INFO - rojectCodeStyleSettingsManager - Initialized from default code style settings. 
2020-08-11 09:42:46,947 [  39989]   INFO - lightEdit.LightEditServiceImpl - Opened new tab for /home/arthur-kamau/Desktop/example.st 
2020-08-11 09:42:46,953 [  39995]   WARN - .diagnostic.PerformanceWatcher - UI was frozen for 26878ms, details saved to /home/arthur-kamau/Development/Stratos/compiler/tooling/intellij/build/idea-sandbox/system/log/threadDumps-freeze-20200811-094225-IC-202.6397.94-BaseComponentAdapter.getInstanceUncached-26sec 
2020-08-11 09:42:46,996 [  40038]   INFO -  #git4idea.commands.GitHandler - [.] git version 
2020-08-11 09:42:47,005 [  40047]   INFO -  #git4idea.commands.GitHandler - git version 2.25.1 
2020-08-11 09:42:47,011 [  40053]   INFO - ea.config.GitExecutableManager - Git version for /usr/bin/git: 2.25.1.0 (UNIX) 
2020-08-11 09:42:47,186 [  40228]   INFO - lightEdit.LightEditServiceImpl - Window closed 
2020-08-11 09:42:47,200 [  40242]   INFO - lightEdit.LightEditServiceImpl - Startup took: 40965 ms 
2020-08-11 09:42:47,202 [  40244]  ERROR - .intellij.openapi.wm.StatusBar - Cannot add a widget for project without root status bar: FatalError 
java.lang.Throwable: Cannot add a widget for project without root status bar: FatalError
	at com.intellij.openapi.diagnostic.Logger.error(Logger.java:143)
	at com.intellij.openapi.wm.impl.status.widget.StatusBarWidgetsManager.enableWidget(StatusBarWidgetsManager.java:122)
	at com.intellij.openapi.wm.impl.status.widget.StatusBarWidgetsManager.updateWidget(StatusBarWidgetsManager.java:73)
	at com.intellij.openapi.wm.impl.status.widget.StatusBarWidgetsManager.lambda$addWidgetFactory$1(StatusBarWidgetsManager.java:184)
	at com.intellij.openapi.application.TransactionGuardImpl$2.run(TransactionGuardImpl.java:201)
	at com.intellij.openapi.application.impl.ApplicationImpl.runIntendedWriteActionOnCurrentThread(ApplicationImpl.java:802)
	at com.intellij.openapi.application.impl.ApplicationImpl.lambda$invokeLater$4(ApplicationImpl.java:322)
	at com.intellij.openapi.application.impl.FlushQueue.doRun(FlushQueue.java:84)
	at com.intellij.openapi.application.impl.FlushQueue.runNextEvent(FlushQueue.java:132)
	at com.intellij.openapi.application.impl.FlushQueue.flushNow(FlushQueue.java:47)
	at com.intellij.openapi.application.impl.FlushQueue$FlushNow.run(FlushQueue.java:188)
	at java.desktop/java.awt.event.InvocationEvent.dispatch(InvocationEvent.java:313)
	at java.desktop/java.awt.EventQueue.dispatchEventImpl(EventQueue.java:776)
	at java.desktop/java.awt.EventQueue$4.run(EventQueue.java:727)
	at java.desktop/java.awt.EventQueue$4.run(EventQueue.java:721)
	at java.base/java.security.AccessController.doPrivileged(Native Method)
	at java.base/java.security.ProtectionDomain$JavaSecurityAccessImpl.doIntersectionPrivilege(ProtectionDomain.java:85)
	at java.desktop/java.awt.EventQueue.dispatchEvent(EventQueue.java:746)
	at com.intellij.ide.IdeEventQueue.defaultDispatchEvent(IdeEventQueue.java:967)
	at com.intellij.ide.IdeEventQueue._dispatchEvent(IdeEventQueue.java:839)
	at com.intellij.ide.IdeEventQueue.lambda$dispatchEvent$8(IdeEventQueue.java:450)
	at com.intellij.openapi.progress.impl.CoreProgressManager.computePrioritized(CoreProgressManager.java:744)
	at com.intellij.ide.IdeEventQueue.lambda$dispatchEvent$9(IdeEventQueue.java:449)
	at com.intellij.openapi.application.impl.ApplicationImpl.runIntendedWriteActionOnCurrentThread(ApplicationImpl.java:802)
	at com.intellij.ide.IdeEventQueue.dispatchEvent(IdeEventQueue.java:497)
	at java.desktop/java.awt.EventDispatchThread.pumpOneEventForFilters(EventDispatchThread.java:203)
	at java.desktop/java.awt.EventDispatchThread.pumpEventsForFilter(EventDispatchThread.java:124)
	at java.desktop/java.awt.EventDispatchThread.pumpEventsForHierarchy(EventDispatchThread.java:113)
	at java.desktop/java.awt.EventDispatchThread.pumpEvents(EventDispatchThread.java:109)
	at java.desktop/java.awt.EventDispatchThread.pumpEvents(EventDispatchThread.java:101)
	at java.desktop/java.awt.EventDispatchThread.run(EventDispatchThread.java:90)
2020-08-11 09:42:47,203 [  40245]  ERROR - .intellij.openapi.wm.StatusBar - IntelliJ IDEA 2020.2  Build #IC-202.6397.94 
2020-08-11 09:42:47,203 [  40245]  ERROR - .intellij.openapi.wm.StatusBar - JDK: 11.0.7; VM: OpenJDK 64-Bit Server VM; Vendor: JetBrains s.r.o. 
2020-08-11 09:42:47,203 [  40245]  ERROR - .intellij.openapi.wm.StatusBar - OS: Linux 
2020-08-11 09:42:47,203 [  40245]  ERROR - .intellij.openapi.wm.StatusBar - Last Action:  
2020-08-11 09:42:47,289 [  40331]  ERROR - .intellij.openapi.wm.StatusBar - Cannot add a widget for project without root status bar: light.edit.git 
java.lang.Throwable: Cannot add a widget for project without root status bar: light.edit.git
	at com.intellij.openapi.diagnostic.Logger.error(Logger.java:143)
	at com.intellij.openapi.wm.impl.status.widget.StatusBarWidgetsManager.enableWidget(StatusBarWidgetsManager.java:122)
	at com.intellij.openapi.wm.impl.status.widget.StatusBarWidgetsManager.updateWidget(StatusBarWidgetsManager.java:73)
	at com.intellij.openapi.wm.impl.status.widget.StatusBarWidgetsManager.lambda$addWidgetFactory$1(StatusBarWidgetsManager.java:184)
	at com.intellij.openapi.application.TransactionGuardImpl$2.run(TransactionGuardImpl.java:201)
	at com.intellij.openapi.application.impl.ApplicationImpl.runIntendedWriteActionOnCurrentThread(ApplicationImpl.java:802)
	at com.intellij.openapi.application.impl.ApplicationImpl.lambda$invokeLater$4(ApplicationImpl.java:322)
	at com.intellij.openapi.application.impl.FlushQueue.doRun(FlushQueue.java:84)
	at com.intellij.openapi.application.impl.FlushQueue.runNextEvent(FlushQueue.java:132)
	at com.intellij.openapi.application.impl.FlushQueue.flushNow(FlushQueue.java:47)
	at com.intellij.openapi.application.impl.FlushQueue$FlushNow.run(FlushQueue.java:188)
	at java.desktop/java.awt.event.InvocationEvent.dispatch(InvocationEvent.java:313)
	at java.desktop/java.awt.EventQueue.dispatchEventImpl(EventQueue.java:776)
	at java.desktop/java.awt.EventQueue$4.run(EventQueue.java:727)
	at java.desktop/java.awt.EventQueue$4.run(EventQueue.java:721)
	at java.base/java.security.AccessController.doPrivileged(Native Method)
	at java.base/java.security.ProtectionDomain$JavaSecurityAccessImpl.doIntersectionPrivilege(ProtectionDomain.java:85)
	at java.desktop/java.awt.EventQueue.dispatchEvent(EventQueue.java:746)
	at com.intellij.ide.IdeEventQueue.defaultDispatchEvent(IdeEventQueue.java:967)
	at com.intellij.ide.IdeEventQueue._dispatchEvent(IdeEventQueue.java:839)
	at com.intellij.ide.IdeEventQueue.lambda$dispatchEvent$8(IdeEventQueue.java:450)
	at com.intellij.openapi.progress.impl.CoreProgressManager.computePrioritized(CoreProgressManager.java:744)
	at com.intellij.ide.IdeEventQueue.lambda$dispatchEvent$9(IdeEventQueue.java:449)
	at com.intellij.openapi.application.impl.ApplicationImpl.runIntendedWriteActionOnCurrentThread(ApplicationImpl.java:802)
	at com.intellij.ide.IdeEventQueue.dispatchEvent(IdeEventQueue.java:497)
	at java.desktop/java.awt.EventDispatchThread.pumpOneEventForFilters(EventDispatchThread.java:203)
	at java.desktop/java.awt.EventDispatchThread.pumpEventsForFilter(EventDispatchThread.java:124)
	at java.desktop/java.awt.EventDispatchThread.pumpEventsForHierarchy(EventDispatchThread.java:113)
	at java.desktop/java.awt.EventDispatchThread.pumpEvents(EventDispatchThread.java:109)
	at java.desktop/java.awt.EventDispatchThread.pumpEvents(EventDispatchThread.java:101)
	at java.desktop/java.awt.EventDispatchThread.run(EventDispatchThread.java:90)
2020-08-11 09:42:47,293 [  40335]  ERROR - .intellij.openapi.wm.StatusBar - IntelliJ IDEA 2020.2  Build #IC-202.6397.94 
2020-08-11 09:42:47,293 [  40335]  ERROR - .intellij.openapi.wm.StatusBar - JDK: 11.0.7; VM: OpenJDK 64-Bit Server VM; Vendor: JetBrains s.r.o. 
2020-08-11 09:42:47,293 [  40335]  ERROR - .intellij.openapi.wm.StatusBar - OS: Linux 
2020-08-11 09:42:47,293 [  40335]  ERROR - .intellij.openapi.wm.StatusBar - Last Action:  
2020-08-11 09:42:47,769 [  40811]   INFO - rationStore.ComponentStoreImpl - Saving appDebuggerSettings took 19 ms, FileTypeManager took 20 ms, UISettings took 17 ms 
2020-08-11 09:42:55,672 [  48714]   INFO - lightEdit.LightEditServiceImpl - Frame created 
2020-08-11 09:42:55,724 [  48766]   INFO - lightEdit.LightEditServiceImpl - Opened new tab for /home/arthur-kamau/Desktop/example.st 
2020-08-11 09:42:55,783 [  48825]   INFO - lightEdit.LightEditServiceImpl - Startup took: 49548 ms 
2020-08-11 09:43:39,599 [  92641]   INFO - lightEdit.LightEditServiceImpl - Window closed 
2020-08-11 09:43:55,835 [ 108877]   INFO - lightEdit.LightEditServiceImpl - Frame created 
2020-08-11 09:43:55,880 [ 108922]   INFO - lightEdit.LightEditServiceImpl - Opened new tab for /home/arthur-kamau/Desktop/example.sts 
2020-08-11 09:43:55,940 [ 108982]   INFO - lightEdit.LightEditServiceImpl - Startup took: 109705 ms 
2020-08-11 09:43:58,401 [ 111443]   INFO - lightEdit.LightEditServiceImpl - Window closed 
2020-08-11 09:44:16,158 [ 129200]   INFO - org.jetbrains.io.BuiltInServer - web server stopped 
2020-08-11 09:44:16,170 [ 129212]   INFO - pl.local.NativeFileWatcherImpl - Watcher terminated with exit code 0 
2020-08-11 09:44:16,170 [ 129212]   INFO - .impl.FileTypeDetectionService - 5 auto-detected files. Detection took 45 ms 
2020-08-11 09:44:16,183 [ 129225]   INFO - il.indexing.FileBasedIndexImpl - START INDEX SHUTDOWN 
2020-08-11 09:44:16,204 [ 129246]   INFO - tellij.psi.stubs.StubIndexImpl - StubIndexExtension-s were unloaded 
2020-08-11 09:44:16,206 [ 129248]   INFO - il.indexing.FileBasedIndexImpl - END INDEX SHUTDOWN 
2020-08-11 09:44:16,206 [ 129248]   INFO - newvfs.persistent.PersistentFS - VFS dispose started 
2020-08-11 09:44:16,209 [ 129251]   INFO - newvfs.persistent.PersistentFS - VFS dispose completed 
2020-08-11 09:44:16,209 [ 129251]   INFO - stubs.SerializationManagerImpl - Start shutting down /home/arthur-kamau/Development/Stratos/compiler/tooling/intellij/build/idea-sandbox/system/index/rep.names 
2020-08-11 09:44:16,209 [ 129251]   INFO - stubs.SerializationManagerImpl - Finished shutting down /home/arthur-kamau/Development/Stratos/compiler/tooling/intellij/build/idea-sandbox/system/index/rep.names 
2020-08-11 09:44:16,210 [ 129252]   INFO - plication.impl.ApplicationImpl - Write action Statistics:
Event number:     3
Total time spent: 216ms
Average duration: 72ms
Median  duration: 0ms
Max     duration: 205ms (it was 'write action (class com.intellij.configurationStore.ProjectSaveSessionProducerManager$saveWithAdditionalSaveSessions$$inlined$withEdtContext$1$lambda$1)') 
2020-08-11 09:44:16,211 [ 129253]   INFO - plication.impl.ApplicationImpl - AnAction.update() Statistics:
Event number:     621
Total time spent: 47ms
Average duration: 0ms
Median  duration: 0ms
Max     duration: 17ms (it was 'Open in Browser action update (class com.intellij.ide.browsers.actions.OpenInBrowserBaseGroupAction$OpenInBrowserEditorContextBarGroupAction)') 
2020-08-11 09:44:16,211 [ 129253]   INFO - plication.impl.ApplicationImpl - Global instance threads created counter = 13; ProcessIOExecutorService threads: 6 
2020-08-11 09:44:16,215 [ 129257]   INFO -        #com.intellij.idea.Main - ------------------------------------------------------ IDE SHUTDOWN ------------------------------------------------------ 
2020-08-11 09:44:16,220 [ 129262]   INFO - org.jetbrains.io.BuiltInServer - web server stopped 
2020-08-11 09:58:59,987 [      0]   INFO -        #com.intellij.idea.Main - ------------------------------------------------------ IDE STARTED ------------------------------------------------------ 
2020-08-11 09:59:00,179 [    192]   INFO -        #com.intellij.idea.Main - IDE: IntelliJ IDEA (build #IC-202.6397.94, 27 Jul 2020 13:39) 
2020-08-11 09:59:00,213 [    226]   INFO -        #com.intellij.idea.Main - OS: Linux (5.4.0-42-generic, amd64) 
2020-08-11 09:59:00,213 [    226]   INFO -        #com.intellij.idea.Main - JRE: 11.0.7+10-b944.20 (JetBrains s.r.o.) 
2020-08-11 09:59:00,213 [    226]   INFO -        #com.intellij.idea.Main - JVM: 11.0.7+10-b944.20 (OpenJDK 64-Bit Server VM) 
2020-08-11 09:59:00,214 [    227]   INFO -        #com.intellij.idea.Main - JVM Args: -Didea.auto.reload.plugins=true -Didea.classpath.index.enabled=false -Didea.config.path=/home/arthur-kamau/Development/Stratos/compiler/tooling/intellij/stratos-language/build/idea-sandbox/config -Didea.is.internal=true -Didea.platform.prefix=Idea -Didea.plugins.path=/home/arthur-kamau/Development/Stratos/compiler/tooling/intellij/stratos-language/build/idea-sandbox/plugins -Didea.required.plugins.id=org.araizen.stratos -Didea.system.path=/home/arthur-kamau/Development/Stratos/compiler/tooling/intellij/stratos-language/build/idea-sandbox/system -Dsun.awt.disablegrab=true -Xms256m -Xmx512m -Dfile.encoding=UTF-8 -Duser.country=US -Duser.language=en -Duser.variant -ea 
2020-08-11 09:59:00,214 [    227]   INFO -        #com.intellij.idea.Main - library path: /usr/java/packages/lib:/usr/lib64:/lib64:/lib:/usr/lib 
2020-08-11 09:59:00,214 [    227]   INFO -        #com.intellij.idea.Main - boot library path: /home/arthur-kamau/.gradle/caches/modules-2/files-2.1/com.jetbrains/jbre/jbr-11_0_7-linux-x64-b944.20/jbr/lib 
2020-08-11 09:59:00,215 [    228]   INFO -        #com.intellij.idea.Main - locale=en_US JNU=UTF-8 file.encoding=UTF-8
  idea.config.path=/home/arthur-kamau/Development/Stratos/compiler/tooling/intellij/stratos-language/build/idea-sandbox/config
  idea.system.path=/home/arthur-kamau/Development/Stratos/compiler/tooling/intellij/stratos-language/build/idea-sandbox/system
  idea.plugins.path=/home/arthur-kamau/Development/Stratos/compiler/tooling/intellij/stratos-language/build/idea-sandbox/plugins
  idea.log.path=/home/arthur-kamau/Development/Stratos/compiler/tooling/intellij/stratos-language/build/idea-sandbox/system/log 
2020-08-11 09:59:00,291 [    304]   INFO -        #com.intellij.idea.Main - JNA library (64-bit) loaded in 76 ms 
2020-08-11 09:59:01,884 [   1897]   INFO - llij.ide.plugins.PluginManager - Plugin PluginDescriptor(name=Groovy, id=org.intellij.groovy, path=/home/arthur-kamau/.gradle/caches/modules-2/files-2.1/com.jetbrains.intellij.idea/ideaIC/2020.2/4fe93bb81525f2fa7a6f0fd7ba41c3b9cce9e8b6/ideaIC-2020.2/plugins/Groovy, version=202.6397.94) misses optional descriptor duplicates-groovy.xml 
java.nio.file.NoSuchFileException: /META-INF/duplicates-groovy.xml
	at jdk.zipfs/jdk.nio.zipfs.ZipFileSystem.newInputStream(ZipFileSystem.java:591)
	at jdk.zipfs/jdk.nio.zipfs.ZipPath.newInputStream(ZipPath.java:721)
	at jdk.zipfs/jdk.nio.zipfs.ZipFileSystemProvider.newInputStream(ZipFileSystemProvider.java:275)
	at java.base/java.nio.file.Files.newInputStream(Files.java:155)
	at com.intellij.openapi.util.JDOMUtil.load(JDOMUtil.java:351)
	at com.intellij.ide.plugins.BasePathResolver.resolvePath(BasePathResolver.java:54)
	at com.intellij.ide.plugins.PluginXmlPathResolver.resolvePath(PluginXmlPathResolver.java:58)
	at com.intellij.ide.plugins.XmlReader.readDependencies(XmlReader.java:215)
	at com.intellij.ide.plugins.IdeaPluginDescriptorImpl.readExternal(IdeaPluginDescriptorImpl.java:190)
	at com.intellij.ide.plugins.PluginDescriptorLoader.loadDescriptorFromJar(PluginDescriptorLoader.java:94)
	at com.intellij.ide.plugins.PluginDescriptorLoader.loadDescriptorFromDirAndNormalize(PluginDescriptorLoader.java:145)
	at com.intellij.ide.plugins.PluginDescriptorLoader.loadDescriptorFromFileOrDir(PluginDescriptorLoader.java:120)
	at com.intellij.ide.plugins.PluginDescriptorLoader.loadDescriptor(PluginDescriptorLoader.java:44)
	at com.intellij.ide.plugins.PluginDescriptorLoader.lambda$loadDescriptorsFromDir$1(PluginDescriptorLoader.java:246)
	at java.base/java.util.concurrent.FutureTask.run(FutureTask.java:264)
	at com.intellij.util.concurrency.BoundedTaskExecutor.doRun(BoundedTaskExecutor.java:215)
	at com.intellij.util.concurrency.BoundedTaskExecutor.access$200(BoundedTaskExecutor.java:26)
	at com.intellij.util.concurrency.BoundedTaskExecutor$1.execute(BoundedTaskExecutor.java:194)
	at com.intellij.util.concurrency.BoundedTaskExecutor$1.run(BoundedTaskExecutor.java:186)
	at java.base/java.util.concurrent.ThreadPoolExecutor.runWorker(ThreadPoolExecutor.java:1128)
	at java.base/java.util.concurrent.ThreadPoolExecutor$Worker.run(ThreadPoolExecutor.java:628)
	at java.base/java.util.concurrent.Executors$PrivilegedThreadFactory$1$1.run(Executors.java:668)
	at java.base/java.util.concurrent.Executors$PrivilegedThreadFactory$1$1.run(Executors.java:665)
	at java.base/java.security.AccessController.doPrivileged(Native Method)
	at java.base/java.util.concurrent.Executors$PrivilegedThreadFactory$1.run(Executors.java:665)
	at java.base/java.lang.Thread.run(Thread.java:834)
2020-08-11 09:59:01,889 [   1902]   INFO - llij.ide.plugins.PluginManager - Plugin PluginDescriptor(name=Groovy, id=org.intellij.groovy, path=/home/arthur-kamau/.gradle/caches/modules-2/files-2.1/com.jetbrains.intellij.idea/ideaIC/2020.2/4fe93bb81525f2fa7a6f0fd7ba41c3b9cce9e8b6/ideaIC-2020.2/plugins/Groovy, version=202.6397.94) misses optional descriptor duplicates-detection-groovy.xml 
java.nio.file.NoSuchFileException: /META-INF/duplicates-detection-groovy.xml
	at jdk.zipfs/jdk.nio.zipfs.ZipFileSystem.newInputStream(ZipFileSystem.java:591)
	at jdk.zipfs/jdk.nio.zipfs.ZipPath.newInputStream(ZipPath.java:721)
	at jdk.zipfs/jdk.nio.zipfs.ZipFileSystemProvider.newInputStream(ZipFileSystemProvider.java:275)
	at java.base/java.nio.file.Files.newInputStream(Files.java:155)
	at com.intellij.openapi.util.JDOMUtil.load(JDOMUtil.java:351)
	at com.intellij.ide.plugins.BasePathResolver.resolvePath(BasePathResolver.java:54)
	at com.intellij.ide.plugins.PluginXmlPathResolver.resolvePath(PluginXmlPathResolver.java:58)
	at com.intellij.ide.plugins.XmlReader.readDependencies(XmlReader.java:215)
	at com.intellij.ide.plugins.IdeaPluginDescriptorImpl.readExternal(IdeaPluginDescriptorImpl.java:190)
	at com.intellij.ide.plugins.PluginDescriptorLoader.loadDescriptorFromJar(PluginDescriptorLoader.java:94)
	at com.intellij.ide.plugins.PluginDescriptorLoader.loadDescriptorFromDirAndNormalize(PluginDescriptorLoader.java:145)
	at com.intellij.ide.plugins.PluginDescriptorLoader.loadDescriptorFromFileOrDir(PluginDescriptorLoader.java:120)
	at com.intellij.ide.plugins.PluginDescriptorLoader.loadDescriptor(PluginDescriptorLoader.java:44)
	at com.intellij.ide.plugins.PluginDescriptorLoader.lambda$loadDescriptorsFromDir$1(PluginDescriptorLoader.java:246)
	at java.base/java.util.concurrent.FutureTask.run(FutureTask.java:264)
	at com.intellij.util.concurrency.BoundedTaskExecutor.doRun(BoundedTaskExecutor.java:215)
	at com.intellij.util.concurrency.BoundedTaskExecutor.access$200(BoundedTaskExecutor.java:26)
	at com.intellij.util.concurrency.BoundedTaskExecutor$1.execute(BoundedTaskExecutor.java:194)
	at com.intellij.util.concurrency.BoundedTaskExecutor$1.run(BoundedTaskExecutor.java:186)
	at java.base/java.util.concurrent.ThreadPoolExecutor.runWorker(ThreadPoolExecutor.java:1128)
	at java.base/java.util.concurrent.ThreadPoolExecutor$Worker.run(ThreadPoolExecutor.java:628)
	at java.base/java.util.concurrent.Executors$PrivilegedThreadFactory$1$1.run(Executors.java:668)
	at java.base/java.util.concurrent.Executors$PrivilegedThreadFactory$1$1.run(Executors.java:665)
	at java.base/java.security.AccessController.doPrivileged(Native Method)
	at java.base/java.util.concurrent.Executors$PrivilegedThreadFactory$1.run(Executors.java:665)
	at java.base/java.lang.Thread.run(Thread.java:834)
2020-08-11 09:59:02,102 [   2115]   INFO - llij.ide.plugins.PluginManager - Plugin PluginDescriptor(name=Java, id=com.intellij.java, path=/home/arthur-kamau/.gradle/caches/modules-2/files-2.1/com.jetbrains.intellij.idea/ideaIC/2020.2/4fe93bb81525f2fa7a6f0fd7ba41c3b9cce9e8b6/ideaIC-2020.2/plugins/java, version=202.6397.94) misses optional descriptor profiler-java.xml 
java.nio.file.NoSuchFileException: /META-INF/profiler-java.xml
	at jdk.zipfs/jdk.nio.zipfs.ZipFileSystem.newInputStream(ZipFileSystem.java:591)
	at jdk.zipfs/jdk.nio.zipfs.ZipPath.newInputStream(ZipPath.java:721)
	at jdk.zipfs/jdk.nio.zipfs.ZipFileSystemProvider.newInputStream(ZipFileSystemProvider.java:275)
	at java.base/java.nio.file.Files.newInputStream(Files.java:155)
	at com.intellij.openapi.util.JDOMUtil.load(JDOMUtil.java:351)
	at com.intellij.ide.plugins.BasePathResolver.resolvePath(BasePathResolver.java:54)
	at com.intellij.ide.plugins.PluginXmlPathResolver.resolvePath(PluginXmlPathResolver.java:58)
	at com.intellij.ide.plugins.XmlReader.readDependencies(XmlReader.java:215)
	at com.intellij.ide.plugins.IdeaPluginDescriptorImpl.readExternal(IdeaPluginDescriptorImpl.java:190)
	at com.intellij.ide.plugins.PluginDescriptorLoader.loadDescriptorFromJar(PluginDescriptorLoader.java:94)
	at com.intellij.ide.plugins.PluginDescriptorLoader.loadDescriptorFromDirAndNormalize(PluginDescriptorLoader.java:145)
	at com.intellij.ide.plugins.PluginDescriptorLoader.loadDescriptorFromFileOrDir(PluginDescriptorLoader.java:120)
	at com.intellij.ide.plugins.PluginDescriptorLoader.loadDescriptor(PluginDescriptorLoader.java:44)
	at com.intellij.ide.plugins.PluginDescriptorLoader.lambda$loadDescriptorsFromDir$1(PluginDescriptorLoader.java:246)
	at java.base/java.util.concurrent.FutureTask.run(FutureTask.java:264)
	at com.intellij.util.concurrency.BoundedTaskExecutor.doRun(BoundedTaskExecutor.java:215)
	at com.intellij.util.concurrency.BoundedTaskExecutor.access$200(BoundedTaskExecutor.java:26)
	at com.intellij.util.concurrency.BoundedTaskExecutor$1.execute(BoundedTaskExecutor.java:194)
	at com.intellij.util.concurrency.BoundedTaskExecutor$1.run(BoundedTaskExecutor.java:186)
	at java.base/java.util.concurrent.ThreadPoolExecutor.runWorker(ThreadPoolExecutor.java:1128)
	at java.base/java.util.concurrent.ThreadPoolExecutor$Worker.run(ThreadPoolExecutor.java:628)
	at java.base/java.util.concurrent.Executors$PrivilegedThreadFactory$1$1.run(Executors.java:668)
	at java.base/java.util.concurrent.Executors$PrivilegedThreadFactory$1$1.run(Executors.java:665)
	at java.base/java.security.AccessController.doPrivileged(Native Method)
	at java.base/java.util.concurrent.Executors$PrivilegedThreadFactory$1.run(Executors.java:665)
	at java.base/java.lang.Thread.run(Thread.java:834)
2020-08-11 09:59:02,184 [   2197]   INFO - llij.ide.plugins.PluginManager - Loaded bundled plugins: IDEA CORE (202.6397.94), com.intellij.platform.images (202.6397.94), JetBrains maven model api classes (202.6397.94), JetBrains Repository Search (202.6397.94), Subversion (202.6397.94), XPathView + XSLT (202.6397.94), XSLT Debugger (202.6397.94), Smali Support (202.6397.94), Configuration Script (202.6397.94), Copyright (202.6397.94), Gradle (202.6397.94), Java (202.6397.94), Bytecode Viewer (202.6397.94), JUnit (202.6397.94), Java IDE Customization (202.6397.94), Java Stream Debugger (202.6397.94), Eclipse Interoperability (202.6397.94), Java Bytecode Decompiler (202.6397.94), macOS Light Theme (202.6397.94), Windows 10 Light Theme (202.6397.94), Properties (202.6397.94), Ant (202.6397.94), Java Internationalization (202.6397.94), UI Designer (202.6397.94), JavaFX (202.6397.94), Resource Bundle Editor (202.6397.94), Machine Learning Code Completion (202.6397.94), Task Management (202.6397.94), Mercurial (202.6397.94), Webp Support (202.6397.94), EditorConfig (202.6397.94), Terminal (202.6397.94), Git (202.6397.94), ChangeReminder (202.6397.94), Next File Prediction (202.6397.94), GitHub (202.6397.94), Shell Script (202.6397.94), TextMate Bundles (202.6397.94), YAML (202.6397.94), Settings Repository (202.6397.94), IntelliLang (202.6397.94), TestNG (202.6397.94), Code Coverage for Java (202.6397.94), Groovy (202.6397.94), Maven (202.6397.94), Gradle-Java (202.6397.94), Plugin DevKit (202.6397.94), Gradle-Maven (202.6397.94), Kotlin (1.3.72-release-IJ2020.1-6), Android (10.4.0.202.6397.94), Markdown (202.6397.94), Grazie (202.6397.94) 
2020-08-11 09:59:02,185 [   2198]   INFO - llij.ide.plugins.PluginManager - Loaded custom plugins: Stratos Language (1.0-SNAPSHOT) 
2020-08-11 09:59:03,806 [   3819]   INFO - ntellij.idea.ApplicationLoader - CPU cores: 4; ForkJoinPool.commonPool: java.util.concurrent.ForkJoinPool@2718b6d3[Running, parallelism = 3, size = 0, active = 0, running = 0, steals = 0, tasks = 0, submissions = 0]; factory: com.intellij.concurrency.IdeaForkJoinWorkerThreadFactory@6388524b 
2020-08-11 09:59:03,863 [   3876]   INFO - ntellij.idea.ApplicationLoader - WM detected: Metacity 
2020-08-11 09:59:05,683 [   5696]   INFO - m.intellij.util.io.StorageLock - lower=100; upper=492; buffer=10; max=492 
2020-08-11 09:59:05,745 [   5758]   INFO - tellij.util.io.FileChannelUtil - un-interruptible FileChannel-s will be used for indexes 
2020-08-11 09:59:06,251 [   6264]   WARN - j.internal.DebugAttachDetector - Unable to start DebugAttachDetector, please add `--add-exports java.base/jdk.internal.vm=ALL-UNNAMED` to VM options 
2020-08-11 09:59:06,308 [   6321]   INFO - com.intellij.ide.ui.UISettings - Loaded: fontSize=13, fontScale=1.0; restored: fontSize=13, fontScale=1.0 
2020-08-11 09:59:06,425 [   6438]   INFO - til.net.ssl.CertificateManager - Default SSL context initialized 
2020-08-11 09:59:06,464 [   6477]   INFO - rains.ide.BuiltInServerManager - built-in server started, port 63343 
2020-08-11 09:59:06,799 [   6812]   INFO - gs.impl.UpdateCheckerComponent - channel: release 
2020-08-11 09:59:06,802 [   6815]   INFO - tellij.ide.SystemHealthMonitor - restored ignored PIPE handler 
2020-08-11 09:59:06,889 [   6902]   INFO - penapi.application.Experiments - Experimental features enabled for user: wsl.p9.support, wsl.p9.show.roots.in.file.chooser, inline.browse.button, linux.native.menu, recent.and.edited.files.together, show.create.new.element.in.popup, copy.reference.popup, new.large.text.file.viewer, property.value.inplace.editing, terminal.shell.command.handling 
2020-08-11 09:59:07,159 [   7172]  ERROR - nSystem.impl.ActionManagerImpl - unexpected name of element "fileType
 [Plugin: org.araizen.stratos] 
com.intellij.diagnostic.PluginException: unexpected name of element "fileType
 [Plugin: org.araizen.stratos]
	at com.intellij.openapi.actionSystem.impl.ActionManagerImpl.reportActionError(ActionManagerImpl.java:416)
	at com.intellij.openapi.actionSystem.impl.ActionManagerImpl.reportActionError(ActionManagerImpl.java:411)
	at com.intellij.openapi.actionSystem.impl.ActionManagerImpl.processActionsChildElement(ActionManagerImpl.java:1124)
	at com.intellij.openapi.actionSystem.impl.ActionManagerImpl.registerPluginActions(ActionManagerImpl.java:529)
	at com.intellij.openapi.actionSystem.impl.ActionManagerImpl.<init>(ActionManagerImpl.java:166)
	at java.base/jdk.internal.reflect.NativeConstructorAccessorImpl.newInstance0(Native Method)
	at java.base/jdk.internal.reflect.NativeConstructorAccessorImpl.newInstance(NativeConstructorAccessorImpl.java:62)
	at java.base/jdk.internal.reflect.DelegatingConstructorAccessorImpl.newInstance(DelegatingConstructorAccessorImpl.java:45)
	at java.base/java.lang.reflect.Constructor.newInstance(Constructor.java:490)
	at com.intellij.serviceContainer.ConstructorInjectionKt.instantiateUsingPicoContainer(constructorInjection.kt:47)
	at com.intellij.serviceContainer.ComponentManagerImpl.instantiateClassWithConstructorInjection(ComponentManagerImpl.kt:662)
	at com.intellij.serviceContainer.ServiceComponentAdapter.createAndInitialize(ServiceComponentAdapter.kt:49)
	at com.intellij.serviceContainer.ServiceComponentAdapter.doCreateInstance(ServiceComponentAdapter.kt:37)
	at com.intellij.serviceContainer.BaseComponentAdapter.getInstanceUncached(BaseComponentAdapter.kt:113)
	at com.intellij.serviceContainer.BaseComponentAdapter.getInstance(BaseComponentAdapter.kt:67)
	at com.intellij.serviceContainer.ComponentManagerImpl.doGetService(ComponentManagerImpl.kt:411)
	at com.intellij.serviceContainer.ComponentManagerImpl.getService(ComponentManagerImpl.kt:393)
	at com.intellij.openapi.actionSystem.ActionManager.getInstance(ActionManager.java:28)
	at com.intellij.openapi.wm.impl.welcomeScreen.WelcomeFrame.lambda$prepareToShow$0(WelcomeFrame.java:163)
	at com.intellij.openapi.application.impl.ApplicationImpl$1.call(ApplicationImpl.java:268)
	at java.base/java.util.concurrent.FutureTask.run(FutureTask.java:264)
	at java.base/java.util.concurrent.ThreadPoolExecutor.runWorker(ThreadPoolExecutor.java:1128)
	at java.base/java.util.concurrent.ThreadPoolExecutor$Worker.run(ThreadPoolExecutor.java:628)
	at java.base/java.util.concurrent.Executors$PrivilegedThreadFactory$1$1.run(Executors.java:668)
	at java.base/java.util.concurrent.Executors$PrivilegedThreadFactory$1$1.run(Executors.java:665)
	at java.base/java.security.AccessController.doPrivileged(Native Method)
	at java.base/java.util.concurrent.Executors$PrivilegedThreadFactory$1.run(Executors.java:665)
	at java.base/java.lang.Thread.run(Thread.java:834)
2020-08-11 09:59:07,170 [   7183]  ERROR - nSystem.impl.ActionManagerImpl - IntelliJ IDEA 2020.2  Build #IC-202.6397.94 
2020-08-11 09:59:07,170 [   7183]  ERROR - nSystem.impl.ActionManagerImpl - JDK: 11.0.7; VM: OpenJDK 64-Bit Server VM; Vendor: JetBrains s.r.o. 
2020-08-11 09:59:07,170 [   7183]  ERROR - nSystem.impl.ActionManagerImpl - OS: Linux 
2020-08-11 09:59:07,170 [   7183]  ERROR - nSystem.impl.ActionManagerImpl - Plugin to blame: Stratos Language version: 1.0-SNAPSHOT 
2020-08-11 09:59:07,170 [   7183]  ERROR - nSystem.impl.ActionManagerImpl - Last Action:  
2020-08-11 09:59:07,171 [   7184]  ERROR - nSystem.impl.ActionManagerImpl - unexpected name of element "fileTypeFactory
 [Plugin: org.araizen.stratos] 
com.intellij.diagnostic.PluginException: unexpected name of element "fileTypeFactory
 [Plugin: org.araizen.stratos]
	at com.intellij.openapi.actionSystem.impl.ActionManagerImpl.reportActionError(ActionManagerImpl.java:416)
	at com.intellij.openapi.actionSystem.impl.ActionManagerImpl.reportActionError(ActionManagerImpl.java:411)
	at com.intellij.openapi.actionSystem.impl.ActionManagerImpl.processActionsChildElement(ActionManagerImpl.java:1124)
	at com.intellij.openapi.actionSystem.impl.ActionManagerImpl.registerPluginActions(ActionManagerImpl.java:529)
	at com.intellij.openapi.actionSystem.impl.ActionManagerImpl.<init>(ActionManagerImpl.java:166)
	at java.base/jdk.internal.reflect.NativeConstructorAccessorImpl.newInstance0(Native Method)
	at java.base/jdk.internal.reflect.NativeConstructorAccessorImpl.newInstance(NativeConstructorAccessorImpl.java:62)
	at java.base/jdk.internal.reflect.DelegatingConstructorAccessorImpl.newInstance(DelegatingConstructorAccessorImpl.java:45)
	at java.base/java.lang.reflect.Constructor.newInstance(Constructor.java:490)
	at com.intellij.serviceContainer.ConstructorInjectionKt.instantiateUsingPicoContainer(constructorInjection.kt:47)
	at com.intellij.serviceContainer.ComponentManagerImpl.instantiateClassWithConstructorInjection(ComponentManagerImpl.kt:662)
	at com.intellij.serviceContainer.ServiceComponentAdapter.createAndInitialize(ServiceComponentAdapter.kt:49)
	at com.intellij.serviceContainer.ServiceComponentAdapter.doCreateInstance(ServiceComponentAdapter.kt:37)
	at com.intellij.serviceContainer.BaseComponentAdapter.getInstanceUncached(BaseComponentAdapter.kt:113)
	at com.intellij.serviceContainer.BaseComponentAdapter.getInstance(BaseComponentAdapter.kt:67)
	at com.intellij.serviceContainer.ComponentManagerImpl.doGetService(ComponentManagerImpl.kt:411)
	at com.intellij.serviceContainer.ComponentManagerImpl.getService(ComponentManagerImpl.kt:393)
	at com.intellij.openapi.actionSystem.ActionManager.getInstance(ActionManager.java:28)
	at com.intellij.openapi.wm.impl.welcomeScreen.WelcomeFrame.lambda$prepareToShow$0(WelcomeFrame.java:163)
	at com.intellij.openapi.application.impl.ApplicationImpl$1.call(ApplicationImpl.java:268)
	at java.base/java.util.concurrent.FutureTask.run(FutureTask.java:264)
	at java.base/java.util.concurrent.ThreadPoolExecutor.runWorker(ThreadPoolExecutor.java:1128)
	at java.base/java.util.concurrent.ThreadPoolExecutor$Worker.run(ThreadPoolExecutor.java:628)
	at java.base/java.util.concurrent.Executors$PrivilegedThreadFactory$1$1.run(Executors.java:668)
	at java.base/java.util.concurrent.Executors$PrivilegedThreadFactory$1$1.run(Executors.java:665)
	at java.base/java.security.AccessController.doPrivileged(Native Method)
	at java.base/java.util.concurrent.Executors$PrivilegedThreadFactory$1.run(Executors.java:665)
	at java.base/java.lang.Thread.run(Thread.java:834)
2020-08-11 09:59:07,171 [   7184]  ERROR - nSystem.impl.ActionManagerImpl - IntelliJ IDEA 2020.2  Build #IC-202.6397.94 
2020-08-11 09:59:07,172 [   7185]  ERROR - nSystem.impl.ActionManagerImpl - JDK: 11.0.7; VM: OpenJDK 64-Bit Server VM; Vendor: JetBrains s.r.o. 
2020-08-11 09:59:07,172 [   7185]  ERROR - nSystem.impl.ActionManagerImpl - OS: Linux 
2020-08-11 09:59:07,172 [   7185]  ERROR - nSystem.impl.ActionManagerImpl - Plugin to blame: Stratos Language version: 1.0-SNAPSHOT 
2020-08-11 09:59:07,172 [   7185]  ERROR - nSystem.impl.ActionManagerImpl - Last Action:  
2020-08-11 09:59:08,898 [   8911]   INFO - penapi.wm.impl.GlobalMenuLinux - Closed dbus-service 'com.canonical.AppMenu.Registrar' 
2020-08-11 09:59:09,055 [   9068]   INFO - leBasedIndexDataInitialization - Initialization done: 2698 
2020-08-11 09:59:09,126 [   9139]   INFO - exImpl$StubIndexInitialization - Initialization done: 70 
2020-08-11 10:00:48,139 [ 108152]   INFO - pl.local.NativeFileWatcherImpl - Starting file watcher: /home/arthur-kamau/.gradle/caches/modules-2/files-2.1/com.jetbrains.intellij.idea/ideaIC/2020.2/4fe93bb81525f2fa7a6f0fd7ba41c3b9cce9e8b6/ideaIC-2020.2/bin/linux/fsnotifier64 
2020-08-11 10:00:48,187 [ 108200]   INFO - pl.local.NativeFileWatcherImpl - Native file watcher is operational. 
2020-08-11 10:00:52,600 [ 112613]   INFO - rationStore.ComponentStoreImpl - Saving appFileTypeManager took 13 ms 
2020-08-11 10:02:42,380 [ 222393]   INFO - BridgeProjectLifecycleListener - Using legacy project model to open project 
2020-08-11 10:02:42,531 [ 222544]   INFO - penapi.wm.impl.GlobalMenuLinux - created instance of GlobalMenuLinux for xid=0x6e0010f 
2020-08-11 10:02:42,755 [ 222768]   INFO - rojectCodeStyleSettingsManager - Initialized from default code style settings. 
2020-08-11 10:02:42,873 [ 222886]   WARN - Container.ComponentManagerImpl - Do not use constructor injection (requestorClass=org.jetbrains.android.compose.AndroidComposeAutoDocumentation) 
2020-08-11 10:02:43,379 [ 223392]   INFO - j.ide.script.IdeStartupScripts - 0 startup script(s) found 
2020-08-11 10:02:43,385 [ 223398]   WARN - tartup.impl.StartupManagerImpl - Activities registered via registerPostStartupActivity must be dumb-aware: org.jetbrains.kotlin.idea.configuration.ui.KotlinConfigurationCheckerComponent$projectOpened$1@7a9377ab 
2020-08-11 10:02:44,037 [ 224050]   INFO - ge.ExternalProjectsDataStorage - Load external projects data in 42 millis (read time: 4) 
2020-08-11 10:02:44,358 [ 224371]   INFO - .diagnostic.PerformanceWatcher - Post-startup activities under progress took 688ms; general responsiveness: ok; EDT responsiveness: 0/1 sluggish, 1/1 very slow 
2020-08-11 10:02:44,762 [ 224775]   INFO - tor.impl.FileEditorManagerImpl - Project opening took 2475 ms 
2020-08-11 10:02:44,831 [ 224844]   INFO - roject.DumbServiceGuiTaskQueue - Running dumb mode task: com.intellij.util.indexing.UnindexedFilesUpdater@5ee448a3 
2020-08-11 10:02:45,059 [ 225072]   INFO -  #git4idea.commands.GitHandler - [.] git version 
2020-08-11 10:02:45,082 [ 225095]   INFO -  #git4idea.commands.GitHandler - git version 2.25.1 
2020-08-11 10:02:45,094 [ 225107]   INFO - ea.config.GitExecutableManager - Git version for /usr/bin/git: 2.25.1.0 (UNIX) 
2020-08-11 10:02:45,116 [ 225129]   INFO - s.roots.VcsRootProblemNotifier - Auto-registered following mappings: [VcsRootError{UNREGISTERED_ROOT - /home/arthur-kamau/Development/Stratos/compiler}] 
2020-08-11 10:02:45,117 [ 225130]   INFO - pl.projectlevelman.NewMappings - VCS Root: [Git] - [/home/arthur-kamau/Development/Stratos/compiler] 
2020-08-11 10:02:45,163 [ 225176]   INFO - .diagnostic.PerformanceWatcher - Pushing properties took 60ms; general responsiveness: ok; EDT responsiveness: ok 
2020-08-11 10:02:45,585 [ 225598]   INFO - .diagnostic.PerformanceWatcher - Indexable file iteration took 420ms; general responsiveness: ok; EDT responsiveness: ok 
2020-08-11 10:02:45,595 [ 225608]   INFO - indexing.UnindexedFilesUpdater - Unindexed files update started: 220 files to index 
2020-08-11 10:02:45,601 [ 225614]   INFO - indexing.UnindexedFilesUpdater - Using 3 threads for indexing 
2020-08-11 10:02:47,510 [ 227523]   INFO - .diagnostic.PerformanceWatcher - Unindexed files update took 1914ms; general responsiveness: ok; EDT responsiveness: ok 
2020-08-11 10:02:47,511 [ 227524]   INFO - snapshot.SnapshotInputMappings - Snapshot mappings stats for java.binary.plus.expression. requests: 0, hits: 0, misses: 0 
2020-08-11 10:02:47,511 [ 227524]   INFO - snapshot.SnapshotInputMappings - Snapshot mappings stats for java.fun.expression. requests: 0, hits: 0, misses: 0 
2020-08-11 10:02:47,511 [ 227524]   INFO - snapshot.SnapshotInputMappings - Snapshot mappings stats for java.null.method.argument. requests: 0, hits: 0, misses: 0 
2020-08-11 10:02:47,511 [ 227524]   INFO - snapshot.SnapshotInputMappings - Snapshot mappings stats for bytecodeAnalysis. requests: 0, hits: 0, misses: 0 
2020-08-11 10:02:47,511 [ 227524]   INFO - snapshot.SnapshotInputMappings - Snapshot mappings stats for Trigram.Index. requests: 220, hits: 6, misses: 214 
2020-08-11 10:02:47,511 [ 227524]   INFO - snapshot.SnapshotInputMappings - Snapshot mappings stats for IdIndex. requests: 212, hits: 6, misses: 206 
2020-08-11 10:02:47,511 [ 227524]   INFO - snapshot.SnapshotInputMappings - Snapshot mappings stats for TodoIndex. requests: 1, hits: 0, misses: 1 
2020-08-11 10:02:47,513 [ 227526]   INFO - penapi.project.DumbServiceImpl - updateFinished 
2020-08-11 10:02:47,516 [ 227529]   INFO - g.FileBasedIndexProjectHandler - Has changed files: false; project=Project(name=sample project, containerState=ACTIVE, componentStore=/home/arthur-kamau/Development/Stratos/compiler/tooling/intellij/sample project) 
2020-08-11 10:02:48,014 [ 228027]   INFO - pl.ProjectRootManagerComponent - project roots have changed (trace_hash = 1427822418) 
java.lang.Throwable
	at com.intellij.openapi.roots.impl.ProjectRootManagerComponent.synchronizeRoots(ProjectRootManagerComponent.java:306)
	at com.intellij.openapi.roots.impl.ProjectRootManagerComponent.fireRootsChangedEvent(ProjectRootManagerComponent.java:210)
	at com.intellij.openapi.roots.impl.ProjectRootManagerImpl.fireRootsChanged(ProjectRootManagerImpl.java:428)
	at com.intellij.openapi.roots.impl.ProjectRootManagerImpl.access$200(ProjectRootManagerImpl.java:37)
	at com.intellij.openapi.roots.impl.ProjectRootManagerImpl$BatchSession.rootsChanged(ProjectRootManagerImpl.java:96)
	at com.intellij.openapi.roots.impl.ProjectRootManagerImpl.makeRootsChange(ProjectRootManagerImpl.java:371)
	at com.intellij.openapi.module.impl.ModuleManagerImpl.commitModel(ModuleManagerImpl.java:1028)
	at com.intellij.openapi.module.impl.ModuleManagerImpl.access$1600(ModuleManagerImpl.java:72)
	at com.intellij.openapi.module.impl.ModuleManagerImpl$ModuleModelImpl.commitWithRunnable(ModuleManagerImpl.java:928)
	at com.intellij.openapi.module.impl.ModuleManagerImpl$ModuleModelImpl.access$1200(ModuleManagerImpl.java:693)
	at com.intellij.openapi.module.impl.ModuleManagerImpl.commitModelWithRunnable(ModuleManagerImpl.java:680)
	at com.intellij.openapi.roots.impl.ModifiableModelCommitterServiceImpl.multiCommit(ModifiableModelCommitterServiceImpl.java:34)
	at com.intellij.openapi.roots.impl.ModifiableModelCommitter.multiCommit(ModifiableModelCommitter.java:20)
	at com.intellij.openapi.module.impl.ModuleManagerImpl$ModuleModelImpl.commit(ModuleManagerImpl.java:924)
	at com.intellij.ide.util.projectWizard.importSources.impl.ProjectFromSourcesBuilderImpl.lambda$commit$1(ProjectFromSourcesBuilderImpl.java:202)
	at com.intellij.openapi.application.WriteAction.run(WriteAction.java:102)
	at com.intellij.ide.util.projectWizard.importSources.impl.ProjectFromSourcesBuilderImpl.commit(ProjectFromSourcesBuilderImpl.java:183)
	at com.intellij.ide.util.projectWizard.ProjectBuilder.commit(ProjectBuilder.java:25)
	at com.intellij.ide.SetupJavaProjectFromSourcesActivity$setupFromSources$1.run(SetupJavaProjectFromSourcesActivity.kt:174)
	at com.intellij.openapi.application.TransactionGuardImpl$2.run(TransactionGuardImpl.java:201)
	at com.intellij.openapi.application.impl.ApplicationImpl.runIntendedWriteActionOnCurrentThread(ApplicationImpl.java:802)
	at com.intellij.openapi.application.impl.ApplicationImpl.lambda$invokeAndWait$8(ApplicationImpl.java:475)
	at com.intellij.openapi.application.impl.LaterInvocator$1.run(LaterInvocator.java:126)
	at com.intellij.openapi.application.impl.FlushQueue.doRun(FlushQueue.java:84)
	at com.intellij.openapi.application.impl.FlushQueue.runNextEvent(FlushQueue.java:132)
	at com.intellij.openapi.application.impl.FlushQueue.flushNow(FlushQueue.java:47)
	at com.intellij.openapi.application.impl.FlushQueue$FlushNow.run(FlushQueue.java:188)
	at java.desktop/java.awt.event.InvocationEvent.dispatch(InvocationEvent.java:313)
	at java.desktop/java.awt.EventQueue.dispatchEventImpl(EventQueue.java:776)
	at java.desktop/java.awt.EventQueue$4.run(EventQueue.java:727)
	at java.desktop/java.awt.EventQueue$4.run(EventQueue.java:721)
	at java.base/java.security.AccessController.doPrivileged(Native Method)
	at java.base/java.security.ProtectionDomain$JavaSecurityAccessImpl.doIntersectionPrivilege(ProtectionDomain.java:85)
	at java.desktop/java.awt.EventQueue.dispatchEvent(EventQueue.java:746)
	at com.intellij.ide.IdeEventQueue.defaultDispatchEvent(IdeEventQueue.java:967)
	at com.intellij.ide.IdeEventQueue._dispatchEvent(IdeEventQueue.java:839)
	at com.intellij.ide.IdeEventQueue.lambda$dispatchEvent$8(IdeEventQueue.java:450)
	at com.intellij.openapi.progress.impl.CoreProgressManager.computePrioritized(CoreProgressManager.java:744)
	at com.intellij.ide.IdeEventQueue.lambda$dispatchEvent$9(IdeEventQueue.java:449)
	at com.intellij.openapi.application.impl.ApplicationImpl.runIntendedWriteActionOnCurrentThread(ApplicationImpl.java:802)
	at com.intellij.ide.IdeEventQueue.dispatchEvent(IdeEventQueue.java:497)
	at java.desktop/java.awt.EventDispatchThread.pumpOneEventForFilters(EventDispatchThread.java:203)
	at java.desktop/java.awt.EventDispatchThread.pumpEventsForFilter(EventDispatchThread.java:124)
	at java.desktop/java.awt.EventDispatchThread.pumpEventsForHierarchy(EventDispatchThread.java:113)
	at java.desktop/java.awt.EventDispatchThread.pumpEvents(EventDispatchThread.java:109)
	at java.desktop/java.awt.EventDispatchThread.pumpEvents(EventDispatchThread.java:101)
	at java.desktop/java.awt.EventDispatchThread.run(EventDispatchThread.java:90)
2020-08-11 10:02:48,059 [ 228072]   INFO - roject.DumbServiceGuiTaskQueue - Running dumb mode task: com.android.tools.idea.res.ResourceFolderRepositoryFileCacheImpl$PruneTask@35801566 
2020-08-11 10:02:48,061 [ 228074]   INFO - roject.DumbServiceGuiTaskQueue - Running dumb mode task: com.android.tools.idea.res.ResourceFolderRepositoryFileCacheImpl$ManageLruProjectFilesTask@22e021 
2020-08-11 10:02:48,062 [ 228075]   INFO - roject.DumbServiceGuiTaskQueue - Running dumb mode task: com.intellij.util.indexing.UnindexedFilesUpdater@3aa2cc2 
2020-08-11 10:02:48,062 [ 228075]   INFO - .diagnostic.PerformanceWatcher - Pushing properties took 0ms; general responsiveness: ok; EDT responsiveness: ok 
2020-08-11 10:02:48,067 [ 228080]   INFO - .diagnostic.PerformanceWatcher - Indexable file iteration took 4ms; general responsiveness: ok; EDT responsiveness: ok 
2020-08-11 10:02:48,068 [ 228081]   INFO - indexing.UnindexedFilesUpdater - Unindexed files update started: 0 files to index 
2020-08-11 10:02:48,184 [ 228197]   INFO - penapi.project.DumbServiceImpl - updateFinished 
2020-08-11 10:02:48,185 [ 228198]   INFO - g.FileBasedIndexProjectHandler - Has changed files: false; project=Project(name=sample project, containerState=ACTIVE, componentStore=/home/arthur-kamau/Development/Stratos/compiler/tooling/intellij/sample project) 
2020-08-11 10:02:48,193 [ 228206]   INFO - ots.impl.jdkDownloader.JdkAuto - Looking for a local SDK for JDK with name SdkLookup{JDK, com.intellij.openapi.roots.ui.configuration.SdkLookupImpl$continueSdkLookupWithSuggestions$unknownSdk$1$$special$$inlined$let$lambda$1@1be7e0fb } 
2020-08-11 10:02:48,255 [ 228268]   INFO - roject.DumbServiceGuiTaskQueue - Running dumb mode task: com.android.tools.idea.res.ResourceFolderRegistry$PopulateCachesTask@4e02b8a1 
2020-08-11 10:02:48,368 [ 228381]   WARN - ernallyAddedFilesProcessorImpl - Cannot find project config directory for non-default and non-directory based project sample project 
2020-08-11 10:02:49,080 [ 229093]   INFO - ctRoots.impl.UnknownSdkTracker - Automatically set Sdk SdkLookup{JDK, com.intellij.openapi.roots.ui.configuration.SdkLookupImpl$continueSdkLookupWithSuggestions$unknownSdk$1$$special$$inlined$let$lambda$1@1be7e0fb } to /usr/lib/jvm/java-1.11.0-openjdk-amd64 
2020-08-11 10:02:49,112 [ 229125]   INFO - roject.DumbServiceGuiTaskQueue - Running dumb mode task: com.intellij.openapi.roots.impl.PushedFilePropertiesUpdaterImpl$3@5a9229a5 
2020-08-11 10:02:49,246 [ 229259]   INFO - pl.ProjectRootManagerComponent - project roots have changed (trace_hash = 801073743) 
java.lang.Throwable
	at com.intellij.openapi.roots.impl.ProjectRootManagerComponent.synchronizeRoots(ProjectRootManagerComponent.java:306)
	at com.intellij.openapi.roots.impl.ProjectRootManagerComponent.fireRootsChangedEvent(ProjectRootManagerComponent.java:210)
	at com.intellij.openapi.roots.impl.ProjectRootManagerImpl.fireRootsChanged(ProjectRootManagerImpl.java:428)
	at com.intellij.openapi.roots.impl.ProjectRootManagerImpl.access$200(ProjectRootManagerImpl.java:37)
	at com.intellij.openapi.roots.impl.ProjectRootManagerImpl$BatchSession.rootsChanged(ProjectRootManagerImpl.java:96)
	at com.intellij.openapi.roots.impl.ProjectRootManagerImpl.mergeRootsChangesDuring(ProjectRootManagerImpl.java:338)
	at com.intellij.openapi.roots.impl.ProjectRootManagerImpl.projectJdkChanged(ProjectRootManagerImpl.java:233)
	at com.intellij.openapi.roots.impl.ProjectRootManagerImpl.setProjectSdk(ProjectRootManagerImpl.java:228)
	at com.intellij.ide.impl.NewProjectUtil.applyJdkToProject(NewProjectUtil.java:200)
	at com.intellij.ide.SetupJavaProjectFromSourcesActivity$findAndSetupJdk$4.run(SetupJavaProjectFromSourcesActivity.kt:205)
	at com.intellij.openapi.application.WriteAction.lambda$runAndWait$1(WriteAction.java:133)
	at com.intellij.openapi.application.impl.ApplicationImpl.runWriteActionWithClass(ApplicationImpl.java:968)
	at com.intellij.openapi.application.impl.ApplicationImpl.runWriteAction(ApplicationImpl.java:994)
	at com.intellij.openapi.application.WriteAction.compute(WriteAction.java:114)
	at com.intellij.openapi.application.WriteAction.lambda$computeAndWait$2(WriteAction.java:163)
	at com.intellij.openapi.application.WriteThread.lambda$submit$0(WriteThread.java:27)
	at com.intellij.openapi.application.WriteThread.lambda$submit$1(WriteThread.java:44)
	at com.intellij.openapi.application.TransactionGuardImpl$2.run(TransactionGuardImpl.java:201)
	at com.intellij.openapi.application.impl.ApplicationImpl.runIntendedWriteActionOnCurrentThread(ApplicationImpl.java:802)
	at com.intellij.openapi.application.impl.ApplicationImpl.lambda$invokeLaterOnWriteThread$11(ApplicationImpl.java:791)
	at com.intellij.openapi.application.impl.FlushQueue.doRun(FlushQueue.java:84)
	at com.intellij.openapi.application.impl.FlushQueue.runNextEvent(FlushQueue.java:132)
	at com.intellij.openapi.application.impl.FlushQueue.flushNow(FlushQueue.java:47)
	at com.intellij.openapi.application.impl.FlushQueue$FlushNow.run(FlushQueue.java:188)
	at java.desktop/java.awt.event.InvocationEvent.dispatch(InvocationEvent.java:313)
	at java.desktop/java.awt.EventQueue.dispatchEventImpl(EventQueue.java:776)
	at java.desktop/java.awt.EventQueue$4.run(EventQueue.java:727)
	at java.desktop/java.awt.EventQueue$4.run(EventQueue.java:721)
	at java.base/java.security.AccessController.doPrivileged(Native Method)
	at java.base/java.security.ProtectionDomain$JavaSecurityAccessImpl.doIntersectionPrivilege(ProtectionDomain.java:85)
	at java.desktop/java.awt.EventQueue.dispatchEvent(EventQueue.java:746)
	at com.intellij.ide.IdeEventQueue.defaultDispatchEvent(IdeEventQueue.java:967)
	at com.intellij.ide.IdeEventQueue._dispatchEvent(IdeEventQueue.java:839)
	at com.intellij.ide.IdeEventQueue.lambda$dispatchEvent$8(IdeEventQueue.java:450)
	at com.intellij.openapi.progress.impl.CoreProgressManager.computePrioritized(CoreProgressManager.java:744)
	at com.intellij.ide.IdeEventQueue.lambda$dispatchEvent$9(IdeEventQueue.java:449)
	at com.intellij.openapi.application.impl.ApplicationImpl.runIntendedWriteActionOnCurrentThread(ApplicationImpl.java:802)
	at com.intellij.ide.IdeEventQueue.dispatchEvent(IdeEventQueue.java:497)
	at java.desktop/java.awt.EventDispatchThread.pumpOneEventForFilters(EventDispatchThread.java:203)
	at java.desktop/java.awt.EventDispatchThread.pumpEventsForFilter(EventDispatchThread.java:124)
	at java.desktop/java.awt.EventDispatchThread.pumpEventsForHierarchy(EventDispatchThread.java:113)
	at java.desktop/java.awt.EventDispatchThread.pumpEvents(EventDispatchThread.java:109)
	at java.desktop/java.awt.EventDispatchThread.pumpEvents(EventDispatchThread.java:101)
	at java.desktop/java.awt.EventDispatchThread.run(EventDispatchThread.java:90)
2020-08-11 10:02:49,371 [ 229384]   WARN - .intellij.diagnostic.VMOptions - VM options file not configured 
2020-08-11 10:02:49,371 [ 229384]   INFO - gnostic.MemorySizeConfigurator - Physical memory 11899M, minimum memory size 256M, -Xmx adjusted from 512M to 1487M 
2020-08-11 10:02:49,457 [ 229470]   INFO - roject.DumbServiceGuiTaskQueue - Running dumb mode task: com.intellij.util.indexing.UnindexedFilesUpdater@1cd2e4f7 
2020-08-11 10:02:49,460 [ 229473]   INFO - .diagnostic.PerformanceWatcher - Pushing properties took 0ms; general responsiveness: ok; EDT responsiveness: ok 
2020-08-11 10:02:52,333 [ 232346]   WARN - com.intellij.util.xmlb.Binding - no accessors for org.jetbrains.kotlin.idea.highlighter.KotlinDefaultHighlightingSettingsProvider 
2020-08-11 10:02:54,388 [ 234401]   INFO - .diagnostic.PerformanceWatcher - Indexable file iteration took 4927ms; general responsiveness: ok; EDT responsiveness: 1/5 sluggish 
2020-08-11 10:02:54,389 [ 234402]   INFO - indexing.UnindexedFilesUpdater - Unindexed files update started: 30745 files to index 
2020-08-11 10:02:54,389 [ 234402]   INFO - indexing.UnindexedFilesUpdater - Using 3 threads for indexing 
2020-08-11 10:02:54,449 [ 234462]   WARN - ernallyAddedFilesProcessorImpl - Cannot find project config directory for non-default and non-directory based project sample project 
2020-08-11 10:03:08,092 [ 248105]   WARN - ion.impl.NotificationCollector - Notification group 'Heap Dump Analysis' is already registered in whitelist 
2020-08-11 10:03:08,092 [ 248105]   WARN - ion.impl.NotificationCollector - Notification group 'Low Memory' is already registered in whitelist 
2020-08-11 10:03:19,330 [ 259343]   INFO - .diagnostic.PerformanceWatcher - Unindexed files update took 24941ms; general responsiveness: ok; EDT responsiveness: 1/25 sluggish 
2020-08-11 10:03:19,330 [ 259343]   INFO - snapshot.SnapshotInputMappings - Snapshot mappings stats for java.binary.plus.expression. requests: 0, hits: 0, misses: 0 
2020-08-11 10:03:19,330 [ 259343]   INFO - snapshot.SnapshotInputMappings - Snapshot mappings stats for java.fun.expression. requests: 0, hits: 0, misses: 0 
2020-08-11 10:03:19,330 [ 259343]   INFO - snapshot.SnapshotInputMappings - Snapshot mappings stats for java.null.method.argument. requests: 0, hits: 0, misses: 0 
2020-08-11 10:03:19,330 [ 259343]   INFO - snapshot.SnapshotInputMappings - Snapshot mappings stats for bytecodeAnalysis. requests: 30369, hits: 0, misses: 30369 
2020-08-11 10:03:19,330 [ 259343]   INFO - snapshot.SnapshotInputMappings - Snapshot mappings stats for Trigram.Index. requests: 596, hits: 6, misses: 590 
2020-08-11 10:03:19,330 [ 259343]   INFO - snapshot.SnapshotInputMappings - Snapshot mappings stats for IdIndex. requests: 588, hits: 6, misses: 582 
2020-08-11 10:03:19,330 [ 259343]   INFO - snapshot.SnapshotInputMappings - Snapshot mappings stats for TodoIndex. requests: 1, hits: 0, misses: 1 
2020-08-11 10:03:19,330 [ 259343]   INFO - roject.DumbServiceGuiTaskQueue - Running dumb mode task: com.intellij.openapi.roots.impl.PushedFilePropertiesUpdaterImpl$3@65e679b3 
2020-08-11 10:03:19,331 [ 259344]   INFO - penapi.project.DumbServiceImpl - updateFinished 
2020-08-11 10:03:19,332 [ 259345]   INFO - g.FileBasedIndexProjectHandler - Has changed files: false; project=Project(name=sample project, containerState=ACTIVE, componentStore=/home/arthur-kamau/Development/Stratos/compiler/tooling/intellij/sample project) 
2020-08-11 10:03:19,637 [ 259650]   INFO - CompilerWorkspaceConfiguration - Available processors: 4 
2020-08-11 10:03:25,288 [ 265301]   INFO - ta.index.VcsLogPersistentIndex - Indexing full repository in compiler 
2020-08-11 10:03:29,390 [ 269403]   INFO - ta.index.VcsLogPersistentIndex - 4.101s for indexing 20 commits in compiler 
2020-08-11 10:14:09,750 [ 909763]   INFO - roject.DumbServiceGuiTaskQueue - Running dumb mode task: com.intellij.openapi.roots.impl.PushedFilePropertiesUpdaterImpl$3@78469ce0 
2020-08-11 10:14:09,755 [ 909768]   INFO - penapi.project.DumbServiceImpl - updateFinished 
2020-08-11 10:14:09,757 [ 909770]   INFO - g.FileBasedIndexProjectHandler - Has changed files: false; project=Project(name=sample project, containerState=ACTIVE, componentStore=/home/arthur-kamau/Development/Stratos/compiler/tooling/intellij/sample project) 
2020-08-11 10:14:15,918 [ 915931]   INFO - rationStore.ComponentStoreImpl - Saving appVisualizationTool took 25 ms 
2020-08-11 10:14:16,195 [ 916208]   WARN - com.intellij.util.xmlb.Binding - no accessors for org.jetbrains.kotlin.idea.scripting.gradle.GradleScriptInputsWatcher$Storage 
2020-08-11 10:14:16,215 [ 916228]   WARN - com.intellij.util.xmlb.Binding - no accessors for org.jetbrains.kotlin.idea.core.script.configuration.utils.ScriptClassRootsStorage 
2020-08-11 10:14:16,252 [ 916265]   INFO - rationStore.ComponentStoreImpl - Saving Project(name=sample project, containerState=ACTIVE, componentStore=/home/arthur-kamau/Development/Stratos/compiler/tooling/intellij/sample project)ChangeListManager took 43 ms, Git.Settings took 16 ms, XDebuggerManager took 18 ms 
2020-08-11 10:14:25,675 [ 925688]   INFO - rationStore.ComponentStoreImpl - Saving appDebuggerSettings took 37 ms, FileTypeManager took 24 ms 
2020-08-11 10:20:38,671 [1298684]   INFO - roject.DumbServiceGuiTaskQueue - Running dumb mode task: com.intellij.openapi.roots.impl.PushedFilePropertiesUpdaterImpl$3@75974706 
2020-08-11 10:20:38,727 [1298740]   INFO - penapi.project.DumbServiceImpl - updateFinished 
2020-08-11 10:20:38,727 [1298740]   INFO - g.FileBasedIndexProjectHandler - Has changed files: false; project=Project(name=sample project, containerState=ACTIVE, componentStore=/home/arthur-kamau/Development/Stratos/compiler/tooling/intellij/sample project) 
2020-08-11 10:21:43,353 [1363366]   INFO - .impl.FileTypeDetectionService - 552 auto-detected files. Detection took 560 ms 
2020-08-11 10:21:43,371 [1363384]   INFO - org.jetbrains.io.BuiltInServer - web server stopped 
2020-08-11 10:21:43,377 [1363390]   INFO - il.indexing.FileBasedIndexImpl - START INDEX SHUTDOWN 
2020-08-11 10:21:43,462 [1363475]   INFO - pl.local.NativeFileWatcherImpl - Watcher terminated with exit code 0 
2020-08-11 10:21:43,518 [1363531]   INFO - tellij.psi.stubs.StubIndexImpl - StubIndexExtension-s were unloaded 
2020-08-11 10:21:43,551 [1363564]   INFO - il.indexing.FileBasedIndexImpl - END INDEX SHUTDOWN 
2020-08-11 10:21:43,552 [1363565]   INFO - newvfs.persistent.PersistentFS - VFS dispose started 
2020-08-11 10:21:43,557 [1363570]   INFO - newvfs.persistent.PersistentFS - VFS dispose completed 
2020-08-11 10:21:43,558 [1363571]   INFO - stubs.SerializationManagerImpl - Start shutting down /home/arthur-kamau/Development/Stratos/compiler/tooling/intellij/stratos-language/build/idea-sandbox/system/index/rep.names 
2020-08-11 10:21:43,559 [1363572]   INFO - stubs.SerializationManagerImpl - Finished shutting down /home/arthur-kamau/Development/Stratos/compiler/tooling/intellij/stratos-language/build/idea-sandbox/system/index/rep.names 
2020-08-11 10:21:43,561 [1363574]   INFO - plication.impl.ApplicationImpl - Write action Statistics:
Event number:     48
Total time spent: 1394ms
Average duration: 29ms
Median  duration: 11ms
Max     duration: 222ms (it was 'write action (class com.intellij.configurationStore.ProjectSaveSessionProducerManager$saveWithAdditionalSaveSessions$$inlined$withEdtContext$1$lambda$1)') 
2020-08-11 10:21:43,563 [1363576]   INFO - plication.impl.ApplicationImpl - AnAction.update() Statistics:
Event number:     4358
Total time spent: 602ms
Average duration: 0ms
Median  duration: 0ms
Max     duration: 122ms (it was 'Rename... action update (class com.intellij.refactoring.actions.RenameElementAction)') 
2020-08-11 10:21:43,563 [1363576]   INFO - plication.impl.ApplicationImpl - Global instance threads created counter = 37; ProcessIOExecutorService threads: 12 
2020-08-11 10:21:43,589 [1363602]   INFO -        #com.intellij.idea.Main - ------------------------------------------------------ IDE SHUTDOWN ------------------------------------------------------ 
2020-08-11 10:21:43,595 [1363608]   INFO - org.jetbrains.io.BuiltInServer - web server stopped 
