{"recorder_version":"40","session":"716c9ed56316","build":"201.7223.91","bucket":"18","time":1596028690863,"group":{"id":"system.java","version":"1"},"event":{"state":true,"data":{"created":1596028695933,"version":"validation.undefined_rule"},"id":"validation.undefined_rule"}}
{"recorder_version":"40","session":"716c9ed56316","build":"201.7223.91","bucket":"18","time":1596028690865,"group":{"id":"system.java","version":"1"},"event":{"state":true,"data":{"created":1596028695936},"id":"invoked"}}
{"recorder_version":"40","session":"716c9ed56316","build":"201.7223.91","bucket":"18","time":1596028691202,"group":{"id":"settings","version":"4"},"event":{"state":true,"data":{"component":"UISettings","created":1596028695953},"id":"invoked"}}
{"recorder_version":"40","session":"716c9ed56316","build":"201.7223.91","bucket":"18","time":1596028691202,"group":{"id":"settings","version":"4"},"event":{"state":true,"data":{"component":"NotRoamableUiSettings","created":1596028695954},"id":"invoked"}}
{"recorder_version":"40","session":"716c9ed56316","build":"201.7223.91","bucket":"18","time":1596028691399,"group":{"id":"system.os","version":"3"},"event":{"state":true,"data":{"release":"ubuntu","created":1596028695954,"version":"20.4"},"id":"Linux"}}
{"recorder_version":"40","session":"716c9ed56316","build":"201.7223.91","bucket":"18","time":1596028691399,"group":{"id":"system.os","version":"3"},"event":{"state":true,"data":{"release":"ubuntu","created":1596028695955,"name":"Linux","version":"20.4"},"id":"os.name"}}
{"recorder_version":"40","session":"716c9ed56316","build":"201.7223.91","bucket":"18","time":1596028691399,"group":{"id":"system.os","version":"3"},"event":{"state":true,"data":{"created":1596028695955,"value":"+03_00"},"id":"os.timezone"}}
{"recorder_version":"40","session":"716c9ed56316","build":"201.7223.91","bucket":"18","time":1596028691399,"group":{"id":"system.os","version":"3"},"event":{"state":true,"data":{"created":1596028695955},"id":"invoked"}}
{"recorder_version":"40","session":"716c9ed56316","build":"201.7223.91","bucket":"18","time":1596028692109,"group":{"id":"settings","version":"4"},"event":{"state":true,"data":{"component":"GeneralSettings","created":1596028695956},"id":"invoked"}}
{"recorder_version":"40","session":"716c9ed56316","build":"201.7223.91","bucket":"18","time":1596028693219,"group":{"id":"settings","version":"4"},"event":{"state":true,"data":{"component":"DefaultFont","created":1596028695956},"id":"invoked"}}
{"recorder_version":"40","session":"716c9ed56316","build":"201.7223.91","bucket":"18","time":1596028695814,"group":{"id":"event.log","version":"40"},"event":{"count":1,"data":{"created":1596028695956,"version":"1370.0"},"id":"whitelist.loaded"}}
{"recorder_version":"40","session":"716c9ed56316","build":"201.7223.91","bucket":"18","time":1596028702064,"group":{"id":"settings","version":"4"},"event":{"state":true,"data":{"component":"UpdatesConfigurable","created":1596028702064,"name":"checkNeeded","type":"bool","value":false},"id":"not.default"}}
{"recorder_version":"40","session":"716c9ed56316","build":"201.7223.91","bucket":"18","time":1596028702064,"group":{"id":"settings","version":"4"},"event":{"state":true,"data":{"component":"UpdatesConfigurable","created":1596028702066,"name":"hoursSinceLastCheck","type":"int","value":-1},"id":"not.default"}}
{"recorder_version":"40","session":"716c9ed56316","build":"201.7223.91","bucket":"18","time":1596028702064,"group":{"id":"settings","version":"4"},"event":{"state":true,"data":{"component":"UpdatesConfigurable","created":1596028702067},"id":"invoked"}}
{"recorder_version":"40","session":"716c9ed56316","build":"201.7223.91","bucket":"18","time":1596028702930,"group":{"id":"performance","version":"40"},"event":{"count":1,"data":{"duration_ms":12091,"created":1596028702930},"id":"ui.latency"}}
{"recorder_version":"40","session":"716c9ed56316","build":"201.7223.91","bucket":"18","time":1596028702930,"group":{"id":"performance","version":"40"},"event":{"count":1,"data":{"duration_ms":12091,"created":1596028702931},"id":"ui.lagging"}}
{"recorder_version":"40","session":"716c9ed56316","build":"201.7223.91","bucket":"18","time":1596028702932,"group":{"id":"performance","version":"40"},"event":{"count":1,"data":{"duration_ms":11364,"created":1596028702932},"id":"ui.lagging"}}
{"recorder_version":"40","session":"716c9ed56316","build":"201.7223.91","bucket":"18","time":1596028702932,"group":{"id":"performance","version":"40"},"event":{"count":1,"data":{"duration_ms":10364,"created":1596028702932},"id":"ui.lagging"}}
{"recorder_version":"40","session":"716c9ed56316","build":"201.7223.91","bucket":"18","time":1596028702932,"group":{"id":"performance","version":"40"},"event":{"count":1,"data":{"duration_ms":9363,"created":1596028702933},"id":"ui.lagging"}}
{"recorder_version":"40","session":"716c9ed56316","build":"201.7223.91","bucket":"18","time":1596028702932,"group":{"id":"performance","version":"40"},"event":{"count":1,"data":{"duration_ms":8064,"created":1596028702933},"id":"ui.lagging"}}
{"recorder_version":"40","session":"716c9ed56316","build":"201.7223.91","bucket":"18","time":1596028702933,"group":{"id":"performance","version":"40"},"event":{"count":1,"data":{"duration_ms":7008,"created":1596028702933},"id":"ui.lagging"}}
{"recorder_version":"40","session":"716c9ed56316","build":"201.7223.91","bucket":"18","time":1596028702934,"group":{"id":"performance","version":"40"},"event":{"count":1,"data":{"duration_ms":6009,"created":1596028702934},"id":"ui.lagging"}}
{"recorder_version":"40","session":"716c9ed56316","build":"201.7223.91","bucket":"18","time":1596028702934,"group":{"id":"performance","version":"40"},"event":{"count":1,"data":{"duration_ms":5009,"created":1596028702934},"id":"ui.lagging"}}
{"recorder_version":"40","session":"716c9ed56316","build":"201.7223.91","bucket":"18","time":1596028702936,"group":{"id":"performance","version":"40"},"event":{"count":1,"data":{"duration_ms":4010,"created":1596028702936},"id":"ui.lagging"}}
{"recorder_version":"40","session":"716c9ed56316","build":"201.7223.91","bucket":"18","time":1596028702936,"group":{"id":"performance","version":"40"},"event":{"count":1,"data":{"duration_ms":3010,"created":1596028702936},"id":"ui.lagging"}}
{"recorder_version":"40","session":"716c9ed56316","build":"201.7223.91","bucket":"18","time":1596028702936,"group":{"id":"performance","version":"40"},"event":{"count":1,"data":{"duration_ms":2010,"created":1596028702937},"id":"ui.lagging"}}
{"recorder_version":"40","session":"716c9ed56316","build":"201.7223.91","bucket":"18","time":1596028702937,"group":{"id":"performance","version":"40"},"event":{"count":1,"data":{"duration_ms":1010,"created":1596028702937},"id":"ui.lagging"}}
{"recorder_version":"40","session":"716c9ed56316","build":"201.7223.91","bucket":"18","time":1596028710375,"group":{"id":"settings","version":"4"},"event":{"state":true,"data":{"component":"JsonEditorOptions","created":1596028710423},"id":"invoked"}}
{"recorder_version":"40","session":"716c9ed56316","build":"201.7223.91","bucket":"18","time":1596028710883,"group":{"id":"settings","version":"4"},"event":{"state":true,"data":{"component":"XmlEditorOptions","created":1596028710985},"id":"invoked"}}
{"recorder_version":"40","session":"716c9ed56316","build":"201.7223.91","bucket":"18","time":1596028712112,"group":{"id":"settings","version":"4"},"event":{"state":true,"data":{"component":"CodeFoldingSettings","created":1596028712112},"id":"invoked"}}
{"recorder_version":"40","session":"716c9ed56316","build":"201.7223.91","bucket":"18","time":1596028712112,"group":{"id":"settings","version":"4"},"event":{"state":true,"data":{"component":"CodeFoldingSettings","created":1596028712112},"id":"invoked"}}
{"recorder_version":"40","session":"716c9ed56316","build":"201.7223.91","bucket":"18","time":1596028712132,"group":{"id":"settings","version":"4"},"event":{"state":true,"data":{"component":"XmlFoldingSettings","created":1596028712132},"id":"invoked"}}
{"recorder_version":"40","session":"716c9ed56316","build":"201.7223.91","bucket":"18","time":1596028712132,"group":{"id":"settings","version":"4"},"event":{"state":true,"data":{"component":"XmlFoldingSettings","created":1596028712133},"id":"invoked"}}
{"recorder_version":"40","session":"716c9ed56316","build":"201.7223.91","bucket":"18","time":1596028712253,"group":{"id":"settings","version":"4"},"event":{"state":true,"data":{"component":"JavaCodeFoldingSettings","created":1596028712253},"id":"invoked"}}
{"recorder_version":"40","session":"716c9ed56316","build":"201.7223.91","bucket":"18","time":1596028712253,"group":{"id":"settings","version":"4"},"event":{"state":true,"data":{"component":"JavaCodeFoldingSettings","created":1596028712254},"id":"invoked"}}
{"recorder_version":"40","session":"716c9ed56316","build":"201.7223.91","bucket":"18","time":1596028724052,"group":{"id":"lifecycle","version":"40"},"event":{"count":1,"data":{"internal":true,"eap":false,"created":1596028724052},"id":"ide.start"}}
{"recorder_version":"40","session":"716c9ed56316","build":"201.7223.91","bucket":"18","time":1596028724466,"group":{"id":"performance","version":"40"},"event":{"count":1,"data":{"duration_ms":474,"created":1596028724466},"id":"ui.lagging"}}
{"recorder_version":"40","session":"716c9ed56316","build":"201.7223.91","bucket":"18","time":1596028738156,"group":{"id":"settings","version":"4"},"event":{"state":true,"data":{"component":"VcsApplicationSettings","created":1596028738156},"id":"invoked"}}
{"recorder_version":"40","session":"716c9ed56316","build":"201.7223.91","bucket":"18","time":1596028739250,"group":{"id":"actions","version":"40"},"event":{"count":1,"data":{"context_menu":false,"plugin_version":"201.7223.91","plugin":"com.intellij.java","action_id":"WelcomeScreen.CreateNewProject","created":1596028739251,"plugin_type":"JB_BUNDLED","place":"WelcomeScreen","class":"com.intellij.ide.actions.NewProjectAction","input_event":"MouseLeft"},"id":"action.invoked"}}
{"recorder_version":"40","session":"716c9ed56316","build":"201.7223.91","bucket":"18","time":1596028769987,"group":{"id":"lifecycle","version":"40"},"event":{"count":1,"data":{"duration_ms":30968,"created":1596028769988,"duration_grouped":"30s+"},"id":"ide.freeze"}}
{"recorder_version":"40","session":"716c9ed56316","build":"201.7223.91","bucket":"18","time":1596028770709,"group":{"id":"ui.dialogs","version":"40"},"event":{"count":1,"data":{"plugin_version":"201.7223.91","plugin":"com.intellij.java","created":1596028770710,"plugin_type":"JB_BUNDLED","dialog_class":"com.intellij.ide.projectWizard.NewProjectWizard"},"id":"show"}}
{"recorder_version":"40","session":"716c9ed56316","build":"201.7223.91","bucket":"18","time":1596028772490,"group":{"id":"performance","version":"40"},"event":{"count":1,"data":{"duration_ms":33492,"created":1596028772490},"id":"ui.lagging"}}
{"recorder_version":"40","session":"716c9ed56316","build":"201.7223.91","bucket":"18","time":1596028772601,"group":{"id":"performance","version":"40"},"event":{"count":1,"data":{"duration_ms":32602,"created":1596028772601},"id":"ui.lagging"}}
{"recorder_version":"40","session":"716c9ed56316","build":"201.7223.91","bucket":"18","time":1596028772880,"group":{"id":"performance","version":"40"},"event":{"count":1,"data":{"duration_ms":31881,"created":1596028772880},"id":"ui.lagging"}}
{"recorder_version":"40","session":"716c9ed56316","build":"201.7223.91","bucket":"18","time":1596028772880,"group":{"id":"performance","version":"40"},"event":{"count":1,"data":{"duration_ms":30881,"created":1596028772881},"id":"ui.lagging"}}
{"recorder_version":"40","session":"716c9ed56316","build":"201.7223.91","bucket":"18","time":1596028772881,"group":{"id":"performance","version":"40"},"event":{"count":1,"data":{"duration_ms":29881,"created":1596028772881},"id":"ui.lagging"}}
{"recorder_version":"40","session":"716c9ed56316","build":"201.7223.91","bucket":"18","time":1596028772881,"group":{"id":"performance","version":"40"},"event":{"count":1,"data":{"duration_ms":28881,"created":1596028772881},"id":"ui.lagging"}}
{"recorder_version":"40","session":"716c9ed56316","build":"201.7223.91","bucket":"18","time":1596028772881,"group":{"id":"performance","version":"40"},"event":{"count":1,"data":{"duration_ms":27881,"created":1596028772881},"id":"ui.lagging"}}
{"recorder_version":"40","session":"716c9ed56316","build":"201.7223.91","bucket":"18","time":1596028772881,"group":{"id":"performance","version":"40"},"event":{"count":1,"data":{"duration_ms":26881,"created":1596028772882},"id":"ui.lagging"}}
{"recorder_version":"40","session":"716c9ed56316","build":"201.7223.91","bucket":"18","time":1596028772882,"group":{"id":"performance","version":"40"},"event":{"count":1,"data":{"duration_ms":25881,"created":1596028772882},"id":"ui.lagging"}}
{"recorder_version":"40","session":"716c9ed56316","build":"201.7223.91","bucket":"18","time":1596028772882,"group":{"id":"performance","version":"40"},"event":{"count":1,"data":{"duration_ms":24877,"created":1596028772882},"id":"ui.lagging"}}
{"recorder_version":"40","session":"716c9ed56316","build":"201.7223.91","bucket":"18","time":1596028772882,"group":{"id":"performance","version":"40"},"event":{"count":1,"data":{"duration_ms":23877,"created":1596028772882},"id":"ui.lagging"}}
{"recorder_version":"40","session":"716c9ed56316","build":"201.7223.91","bucket":"18","time":1596028772889,"group":{"id":"performance","version":"40"},"event":{"count":1,"data":{"duration_ms":22866,"created":1596028772889},"id":"ui.lagging"}}
{"recorder_version":"40","session":"716c9ed56316","build":"201.7223.91","bucket":"18","time":1596028772899,"group":{"id":"performance","version":"40"},"event":{"count":1,"data":{"duration_ms":21870,"created":1596028772899},"id":"ui.lagging"}}
{"recorder_version":"40","session":"716c9ed56316","build":"201.7223.91","bucket":"18","time":1596028772899,"group":{"id":"performance","version":"40"},"event":{"count":1,"data":{"duration_ms":20875,"created":1596028772899},"id":"ui.lagging"}}
{"recorder_version":"40","session":"716c9ed56316","build":"201.7223.91","bucket":"18","time":1596028772899,"group":{"id":"performance","version":"40"},"event":{"count":1,"data":{"duration_ms":19875,"created":1596028772900},"id":"ui.lagging"}}
{"recorder_version":"40","session":"716c9ed56316","build":"201.7223.91","bucket":"18","time":1596028772902,"group":{"id":"performance","version":"40"},"event":{"count":1,"data":{"duration_ms":18877,"created":1596028772902},"id":"ui.lagging"}}
{"recorder_version":"40","session":"716c9ed56316","build":"201.7223.91","bucket":"18","time":1596028772905,"group":{"id":"performance","version":"40"},"event":{"count":1,"data":{"duration_ms":17858,"created":1596028772907},"id":"ui.lagging"}}
{"recorder_version":"40","session":"716c9ed56316","build":"201.7223.91","bucket":"18","time":1596028772905,"group":{"id":"performance","version":"40"},"event":{"count":1,"data":{"duration_ms":16858,"created":1596028772907},"id":"ui.lagging"}}
{"recorder_version":"40","session":"716c9ed56316","build":"201.7223.91","bucket":"18","time":1596028772906,"group":{"id":"performance","version":"40"},"event":{"count":1,"data":{"duration_ms":15858,"created":1596028772907},"id":"ui.lagging"}}
{"recorder_version":"40","session":"716c9ed56316","build":"201.7223.91","bucket":"18","time":1596028772906,"group":{"id":"performance","version":"40"},"event":{"count":1,"data":{"duration_ms":14858,"created":1596028772907},"id":"ui.lagging"}}
{"recorder_version":"40","session":"716c9ed56316","build":"201.7223.91","bucket":"18","time":1596028772917,"group":{"id":"performance","version":"40"},"event":{"count":1,"data":{"duration_ms":13868,"created":1596028772917},"id":"ui.lagging"}}
{"recorder_version":"40","session":"716c9ed56316","build":"201.7223.91","bucket":"18","time":1596028772917,"group":{"id":"performance","version":"40"},"event":{"count":1,"data":{"duration_ms":12837,"created":1596028772917},"id":"ui.lagging"}}
{"recorder_version":"40","session":"716c9ed56316","build":"201.7223.91","bucket":"18","time":1596028772917,"group":{"id":"performance","version":"40"},"event":{"count":1,"data":{"duration_ms":11837,"created":1596028772917},"id":"ui.lagging"}}
{"recorder_version":"40","session":"716c9ed56316","build":"201.7223.91","bucket":"18","time":1596028772918,"group":{"id":"performance","version":"40"},"event":{"count":1,"data":{"duration_ms":10836,"created":1596028772918},"id":"ui.lagging"}}
{"recorder_version":"40","session":"716c9ed56316","build":"201.7223.91","bucket":"18","time":1596028772940,"group":{"id":"performance","version":"40"},"event":{"count":1,"data":{"duration_ms":9859,"created":1596028772940},"id":"ui.lagging"}}
{"recorder_version":"40","session":"716c9ed56316","build":"201.7223.91","bucket":"18","time":1596028772941,"group":{"id":"performance","version":"40"},"event":{"count":1,"data":{"duration_ms":8859,"created":1596028772941},"id":"ui.lagging"}}
{"recorder_version":"40","session":"716c9ed56316","build":"201.7223.91","bucket":"18","time":1596028772946,"group":{"id":"performance","version":"40"},"event":{"count":1,"data":{"duration_ms":7248,"created":1596028772946},"id":"ui.lagging"}}
{"recorder_version":"40","session":"716c9ed56316","build":"201.7223.91","bucket":"18","time":1596028772946,"group":{"id":"performance","version":"40"},"event":{"count":1,"data":{"duration_ms":6248,"created":1596028772946},"id":"ui.lagging"}}
{"recorder_version":"40","session":"716c9ed56316","build":"201.7223.91","bucket":"18","time":1596028772946,"group":{"id":"performance","version":"40"},"event":{"count":1,"data":{"duration_ms":5248,"created":1596028772946},"id":"ui.lagging"}}
{"recorder_version":"40","session":"716c9ed56316","build":"201.7223.91","bucket":"18","time":1596028772948,"group":{"id":"performance","version":"40"},"event":{"count":1,"data":{"duration_ms":4249,"created":1596028772948},"id":"ui.lagging"}}
{"recorder_version":"40","session":"716c9ed56316","build":"201.7223.91","bucket":"18","time":1596028772949,"group":{"id":"performance","version":"40"},"event":{"count":1,"data":{"duration_ms":3251,"created":1596028772950},"id":"ui.lagging"}}
{"recorder_version":"40","session":"716c9ed56316","build":"201.7223.91","bucket":"18","time":1596028772966,"group":{"id":"performance","version":"40"},"event":{"count":1,"data":{"duration_ms":2267,"created":1596028772974},"id":"ui.lagging"}}
{"recorder_version":"40","session":"716c9ed56316","build":"201.7223.91","bucket":"18","time":1596028772974,"group":{"id":"performance","version":"40"},"event":{"count":1,"data":{"duration_ms":1275,"created":1596028772974},"id":"ui.lagging"}}
{"recorder_version":"40","session":"716c9ed56316","build":"201.7223.91","bucket":"18","time":1596028774566,"group":{"id":"performance","version":"40"},"event":{"count":1,"data":{"duration_ms":1866,"created":1596028774569},"id":"ui.lagging"}}
{"recorder_version":"40","session":"716c9ed56316","build":"201.7223.91","bucket":"18","time":1596028774689,"group":{"id":"performance","version":"40"},"event":{"count":1,"data":{"duration_ms":989,"created":1596028774689},"id":"ui.lagging"}}
{"recorder_version":"40","session":"716c9ed56316","build":"201.7223.91","bucket":"18","time":1596028774821,"group":{"id":"performance","version":"40"},"event":{"count":1,"data":{"duration_ms":121,"created":1596028774822},"id":"ui.lagging"}}
{"recorder_version":"40","session":"716c9ed56316","build":"201.7223.91","bucket":"18","time":1596028786886,"group":{"id":"new.project.wizard","version":"1"},"event":{"count":1,"data":{"created":1596028786887,"projectType":"EMPTY_MODULE","plugin_type":"PLATFORM"},"id":"attempt"}}
{"recorder_version":"40","session":"716c9ed56316","build":"201.7223.91","bucket":"18","time":1596028786886,"group":{"id":"ui.dialogs","version":"40"},"event":{"count":1,"data":{"code":1,"plugin_version":"201.7223.91","plugin":"com.intellij.java","created":1596028786887,"plugin_type":"JB_BUNDLED","dialog_class":"com.intellij.ide.projectWizard.NewProjectWizard"},"id":"close"}}
{"recorder_version":"40","session":"716c9ed56316","build":"201.7223.91","bucket":"18","time":1596028787270,"group":{"id":"vfs","version":"2"},"event":{"count":1,"data":{"duration_ms":48218,"finish_time_ms":1596028787267,"created":1596028787274,"start_time_ms":1596028739049},"id":"refreshed"}}
{"recorder_version":"40","session":"716c9ed56316","build":"201.7223.91","bucket":"18","time":1596028788814,"group":{"id":"actions","version":"40"},"event":{"count":1,"data":{"context_menu":false,"action_id":"WelcomeScreen.OpenProject","created":1596028788814,"plugin_type":"PLATFORM","place":"WelcomeScreen","class":"com.intellij.ide.actions.OpenFileAction$OnWelcomeScreen","input_event":"MouseLeft"},"id":"action.invoked"}}
{"recorder_version":"40","session":"716c9ed56316","build":"201.7223.91","bucket":"18","time":1596028789291,"group":{"id":"ui.dialogs","version":"40"},"event":{"count":1,"data":{"created":1596028789291,"plugin_type":"PLATFORM","dialog_class":"com.intellij.openapi.fileChooser.ex.FileChooserDialogImpl"},"id":"show"}}
{"recorder_version":"40","session":"716c9ed56316","build":"201.7223.91","bucket":"18","time":1596028789850,"group":{"id":"performance","version":"40"},"event":{"count":1,"data":{"duration_ms":143,"created":1596028789850},"id":"ui.lagging"}}
{"recorder_version":"40","session":"716c9ed56316","build":"201.7223.91","bucket":"18","time":1596028799772,"group":{"id":"actions","version":"40"},"event":{"count":14,"data":{"context_menu":false,"last":1596028801789,"action_id":"Tree-selectNext","created":1596028799772,"plugin_type":"PLATFORM","place":"keyboard_shortcut","class":"com.intellij.ui.TreeActions$Down","input_event":"Down"},"id":"action.invoked"}}
{"recorder_version":"40","session":"716c9ed56316","build":"201.7223.91","bucket":"18","time":1596028803737,"group":{"id":"performance","version":"40"},"event":{"count":1,"data":{"duration_ms":0,"created":1596028803737},"id":"ui.latency"}}
{"recorder_version":"40","session":"716c9ed56316","build":"201.7223.91","bucket":"18","time":1596028808975,"group":{"id":"ui.dialogs","version":"40"},"event":{"count":1,"data":{"code":0,"created":1596028808976,"plugin_type":"PLATFORM","dialog_class":"com.intellij.openapi.fileChooser.ex.FileChooserDialogImpl"},"id":"close"}}
{"recorder_version":"40","session":"716c9ed56316","build":"201.7223.91","bucket":"18","time":1596028809892,"group":{"id":"ui.dialogs","version":"40"},"event":{"count":1,"data":{"created":1596028809892,"plugin_type":"PLATFORM","dialog_class":"com.intellij.openapi.progress.util.ProgressDialog$MyDialogWrapper"},"id":"show"}}
{"recorder_version":"40","session":"716c9ed56316","build":"201.7223.91","bucket":"18","time":1596028810014,"group":{"id":"performance","version":"40"},"event":{"count":1,"data":{"duration_ms":275,"created":1596028810016},"id":"ui.lagging"}}
{"recorder_version":"40","session":"716c9ed56316","build":"201.7223.91","bucket":"18","time":1596028820448,"group":{"id":"lifecycle","version":"40"},"event":{"count":1,"data":{"created":1596028820449,"project":"274f5384c6f39292f7d8e4180cac91c4adf4f180589189e33528c361fe946f25"},"id":"project.opened"}}
{"recorder_version":"40","session":"716c9ed56316","build":"201.7223.91","bucket":"18","time":1596028821137,"group":{"id":"performance","version":"40"},"event":{"count":1,"data":{"duration_ms":2395,"created":1596028821138},"id":"ui.lagging"}}
{"recorder_version":"40","session":"716c9ed56316","build":"201.7223.91","bucket":"18","time":1596028821149,"group":{"id":"performance","version":"40"},"event":{"count":1,"data":{"duration_ms":1407,"created":1596028821150},"id":"ui.lagging"}}
{"recorder_version":"40","session":"716c9ed56316","build":"201.7223.91","bucket":"18","time":1596028821401,"group":{"id":"lifecycle","version":"40"},"event":{"count":1,"data":{"created":1596028821401,"project":"274f5384c6f39292f7d8e4180cac91c4adf4f180589189e33528c361fe946f25"},"id":"frame.deactivated"}}
{"recorder_version":"40","session":"716c9ed56316","build":"201.7223.91","bucket":"18","time":1596028821418,"group":{"id":"performance","version":"40"},"event":{"count":1,"data":{"duration_ms":671,"created":1596028821418},"id":"ui.lagging"}}
{"recorder_version":"40","session":"716c9ed56316","build":"201.7223.91","bucket":"18","time":1596028823463,"group":{"id":"indexing","version":"2"},"event":{"count":1,"data":{"ide_activity_id":1,"created":1596028823464,"project":"274f5384c6f39292f7d8e4180cac91c4adf4f180589189e33528c361fe946f25"},"id":"started"}}
{"recorder_version":"40","session":"716c9ed56316","build":"201.7223.91","bucket":"18","time":1596028825769,"group":{"id":"project.fs","version":"1"},"event":{"state":true,"data":{"cs-project":true,"created":1596028825769,"project":"274f5384c6f39292f7d8e4180cac91c4adf4f180589189e33528c361fe946f25","cs-implicit":true,"cs-system":true},"id":"case-sensitivity"}}
{"recorder_version":"40","session":"716c9ed56316","build":"201.7223.91","bucket":"18","time":1596028825770,"group":{"id":"project.fs","version":"1"},"event":{"state":true,"data":{"created":1596028825770},"id":"invoked"}}
{"recorder_version":"40","session":"716c9ed56316","build":"201.7223.91","bucket":"18","time":1596028825773,"group":{"id":"project.fs","version":"1"},"event":{"state":true,"data":{"pct-non-watched":0,"created":1596028825773,"project":"274f5384c6f39292f7d8e4180cac91c4adf4f180589189e33528c361fe946f25"},"id":"roots-watched"}}
{"recorder_version":"40","session":"716c9ed56316","build":"201.7223.91","bucket":"18","time":1596028825773,"group":{"id":"project.fs","version":"1"},"event":{"state":true,"data":{"created":1596028825774},"id":"invoked"}}
{"recorder_version":"40","session":"716c9ed56316","build":"201.7223.91","bucket":"18","time":1596028827181,"group":{"id":"toolwindow","version":"40"},"event":{"count":1,"data":{"ViewMode":"DockPinned","created":1596028827181,"plugin_type":"PLATFORM","id":"Project","Location":"Left_Top"},"id":"activated"}}
{"recorder_version":"40","session":"716c9ed56316","build":"201.7223.91","bucket":"18","time":1596028827181,"group":{"id":"toolwindow","version":"40"},"event":{"count":1,"data":{"ViewMode":"DockPinned","created":1596028827181,"plugin_type":"PLATFORM","id":"Project","Location":"Left_Top"},"id":"shown"}}
{"recorder_version":"40","session":"716c9ed56316","build":"201.7223.91","bucket":"18","time":1596028828273,"group":{"id":"performance","version":"40"},"event":{"count":1,"data":{"duration_ms":4519,"created":1596028828273},"id":"ui.lagging"}}
{"recorder_version":"40","session":"716c9ed56316","build":"201.7223.91","bucket":"18","time":1596028828273,"group":{"id":"performance","version":"40"},"event":{"count":1,"data":{"duration_ms":3519,"created":1596028828274},"id":"ui.lagging"}}
{"recorder_version":"40","session":"716c9ed56316","build":"201.7223.91","bucket":"18","time":1596028828273,"group":{"id":"performance","version":"40"},"event":{"count":1,"data":{"duration_ms":2515,"created":1596028828274},"id":"ui.lagging"}}
{"recorder_version":"40","session":"716c9ed56316","build":"201.7223.91","bucket":"18","time":1596028828344,"group":{"id":"performance","version":"40"},"event":{"count":1,"data":{"duration_ms":1580,"created":1596028828344},"id":"ui.lagging"}}
{"recorder_version":"40","session":"716c9ed56316","build":"201.7223.91","bucket":"18","time":1596028828449,"group":{"id":"performance","version":"40"},"event":{"count":1,"data":{"duration_ms":684,"created":1596028828449},"id":"ui.lagging"}}
{"recorder_version":"40","session":"716c9ed56316","build":"201.7223.91","bucket":"18","time":1596028828450,"group":{"id":"ui.dialogs","version":"40"},"event":{"count":1,"data":{"code":1,"created":1596028828451,"plugin_type":"PLATFORM","dialog_class":"com.intellij.openapi.progress.util.ProgressDialog$MyDialogWrapper"},"id":"close"}}
{"recorder_version":"40","session":"716c9ed56316","build":"201.7223.91","bucket":"18","time":1596028828604,"group":{"id":"indexing","version":"2"},"event":{"count":1,"data":{"ide_activity_id":1,"stage_class":"com.intellij.util.indexing.UnindexedFilesUpdater","created":1596028828604,"plugin_type":"PLATFORM"},"id":"stage"}}
{"recorder_version":"40","session":"716c9ed56316","build":"201.7223.91","bucket":"18","time":1596028828776,"group":{"id":"vfs","version":"2"},"event":{"count":1,"data":{"duration_ms":5084,"finish_time_ms":1596028828776,"created":1596028828776,"start_time_ms":1596028823692},"id":"refreshed"}}
{"recorder_version":"40","session":"716c9ed56316","build":"201.7223.91","bucket":"18","time":1596028828978,"group":{"id":"performance","version":"40"},"event":{"count":1,"data":{"duration_ms":206,"created":1596028828980},"id":"ui.lagging"}}
{"recorder_version":"40","session":"716c9ed56316","build":"201.7223.91","bucket":"18","time":1596028829890,"group":{"id":"performance","version":"40"},"event":{"count":1,"data":{"duration_ms":117,"created":1596028829890},"id":"ui.lagging"}}
{"recorder_version":"40","session":"716c9ed56316","build":"201.7223.91","bucket":"18","time":1596028829951,"group":{"id":"ui.tips","version":"3"},"event":{"count":1,"data":{"created":1596028829952,"type":"automatically"},"id":"dialog.shown"}}
{"recorder_version":"40","session":"716c9ed56316","build":"201.7223.91","bucket":"18","time":1596028830323,"group":{"id":"ui.tips","version":"3"},"event":{"count":1,"data":{"feature_id":"no.feature.id","filename":"neue-SecondSmartCompletionArrayMember.html","created":1596028830323,"plugin_type":"PLATFORM"},"id":"tip.shown"}}
{"recorder_version":"40","session":"716c9ed56316","build":"201.7223.91","bucket":"18","time":1596028830339,"group":{"id":"ui.dialogs","version":"40"},"event":{"count":1,"data":{"created":1596028830339,"plugin_type":"PLATFORM","dialog_class":"com.intellij.ide.util.TipDialog"},"id":"show"}}
{"recorder_version":"40","session":"716c9ed56316","build":"201.7223.91","bucket":"18","time":1596028830680,"group":{"id":"lifecycle","version":"40"},"event":{"count":1,"data":{"duration_ms":21355,"created":1596028830680,"project":"274f5384c6f39292f7d8e4180cac91c4adf4f180589189e33528c361fe946f25"},"id":"project.opening.finished"}}
{"recorder_version":"40","session":"716c9ed56316","build":"201.7223.91","bucket":"18","time":1596028830732,"group":{"id":"lifecycle","version":"40"},"event":{"count":1,"data":{"created":1596028830733,"project":"274f5384c6f39292f7d8e4180cac91c4adf4f180589189e33528c361fe946f25"},"id":"frame.activated"}}
{"recorder_version":"40","session":"716c9ed56316","build":"201.7223.91","bucket":"18","time":1596028831192,"group":{"id":"startup","version":"1"},"event":{"count":1,"data":{"duration":30000,"created":1596028831192},"id":"appInit"}}
{"recorder_version":"40","session":"716c9ed56316","build":"201.7223.91","bucket":"18","time":1596028831192,"group":{"id":"startup","version":"1"},"event":{"count":1,"data":{"duration":2329,"created":1596028831192},"id":"splash"}}
{"recorder_version":"40","session":"716c9ed56316","build":"201.7223.91","bucket":"18","time":1596028831192,"group":{"id":"startup","version":"1"},"event":{"count":1,"data":{"duration":4882,"created":1596028831192},"id":"bootstrap"}}
{"recorder_version":"40","session":"716c9ed56316","build":"201.7223.91","bucket":"18","time":1596028831192,"group":{"id":"startup","version":"1"},"event":{"count":1,"data":{"duration":186814,"created":1596028831192},"id":"totalDuration"}}
{"recorder_version":"40","session":"716c9ed56316","build":"201.7223.91","bucket":"18","time":1596028831369,"group":{"id":"performance","version":"40"},"event":{"count":1,"data":{"duration_ms":596,"created":1596028831371},"id":"ui.lagging"}}
{"recorder_version":"40","session":"716c9ed56316","build":"201.7223.91","bucket":"18","time":1596028833244,"group":{"id":"lifecycle","version":"40"},"event":{"count":1,"data":{"created":1596028833244,"project":"274f5384c6f39292f7d8e4180cac91c4adf4f180589189e33528c361fe946f25"},"id":"frame.deactivated"}}
{"recorder_version":"40","session":"716c9ed56316","build":"201.7223.91","bucket":"18","time":1596028836247,"group":{"id":"performance","version":"40"},"event":{"count":1,"data":{"duration_ms":1467,"created":1596028836247},"id":"ui.lagging"}}
{"recorder_version":"40","session":"716c9ed56316","build":"201.7223.91","bucket":"18","time":1596028836289,"group":{"id":"performance","version":"40"},"event":{"count":1,"data":{"duration_ms":509,"created":1596028836289},"id":"ui.lagging"}}
{"recorder_version":"40","session":"716c9ed56316","build":"201.7223.91","bucket":"18","time":1596028838964,"group":{"id":"indexing","version":"2"},"event":{"count":1,"data":{"duration_ms":15501,"ide_activity_id":1,"created":1596028838965},"id":"finished"}}
{"recorder_version":"40","session":"716c9ed56316","build":"201.7223.91","bucket":"18","time":1596028839670,"group":{"id":"indexing","version":"2"},"event":{"count":1,"data":{"ide_activity_id":2,"created":1596028839671,"project":"274f5384c6f39292f7d8e4180cac91c4adf4f180589189e33528c361fe946f25"},"id":"started"}}
{"recorder_version":"40","session":"716c9ed56316","build":"201.7223.91","bucket":"18","time":1596028839694,"group":{"id":"indexing","version":"2"},"event":{"count":1,"data":{"plugin_version":"201.7223.91","ide_activity_id":2,"plugin":"org.jetbrains.android","stage_class":"com.android.tools.idea.res.ResourceFolderRepositoryFileCacheImpl$PruneTask","created":1596028839694,"plugin_type":"JB_BUNDLED"},"id":"stage"}}
{"recorder_version":"40","session":"716c9ed56316","build":"201.7223.91","bucket":"18","time":1596028839718,"group":{"id":"indexing","version":"2"},"event":{"count":1,"data":{"plugin_version":"201.7223.91","ide_activity_id":2,"plugin":"org.jetbrains.android","stage_class":"com.android.tools.idea.res.ResourceFolderRepositoryFileCacheImpl$ManageLruProjectFilesTask","created":1596028839719,"plugin_type":"JB_BUNDLED"},"id":"stage"}}
{"recorder_version":"40","session":"716c9ed56316","build":"201.7223.91","bucket":"18","time":1596028839746,"group":{"id":"indexing","version":"2"},"event":{"count":1,"data":{"duration_ms":76,"ide_activity_id":2,"created":1596028839747},"id":"finished"}}
{"recorder_version":"40","session":"716c9ed56316","build":"201.7223.91","bucket":"18","time":1596028839779,"group":{"id":"indexing","version":"2"},"event":{"count":1,"data":{"ide_activity_id":3,"created":1596028839779,"project":"274f5384c6f39292f7d8e4180cac91c4adf4f180589189e33528c361fe946f25"},"id":"started"}}
{"recorder_version":"40","session":"716c9ed56316","build":"201.7223.91","bucket":"18","time":1596028839780,"group":{"id":"indexing","version":"2"},"event":{"count":1,"data":{"plugin_version":"201.7223.91","ide_activity_id":3,"plugin":"org.jetbrains.android","stage_class":"com.android.tools.idea.res.ResourceFolderRegistry$PopulateCachesTask","created":1596028839780,"plugin_type":"JB_BUNDLED"},"id":"stage"}}
{"recorder_version":"40","session":"716c9ed56316","build":"201.7223.91","bucket":"18","time":1596028839781,"group":{"id":"indexing","version":"2"},"event":{"count":1,"data":{"duration_ms":2,"ide_activity_id":3,"created":1596028839781},"id":"finished"}}
{"recorder_version":"40","session":"716c9ed56316","build":"201.7223.91","bucket":"18","time":1596028839914,"group":{"id":"performance","version":"40"},"event":{"count":1,"data":{"duration_ms":127,"created":1596028839914},"id":"ui.lagging"}}
{"recorder_version":"40","session":"716c9ed56316","build":"201.7223.91","bucket":"18","time":1596028841754,"group":{"id":"lifecycle","version":"40"},"event":{"count":1,"data":{"created":1596028841755,"project":"274f5384c6f39292f7d8e4180cac91c4adf4f180589189e33528c361fe946f25"},"id":"frame.activated"}}
{"recorder_version":"40","session":"716c9ed56316","build":"201.7223.91","bucket":"18","time":1596028841771,"group":{"id":"performance","version":"40"},"event":{"count":1,"data":{"duration_ms":983,"created":1596028841771},"id":"ui.lagging"}}
{"recorder_version":"40","session":"716c9ed56316","build":"201.7223.91","bucket":"18","time":1596028841771,"group":{"id":"indexing","version":"2"},"event":{"count":1,"data":{"ide_activity_id":4,"created":1596028841772,"project":"274f5384c6f39292f7d8e4180cac91c4adf4f180589189e33528c361fe946f25"},"id":"started"}}
{"recorder_version":"40","session":"716c9ed56316","build":"201.7223.91","bucket":"18","time":1596028841784,"group":{"id":"indexing","version":"2"},"event":{"count":1,"data":{"ide_activity_id":4,"stage_class":"com.intellij.util.indexing.FileBasedIndexSwitcher$1","created":1596028841785,"plugin_type":"PLATFORM"},"id":"stage"}}
{"recorder_version":"40","session":"716c9ed56316","build":"201.7223.91","bucket":"18","time":1596028841892,"group":{"id":"performance","version":"40"},"event":{"count":1,"data":{"duration_ms":105,"created":1596028841892},"id":"ui.lagging"}}
{"recorder_version":"40","session":"716c9ed56316","build":"201.7223.91","bucket":"18","time":1596028841994,"group":{"id":"indexing","version":"2"},"event":{"count":1,"data":{"ide_activity_id":4,"stage_class":"com.intellij.util.indexing.UnindexedFilesUpdater","created":1596028841994,"plugin_type":"PLATFORM"},"id":"stage"}}
{"recorder_version":"40","session":"716c9ed56316","build":"201.7223.91","bucket":"18","time":1596028842462,"group":{"id":"plugins.dynamic","version":"1"},"event":{"count":1,"data":{"created":1596028842463,"plugin_type":"NOT_LISTED"},"id":"unload.success"}}
{"recorder_version":"40","session":"716c9ed56316","build":"201.7223.91","bucket":"18","time":1596028842573,"group":{"id":"indexing","version":"2"},"event":{"count":1,"data":{"duration_ms":802,"ide_activity_id":4,"created":1596028842584},"id":"finished"}}
{"recorder_version":"40","session":"716c9ed56316","build":"201.7223.91","bucket":"18","time":1596028842664,"group":{"id":"plugins.dynamic","version":"1"},"event":{"count":1,"data":{"created":1596028842664,"plugin_type":"NOT_LISTED"},"id":"load"}}
{"recorder_version":"40","session":"716c9ed56316","build":"201.7223.91","bucket":"18","time":1596028842931,"group":{"id":"notifications","version":"40"},"event":{"count":1,"data":{"display_type":"BALLOON","severity":"INFORMATION","notification_group":"Dynamic_plugin_installation","is_expandable":false,"created":1596028842932,"plugin_type":"PLATFORM","id":"1596028842707.1025997118"},"id":"shown"}}
{"recorder_version":"40","session":"716c9ed56316","build":"201.7223.91","bucket":"18","time":1596028842941,"group":{"id":"ui.dialogs","version":"40"},"event":{"count":1,"data":{"code":1,"created":1596028842943,"plugin_type":"PLATFORM","dialog_class":"com.intellij.ide.util.TipDialog"},"id":"close"}}
{"recorder_version":"40","session":"716c9ed56316","build":"201.7223.91","bucket":"18","time":1596028842960,"group":{"id":"performance","version":"40"},"event":{"count":1,"data":{"duration_ms":170,"created":1596028842960},"id":"ui.lagging"}}
{"recorder_version":"40","session":"716c9ed56316","build":"201.7223.91","bucket":"18","time":1596028843075,"group":{"id":"indexing","version":"2"},"event":{"count":1,"data":{"ide_activity_id":5,"created":1596028843075,"project":"274f5384c6f39292f7d8e4180cac91c4adf4f180589189e33528c361fe946f25"},"id":"started"}}
{"recorder_version":"40","session":"716c9ed56316","build":"201.7223.91","bucket":"18","time":1596028843125,"group":{"id":"indexing","version":"2"},"event":{"count":1,"data":{"ide_activity_id":5,"stage_class":"com.intellij.util.indexing.FileBasedIndexSwitcher$1","created":1596028843126,"plugin_type":"PLATFORM"},"id":"stage"}}
{"recorder_version":"40","session":"716c9ed56316","build":"201.7223.91","bucket":"18","time":1596028843191,"group":{"id":"indexing","version":"2"},"event":{"count":1,"data":{"ide_activity_id":5,"stage_class":"com.intellij.util.indexing.UnindexedFilesUpdater","created":1596028843192,"plugin_type":"PLATFORM"},"id":"stage"}}
{"recorder_version":"40","session":"716c9ed56316","build":"201.7223.91","bucket":"18","time":1596028844333,"group":{"id":"indexing","version":"2"},"event":{"count":1,"data":{"duration_ms":1258,"ide_activity_id":5,"created":1596028844333},"id":"finished"}}
{"recorder_version":"40","session":"716c9ed56316","build":"201.7223.91","bucket":"18","time":1596028862265,"group":{"id":"actions","version":"40"},"event":{"count":2,"data":{"context_menu":true,"last":1596028863924,"action_id":"third.party","created":1596028862265,"plugin_type":"NOT_LISTED","project":"274f5384c6f39292f7d8e4180cac91c4adf4f180589189e33528c361fe946f25","place":"MainMenu","class":"third.party","input_event":"MouseLeft"},"id":"action.invoked"}}
{"recorder_version":"40","session":"716c9ed56316","build":"201.7223.91","bucket":"18","time":1596028867664,"group":{"id":"lifecycle","version":"40"},"event":{"count":1,"data":{"created":1596028867665,"project":"274f5384c6f39292f7d8e4180cac91c4adf4f180589189e33528c361fe946f25"},"id":"frame.deactivated"}}
{"recorder_version":"40","session":"716c9ed56316","build":"201.7223.91","bucket":"18","time":1596028892048,"group":{"id":"lifecycle","version":"40"},"event":{"count":1,"data":{"created":1596028892048,"project":"274f5384c6f39292f7d8e4180cac91c4adf4f180589189e33528c361fe946f25"},"id":"frame.activated"}}
{"recorder_version":"40","session":"716c9ed56316","build":"201.7223.91","bucket":"18","time":1596028901717,"group":{"id":"lifecycle","version":"40"},"event":{"count":1,"data":{"created":1596028901717,"project":"274f5384c6f39292f7d8e4180cac91c4adf4f180589189e33528c361fe946f25"},"id":"frame.deactivated"}}
