2020-08-19 17:49:00,929 [      1]   INFO -        #com.intellij.idea.Main - ------------------------------------------------------ IDE STARTED ------------------------------------------------------ 
2020-08-19 17:49:01,693 [    765]   INFO -        #com.intellij.idea.Main - IDE: IntelliJ IDEA (build #IC-202.6397.94, 27 Jul 2020 13:39) 
2020-08-19 17:49:01,711 [    783]   INFO -        #com.intellij.idea.Main - OS: Linux (5.4.0-7634-generic, amd64) 
2020-08-19 17:49:01,712 [    784]   INFO -        #com.intellij.idea.Main - JRE: 11.0.7+10-b944.20 (JetBrains s.r.o.) 
2020-08-19 17:49:01,712 [    784]   INFO -        #com.intellij.idea.Main - JVM: 11.0.7+10-b944.20 (OpenJDK 64-Bit Server VM) 
2020-08-19 17:49:01,712 [    784]   INFO -        #com.intellij.idea.Main - JVM Args: -Didea.auto.reload.plugins=true -Didea.classpath.index.enabled=false -Didea.config.path=/home/arthur-kamau/Development/Stratos/compiler/tooling/intellij/stratos-lang/build/idea-sandbox/config -Didea.is.internal=true -Didea.platform.prefix=Idea -Didea.plugins.path=/home/arthur-kamau/Development/Stratos/compiler/tooling/intellij/stratos-lang/build/idea-sandbox/plugins -Didea.required.plugins.id=org.example.stratos-lang -Didea.system.path=/home/arthur-kamau/Development/Stratos/compiler/tooling/intellij/stratos-lang/build/idea-sandbox/system -Dsun.awt.disablegrab=true -Xms256m -Xmx512m -Dfile.encoding=UTF-8 -Duser.country=US -Duser.language=en -Duser.variant -ea 
2020-08-19 17:49:01,712 [    784]   INFO -        #com.intellij.idea.Main - library path: /usr/java/packages/lib:/usr/lib64:/lib64:/lib:/usr/lib 
2020-08-19 17:49:01,712 [    784]   INFO -        #com.intellij.idea.Main - boot library path: /home/arthur-kamau/.gradle/caches/modules-2/files-2.1/com.jetbrains/jbre/jbr-11_0_7-linux-x64-b944.20/jbr/lib 
2020-08-19 17:49:01,713 [    785]   INFO -        #com.intellij.idea.Main - locale=en_US JNU=UTF-8 file.encoding=UTF-8
  idea.config.path=/home/arthur-kamau/Development/Stratos/compiler/tooling/intellij/stratos-lang/build/idea-sandbox/config
  idea.system.path=/home/arthur-kamau/Development/Stratos/compiler/tooling/intellij/stratos-lang/build/idea-sandbox/system
  idea.plugins.path=/home/arthur-kamau/Development/Stratos/compiler/tooling/intellij/stratos-lang/build/idea-sandbox/plugins
  idea.log.path=/home/arthur-kamau/Development/Stratos/compiler/tooling/intellij/stratos-lang/build/idea-sandbox/system/log 
2020-08-19 17:49:02,111 [   1183]   INFO -        #com.intellij.idea.Main - JNA library (64-bit) loaded in 397 ms 
2020-08-19 17:49:04,110 [   3182]   INFO - llij.ide.plugins.PluginManager - Plugin PluginDescriptor(name=Groovy, id=org.intellij.groovy, path=/home/arthur-kamau/.gradle/caches/modules-2/files-2.1/com.jetbrains.intellij.idea/ideaIC/2020.2/4fe93bb81525f2fa7a6f0fd7ba41c3b9cce9e8b6/ideaIC-2020.2/plugins/Groovy, version=202.6397.94) misses optional descriptor duplicates-groovy.xml 
java.nio.file.NoSuchFileException: /META-INF/duplicates-groovy.xml
	at jdk.zipfs/jdk.nio.zipfs.ZipFileSystem.newInputStream(ZipFileSystem.java:591)
	at jdk.zipfs/jdk.nio.zipfs.ZipPath.newInputStream(ZipPath.java:721)
	at jdk.zipfs/jdk.nio.zipfs.ZipFileSystemProvider.newInputStream(ZipFileSystemProvider.java:275)
	at java.base/java.nio.file.Files.newInputStream(Files.java:155)
	at com.intellij.openapi.util.JDOMUtil.load(JDOMUtil.java:351)
	at com.intellij.ide.plugins.BasePathResolver.resolvePath(BasePathResolver.java:54)
	at com.intellij.ide.plugins.PluginXmlPathResolver.resolvePath(PluginXmlPathResolver.java:58)
	at com.intellij.ide.plugins.XmlReader.readDependencies(XmlReader.java:215)
	at com.intellij.ide.plugins.IdeaPluginDescriptorImpl.readExternal(IdeaPluginDescriptorImpl.java:190)
	at com.intellij.ide.plugins.PluginDescriptorLoader.loadDescriptorFromJar(PluginDescriptorLoader.java:94)
	at com.intellij.ide.plugins.PluginDescriptorLoader.loadDescriptorFromDirAndNormalize(PluginDescriptorLoader.java:145)
	at com.intellij.ide.plugins.PluginDescriptorLoader.loadDescriptorFromFileOrDir(PluginDescriptorLoader.java:120)
	at com.intellij.ide.plugins.PluginDescriptorLoader.loadDescriptor(PluginDescriptorLoader.java:44)
	at com.intellij.ide.plugins.PluginDescriptorLoader.lambda$loadDescriptorsFromDir$1(PluginDescriptorLoader.java:246)
	at java.base/java.util.concurrent.FutureTask.run(FutureTask.java:264)
	at com.intellij.util.concurrency.BoundedTaskExecutor.doRun(BoundedTaskExecutor.java:215)
	at com.intellij.util.concurrency.BoundedTaskExecutor.access$200(BoundedTaskExecutor.java:26)
	at com.intellij.util.concurrency.BoundedTaskExecutor$1.execute(BoundedTaskExecutor.java:194)
	at com.intellij.util.concurrency.BoundedTaskExecutor$1.run(BoundedTaskExecutor.java:186)
	at java.base/java.util.concurrent.ThreadPoolExecutor.runWorker(ThreadPoolExecutor.java:1128)
	at java.base/java.util.concurrent.ThreadPoolExecutor$Worker.run(ThreadPoolExecutor.java:628)
	at java.base/java.util.concurrent.Executors$PrivilegedThreadFactory$1$1.run(Executors.java:668)
	at java.base/java.util.concurrent.Executors$PrivilegedThreadFactory$1$1.run(Executors.java:665)
	at java.base/java.security.AccessController.doPrivileged(Native Method)
	at java.base/java.util.concurrent.Executors$PrivilegedThreadFactory$1.run(Executors.java:665)
	at java.base/java.lang.Thread.run(Thread.java:834)
2020-08-19 17:49:04,124 [   3196]   INFO - llij.ide.plugins.PluginManager - Plugin PluginDescriptor(name=Groovy, id=org.intellij.groovy, path=/home/arthur-kamau/.gradle/caches/modules-2/files-2.1/com.jetbrains.intellij.idea/ideaIC/2020.2/4fe93bb81525f2fa7a6f0fd7ba41c3b9cce9e8b6/ideaIC-2020.2/plugins/Groovy, version=202.6397.94) misses optional descriptor duplicates-detection-groovy.xml 
java.nio.file.NoSuchFileException: /META-INF/duplicates-detection-groovy.xml
	at jdk.zipfs/jdk.nio.zipfs.ZipFileSystem.newInputStream(ZipFileSystem.java:591)
	at jdk.zipfs/jdk.nio.zipfs.ZipPath.newInputStream(ZipPath.java:721)
	at jdk.zipfs/jdk.nio.zipfs.ZipFileSystemProvider.newInputStream(ZipFileSystemProvider.java:275)
	at java.base/java.nio.file.Files.newInputStream(Files.java:155)
	at com.intellij.openapi.util.JDOMUtil.load(JDOMUtil.java:351)
	at com.intellij.ide.plugins.BasePathResolver.resolvePath(BasePathResolver.java:54)
	at com.intellij.ide.plugins.PluginXmlPathResolver.resolvePath(PluginXmlPathResolver.java:58)
	at com.intellij.ide.plugins.XmlReader.readDependencies(XmlReader.java:215)
	at com.intellij.ide.plugins.IdeaPluginDescriptorImpl.readExternal(IdeaPluginDescriptorImpl.java:190)
	at com.intellij.ide.plugins.PluginDescriptorLoader.loadDescriptorFromJar(PluginDescriptorLoader.java:94)
	at com.intellij.ide.plugins.PluginDescriptorLoader.loadDescriptorFromDirAndNormalize(PluginDescriptorLoader.java:145)
	at com.intellij.ide.plugins.PluginDescriptorLoader.loadDescriptorFromFileOrDir(PluginDescriptorLoader.java:120)
	at com.intellij.ide.plugins.PluginDescriptorLoader.loadDescriptor(PluginDescriptorLoader.java:44)
	at com.intellij.ide.plugins.PluginDescriptorLoader.lambda$loadDescriptorsFromDir$1(PluginDescriptorLoader.java:246)
	at java.base/java.util.concurrent.FutureTask.run(FutureTask.java:264)
	at com.intellij.util.concurrency.BoundedTaskExecutor.doRun(BoundedTaskExecutor.java:215)
	at com.intellij.util.concurrency.BoundedTaskExecutor.access$200(BoundedTaskExecutor.java:26)
	at com.intellij.util.concurrency.BoundedTaskExecutor$1.execute(BoundedTaskExecutor.java:194)
	at com.intellij.util.concurrency.BoundedTaskExecutor$1.run(BoundedTaskExecutor.java:186)
	at java.base/java.util.concurrent.ThreadPoolExecutor.runWorker(ThreadPoolExecutor.java:1128)
	at java.base/java.util.concurrent.ThreadPoolExecutor$Worker.run(ThreadPoolExecutor.java:628)
	at java.base/java.util.concurrent.Executors$PrivilegedThreadFactory$1$1.run(Executors.java:668)
	at java.base/java.util.concurrent.Executors$PrivilegedThreadFactory$1$1.run(Executors.java:665)
	at java.base/java.security.AccessController.doPrivileged(Native Method)
	at java.base/java.util.concurrent.Executors$PrivilegedThreadFactory$1.run(Executors.java:665)
	at java.base/java.lang.Thread.run(Thread.java:834)
2020-08-19 17:49:04,512 [   3584]   INFO -        #com.intellij.idea.Main - CPU cores: 4; ForkJoinPool.commonPool: java.util.concurrent.ForkJoinPool@7d70b971[Running, parallelism = 3, size = 0, active = 0, running = 0, steals = 0, tasks = 0, submissions = 0]; factory: com.intellij.concurrency.IdeaForkJoinWorkerThreadFactory@32d1b74b 
2020-08-19 17:49:04,535 [   3607]   INFO - llij.ide.plugins.PluginManager - Plugin PluginDescriptor(name=Java, id=com.intellij.java, path=/home/arthur-kamau/.gradle/caches/modules-2/files-2.1/com.jetbrains.intellij.idea/ideaIC/2020.2/4fe93bb81525f2fa7a6f0fd7ba41c3b9cce9e8b6/ideaIC-2020.2/plugins/java, version=202.6397.94) misses optional descriptor profiler-java.xml 
java.nio.file.NoSuchFileException: /META-INF/profiler-java.xml
	at jdk.zipfs/jdk.nio.zipfs.ZipFileSystem.newInputStream(ZipFileSystem.java:591)
	at jdk.zipfs/jdk.nio.zipfs.ZipPath.newInputStream(ZipPath.java:721)
	at jdk.zipfs/jdk.nio.zipfs.ZipFileSystemProvider.newInputStream(ZipFileSystemProvider.java:275)
	at java.base/java.nio.file.Files.newInputStream(Files.java:155)
	at com.intellij.openapi.util.JDOMUtil.load(JDOMUtil.java:351)
	at com.intellij.ide.plugins.BasePathResolver.resolvePath(BasePathResolver.java:54)
	at com.intellij.ide.plugins.PluginXmlPathResolver.resolvePath(PluginXmlPathResolver.java:58)
	at com.intellij.ide.plugins.XmlReader.readDependencies(XmlReader.java:215)
	at com.intellij.ide.plugins.IdeaPluginDescriptorImpl.readExternal(IdeaPluginDescriptorImpl.java:190)
	at com.intellij.ide.plugins.PluginDescriptorLoader.loadDescriptorFromJar(PluginDescriptorLoader.java:94)
	at com.intellij.ide.plugins.PluginDescriptorLoader.loadDescriptorFromDirAndNormalize(PluginDescriptorLoader.java:145)
	at com.intellij.ide.plugins.PluginDescriptorLoader.loadDescriptorFromFileOrDir(PluginDescriptorLoader.java:120)
	at com.intellij.ide.plugins.PluginDescriptorLoader.loadDescriptor(PluginDescriptorLoader.java:44)
	at com.intellij.ide.plugins.PluginDescriptorLoader.lambda$loadDescriptorsFromDir$1(PluginDescriptorLoader.java:246)
	at java.base/java.util.concurrent.FutureTask.run(FutureTask.java:264)
	at com.intellij.util.concurrency.BoundedTaskExecutor.doRun(BoundedTaskExecutor.java:215)
	at com.intellij.util.concurrency.BoundedTaskExecutor.access$200(BoundedTaskExecutor.java:26)
	at com.intellij.util.concurrency.BoundedTaskExecutor$1.execute(BoundedTaskExecutor.java:194)
	at com.intellij.util.concurrency.BoundedTaskExecutor$1.run(BoundedTaskExecutor.java:186)
	at java.base/java.util.concurrent.ThreadPoolExecutor.runWorker(ThreadPoolExecutor.java:1128)
	at java.base/java.util.concurrent.ThreadPoolExecutor$Worker.run(ThreadPoolExecutor.java:628)
	at java.base/java.util.concurrent.Executors$PrivilegedThreadFactory$1$1.run(Executors.java:668)
	at java.base/java.util.concurrent.Executors$PrivilegedThreadFactory$1$1.run(Executors.java:665)
	at java.base/java.security.AccessController.doPrivileged(Native Method)
	at java.base/java.util.concurrent.Executors$PrivilegedThreadFactory$1.run(Executors.java:665)
	at java.base/java.lang.Thread.run(Thread.java:834)
2020-08-19 17:49:04,660 [   3732]   INFO -        #com.intellij.idea.Main - WM detected: GNOME Shell 
2020-08-19 17:49:05,523 [   4595]  ERROR - tellij.diagnostic.LoadingState - Should be called at least in the state COMPONENTS_REGISTERED, the current state is: LAF_INITIALIZED
Current violators count: 1

 
java.lang.Throwable
	at com.intellij.diagnostic.LoadingState.logStateError(LoadingState.java:63)
	at com.intellij.diagnostic.LoadingState.checkOccurred(LoadingState.java:59)
	at com.intellij.openapi.util.registry.Registry.getInstance(Registry.java:127)
	at com.intellij.openapi.util.registry.Registry.get(Registry.java:38)
	at com.intellij.openapi.util.registry.Registry.is(Registry.java:53)
	at com.intellij.openapi.ui.DialogWrapper.init(DialogWrapper.java:1379)
	at com.intellij.ide.gdpr.AgreementUi$createDialog$dialogWrapper$1.<init>(AgreementUi.kt:45)
	at com.intellij.ide.gdpr.AgreementUi.createDialog(AgreementUi.kt:42)
	at com.intellij.ide.gdpr.AgreementUi.access$createDialog(AgreementUi.kt:23)
	at com.intellij.ide.gdpr.AgreementUi$Companion.create(AgreementUi.kt:217)
	at com.intellij.ide.gdpr.Agreements.showEndUserAndDataSharingAgreements(Agreements.kt:23)
	at com.intellij.idea.StartupUtil.lambda$showUserAgreementAndConsentsIfNeeded$13(StartupUtil.java:787)
	at java.desktop/java.awt.event.InvocationEvent.dispatch(InvocationEvent.java:303)
	at java.desktop/java.awt.EventQueue.dispatchEventImpl(EventQueue.java:776)
	at java.desktop/java.awt.EventQueue$4.run(EventQueue.java:727)
	at java.desktop/java.awt.EventQueue$4.run(EventQueue.java:721)
	at java.base/java.security.AccessController.doPrivileged(Native Method)
	at java.base/java.security.ProtectionDomain$JavaSecurityAccessImpl.doIntersectionPrivilege(ProtectionDomain.java:85)
	at java.desktop/java.awt.EventQueue.dispatchEvent(EventQueue.java:746)
	at com.intellij.ide.IdeEventQueue.dispatchEvent(IdeEventQueue.java:417)
	at java.desktop/java.awt.EventDispatchThread.pumpOneEventForFilters(EventDispatchThread.java:203)
	at java.desktop/java.awt.EventDispatchThread.pumpEventsForFilter(EventDispatchThread.java:124)
	at java.desktop/java.awt.EventDispatchThread.pumpEventsForHierarchy(EventDispatchThread.java:113)
	at java.desktop/java.awt.EventDispatchThread.pumpEvents(EventDispatchThread.java:109)
	at java.desktop/java.awt.EventDispatchThread.pumpEvents(EventDispatchThread.java:101)
	at java.desktop/java.awt.EventDispatchThread.run(EventDispatchThread.java:90)
2020-08-19 17:49:05,524 [   4596]  ERROR - tellij.diagnostic.LoadingState - IntelliJ IDEA 2020.2  Build #IC-202.6397.94 
2020-08-19 17:49:05,524 [   4596]  ERROR - tellij.diagnostic.LoadingState - JDK: 11.0.7; VM: OpenJDK 64-Bit Server VM; Vendor: JetBrains s.r.o. 
2020-08-19 17:49:05,525 [   4597]  ERROR - tellij.diagnostic.LoadingState - OS: Linux 
2020-08-19 17:49:05,526 [   4598]   WARN - pi.util.registry.RegistryValue - The registry key 'ide.linux.enter.on.dialog.triggers.focused.button' accessed, but not loaded yet 
2020-08-19 17:49:05,527 [   4599]  ERROR - tellij.diagnostic.LoadingState - Should be called at least in the state COMPONENTS_REGISTERED, the current state is: LAF_INITIALIZED
Current violators count: 2

 
java.lang.Throwable
	at com.intellij.diagnostic.LoadingState.logStateError(LoadingState.java:63)
	at com.intellij.diagnostic.LoadingState.checkOccurred(LoadingState.java:59)
	at com.intellij.openapi.util.registry.Registry.getInstance(Registry.java:127)
	at com.intellij.openapi.util.registry.RegistryValue._get(RegistryValue.java:182)
	at com.intellij.openapi.util.registry.RegistryValue.get(RegistryValue.java:159)
	at com.intellij.openapi.util.registry.RegistryValue.calcBoolean(RegistryValue.java:65)
	at com.intellij.openapi.util.registry.RegistryValue.asBoolean(RegistryValue.java:58)
	at com.intellij.openapi.util.registry.Registry.is(Registry.java:53)
	at com.intellij.openapi.ui.DialogWrapper.init(DialogWrapper.java:1379)
	at com.intellij.ide.gdpr.AgreementUi$createDialog$dialogWrapper$1.<init>(AgreementUi.kt:45)
	at com.intellij.ide.gdpr.AgreementUi.createDialog(AgreementUi.kt:42)
	at com.intellij.ide.gdpr.AgreementUi.access$createDialog(AgreementUi.kt:23)
	at com.intellij.ide.gdpr.AgreementUi$Companion.create(AgreementUi.kt:217)
	at com.intellij.ide.gdpr.Agreements.showEndUserAndDataSharingAgreements(Agreements.kt:23)
	at com.intellij.idea.StartupUtil.lambda$showUserAgreementAndConsentsIfNeeded$13(StartupUtil.java:787)
	at java.desktop/java.awt.event.InvocationEvent.dispatch(InvocationEvent.java:303)
	at java.desktop/java.awt.EventQueue.dispatchEventImpl(EventQueue.java:776)
	at java.desktop/java.awt.EventQueue$4.run(EventQueue.java:727)
	at java.desktop/java.awt.EventQueue$4.run(EventQueue.java:721)
	at java.base/java.security.AccessController.doPrivileged(Native Method)
	at java.base/java.security.ProtectionDomain$JavaSecurityAccessImpl.doIntersectionPrivilege(ProtectionDomain.java:85)
	at java.desktop/java.awt.EventQueue.dispatchEvent(EventQueue.java:746)
	at com.intellij.ide.IdeEventQueue.dispatchEvent(IdeEventQueue.java:417)
	at java.desktop/java.awt.EventDispatchThread.pumpOneEventForFilters(EventDispatchThread.java:203)
	at java.desktop/java.awt.EventDispatchThread.pumpEventsForFilter(EventDispatchThread.java:124)
	at java.desktop/java.awt.EventDispatchThread.pumpEventsForHierarchy(EventDispatchThread.java:113)
	at java.desktop/java.awt.EventDispatchThread.pumpEvents(EventDispatchThread.java:109)
	at java.desktop/java.awt.EventDispatchThread.pumpEvents(EventDispatchThread.java:101)
	at java.desktop/java.awt.EventDispatchThread.run(EventDispatchThread.java:90)
2020-08-19 17:49:05,528 [   4600]  ERROR - tellij.diagnostic.LoadingState - IntelliJ IDEA 2020.2  Build #IC-202.6397.94 
2020-08-19 17:49:05,528 [   4600]  ERROR - tellij.diagnostic.LoadingState - JDK: 11.0.7; VM: OpenJDK 64-Bit Server VM; Vendor: JetBrains s.r.o. 
2020-08-19 17:49:05,528 [   4600]  ERROR - tellij.diagnostic.LoadingState - OS: Linux 
2020-08-19 17:49:20,283 [  19355]   INFO - llij.ide.plugins.PluginManager - Loaded bundled plugins: IDEA CORE (202.6397.94), com.intellij.platform.images (202.6397.94), JetBrains maven model api classes (202.6397.94), JetBrains Repository Search (202.6397.94), Subversion (202.6397.94), XPathView + XSLT (202.6397.94), XSLT Debugger (202.6397.94), Smali Support (202.6397.94), Configuration Script (202.6397.94), Copyright (202.6397.94), Gradle (202.6397.94), Java (202.6397.94), Bytecode Viewer (202.6397.94), JUnit (202.6397.94), Java IDE Customization (202.6397.94), Java Stream Debugger (202.6397.94), Eclipse Interoperability (202.6397.94), Java Bytecode Decompiler (202.6397.94), macOS Light Theme (202.6397.94), Windows 10 Light Theme (202.6397.94), Properties (202.6397.94), Ant (202.6397.94), Java Internationalization (202.6397.94), UI Designer (202.6397.94), JavaFX (202.6397.94), Resource Bundle Editor (202.6397.94), Machine Learning Code Completion (202.6397.94), Task Management (202.6397.94), Mercurial (202.6397.94), Webp Support (202.6397.94), EditorConfig (202.6397.94), Terminal (202.6397.94), Git (202.6397.94), ChangeReminder (202.6397.94), Next File Prediction (202.6397.94), GitHub (202.6397.94), Shell Script (202.6397.94), TextMate Bundles (202.6397.94), YAML (202.6397.94), Settings Repository (202.6397.94), IntelliLang (202.6397.94), TestNG (202.6397.94), Code Coverage for Java (202.6397.94), Groovy (202.6397.94), Maven (202.6397.94), Gradle-Java (202.6397.94), Plugin DevKit (202.6397.94), Gradle-Maven (202.6397.94), Kotlin (1.3.72-release-IJ2020.1-6), Android (10.4.0.202.6397.94), Markdown (202.6397.94), Grazie (202.6397.94) 
2020-08-19 17:49:20,285 [  19357]   INFO - llij.ide.plugins.PluginManager - Loaded custom plugins: Plugin display name here (1.0-SNAPSHOT) 
2020-08-19 17:49:20,945 [  20017]   INFO - m.intellij.util.io.StorageLock - lower=100; upper=492; buffer=10; max=492 
2020-08-19 17:49:21,085 [  20157]   INFO - tellij.util.io.FileChannelUtil - un-interruptible FileChannel-s will be used for indexes 
2020-08-19 17:49:21,393 [  20465]   INFO - fs.newvfs.persistent.FSRecords - Marking VFS as corrupted: '/home/arthur-kamau/Development/Stratos/compiler/tooling/intellij/stratos-lang/build/idea-sandbox/system/caches/names.dat' does not exist 
2020-08-19 17:49:21,511 [  20583]   WARN - j.internal.DebugAttachDetector - Unable to start DebugAttachDetector, please add `--add-exports java.base/jdk.internal.vm=ALL-UNNAMED` to VM options 
2020-08-19 17:49:21,608 [  20680]   INFO - com.intellij.ide.ui.UISettings - Loaded: fontSize=13, fontScale=1.0; restored: fontSize=13, fontScale=1.0 
2020-08-19 17:49:21,679 [  20751]   INFO - .history.utils.LocalHistoryLog - local history version mismatch (was: 0, expected: 6), rebuilding... 
2020-08-19 17:49:21,679 [  20751]   INFO - .history.utils.LocalHistoryLog - FS has been rebuild, rebuilding local history... 
2020-08-19 17:49:21,705 [  20777]   INFO - rains.ide.BuiltInServerManager - built-in server started, port 63344 
2020-08-19 17:49:21,778 [  20850]   INFO - pl.local.NativeFileWatcherImpl - Starting file watcher: /home/arthur-kamau/.gradle/caches/modules-2/files-2.1/com.jetbrains.intellij.idea/ideaIC/2020.2/4fe93bb81525f2fa7a6f0fd7ba41c3b9cce9e8b6/ideaIC-2020.2/bin/linux/fsnotifier64 
2020-08-19 17:49:21,829 [  20901]   INFO - pl.local.NativeFileWatcherImpl - Native file watcher is operational. 
2020-08-19 17:49:22,016 [  21088]   INFO - til.net.ssl.CertificateManager - Default SSL context initialized 
2020-08-19 17:49:22,044 [  21116]   INFO - stubs.SerializationManagerImpl - Name storage is repaired 
2020-08-19 17:49:23,066 [  22138]   INFO - il.indexing.FileBasedIndexImpl - Indexes to be rebuilt after corruption:FilenameIndex(v = 3),FrameworkDetectionIndex(v = 0),TodoIndex(v = 4107),IdIndex(v = 4113),filetypes(v = 3),Stubs(v = 46),Trigram.Index(v = 4099),fileIncludes(v = 6),DomFileIndex(v = -1189920956),RelaxSymbolIndex(v = 0),XmlTagNames(v = 1),XmlNamespaces(v = 8),html5.custom.attributes.index(v = 1),SchemaTypeInheritance(v = 2),json.file.root.values(v = 5),XsltSymbolIndex(v = 0),bytecodeAnalysis(v = 4107),java.auto.module.name(v = 5),java.source.module.name(v = 2),java.null.method.argument(v = 4097),java.fun.expression(v = 4101),java.binary.plus.expression(v = 4100),xmlProperties(v = 2),ant-imports(v = 5),com.intellij.uiDesigner.FormClassIndex(v = 0),JavaFxControllerClassIndex(v = 1),javafx.id.name(v = 3),javafx.custom.component(v = 2),editorconfig.index.name(v = 5),yaml.keys.name(v = 1),groovy.trait.fields(v = 5),groovy.trait.methods(v = 25),IdeaPluginRegistrationIndex(v = 3),PluginIdModuleIndex(v = 1),PluginIdDependenciesIndex(v = 1),devkit.ExtensionPointIndex(v = 0),org.jetbrains.kotlin.idea.versions.KotlinJvmMetadataVersionIndex(v = 5),org.jetbrains.kotlin.idea.versions.KotlinJsMetadataVersionIndex(v = 3),org.jetbrains.kotlin.idea.vfilefinder.KotlinClassFileIndex(v = 3),org.jetbrains.kotlin.idea.vfilefinder.KotlinJavaScriptMetaFileIndex(v = 4),org.jetbrains.kotlin.idea.vfilefinder.KotlinMetadataFileIndex(v = 1),org.jetbrains.kotlin.idea.vfilefinder.KotlinMetadataFilePackageIndex(v = 1),org.jetbrains.kotlin.idea.vfilefinder.KotlinModuleMappingIndex(v = 5),org.jetbrains.kotlin.idea.vfilefinder.KotlinPackageSourcesMemberNamesIndex(v = 2),org.jetbrains.kotlin.idea.vfilefinder.KotlinJvmModuleAnnotationsIndex(v = 1),org.jetbrains.kotlin.ide.konan.index.KotlinNativeMetaFileIndex(v = 4),com.android.tools.idea.model.AndroidManifestIndex$Companion$NAME$1.NAME(v = 4),BindingXmlIndex(v = 7),MlModelFileIndex(v = 1) 
2020-08-19 17:49:23,077 [  22149]   INFO - leBasedIndexDataInitialization - Initialization done: 1498 
2020-08-19 17:49:23,200 [  22272]   INFO - tellij.psi.stubs.StubIndexImpl - Following stub indices will be built:dom.namespaceKey(v = 1),dom.elementClass(v = 0),properties.index(v = 2),gr.class.fqn(v = 1),gr.script.fqn(v = 2),gr.field.name(v = 2),gr.method.name(v = 2),gr.annot.method.name(v = 2),gr.annot.members(v = 2),gr.script.class(v = 2),gr.class.super(v = 2),gr.anonymous.class(v = 3),org.jetbrains.kotlin.idea.stubindex.KotlinExactPackagesIndex(v = 2),org.jetbrains.kotlin.idea.stubindex.KotlinTopLevelClassByPackageIndex(v = 2),org.jetbrains.kotlin.idea.stubindex.KotlinTopLevelFunctionByPackageIndex(v = 2),org.jetbrains.kotlin.idea.stubindex.KotlinTopLevelPropertyByPackageIndex(v = 2),org.jetbrains.kotlin.idea.stubindex.KotlinTopLevelTypeAliasByPackageIndex(v = 2),org.jetbrains.kotlin.idea.stubindex.KotlinClassShortNameIndex(v = 2),org.jetbrains.kotlin.idea.stubindex.KotlinFullClassNameIndex(v = 2),org.jetbrains.kotlin.idea.stubindex.KotlinPropertyShortNameIndex(v = 2),org.jetbrains.kotlin.idea.stubindex.KotlinFunctionShortNameIndex(v = 2),org.jetbrains.kotlin.idea.stubindex.KotlinTypeAliasShortNameIndex(v = 2),org.jetbrains.kotlin.idea.stubindex.KotlinSuperClassIndex(v = 2),org.jetbrains.kotlin.idea.stubindex.KotlinTopLevelFunctionFqnNameIndex(v = 2),org.jetbrains.kotlin.idea.stubindex.KotlinTopLevelPropertyFqnNameIndex(v = 2),org.jetbrains.kotlin.idea.stubindex.KotlinTopLevelTypeAliasFqNameIndex(v = 2),org.jetbrains.kotlin.idea.stubindex.KotlinTopLevelExtensionsByReceiverTypeIndex(v = 2),org.jetbrains.kotlin.idea.stubindex.KotlinAnnotationsIndex(v = 3),org.jetbrains.kotlin.idea.stubindex.KotlinProbablyNothingFunctionShortNameIndex(v = 2),org.jetbrains.kotlin.idea.stubindex.KotlinProbablyNothingPropertyShortNameIndex(v = 2),org.jetbrains.kotlin.idea.stubindex.KotlinProbablyContractedFunctionShortNameIndex(v = 2),org.jetbrains.kotlin.idea.stubindex.KotlinFileFacadeFqNameIndex(v = 2),org.jetbrains.kotlin.idea.stubindex.KotlinFilePartClassIndex(v = 2),org.jetbrains.kotlin.idea.stubindex.KotlinFileFacadeClassByPackageIndex(v = 2),org.jetbrains.kotlin.idea.stubindex.KotlinFileFacadeShortNameIndex(v = 2),org.jetbrains.kotlin.idea.stubindex.KotlinMultifileClassPartIndex(v = 2),org.jetbrains.kotlin.idea.stubindex.KotlinScriptFqnIndex(v = 2),org.jetbrains.kotlin.idea.stubindex.KotlinTypeAliasByExpansionShortNameIndex(v = 2),org.jetbrains.kotlin.idea.stubindex.KotlinOverridableInternalMembersShortNameIndex(v = 2),markdown.header(v = 2),java.annotations(v = 2),java.class.extlist(v = 3),java.field.name(v = 2),java.method.name(v = 2),jvm.static.member.name(v = 2),jvm.static.member.type(v = 2),java.anonymous.baseref(v = 2),java.method.parameter.types(v = 3),java.class.shortname(v = 4),java.class.fqn(v = 1),java.module.name(v = 4) 
2020-08-19 17:49:23,200 [  22272]   INFO - exImpl$StubIndexInitialization - Initialization done: 122 
2020-08-19 17:49:23,334 [  22406]   INFO - tellij.ide.SystemHealthMonitor - restored ignored PIPE handler 
2020-08-19 17:49:23,573 [  22645]   INFO - gs.impl.UpdateCheckerComponent - channel: release 
2020-08-19 17:49:23,594 [  22666]   INFO - penapi.application.Experiments - Experimental features enabled for user: wsl.p9.support, wsl.p9.show.roots.in.file.chooser, inline.browse.button, linux.native.menu, recent.and.edited.files.together, show.create.new.element.in.popup, copy.reference.popup, new.large.text.file.viewer, property.value.inplace.editing, terminal.shell.command.handling 
2020-08-19 17:49:24,751 [  23823]   INFO - penapi.wm.impl.GlobalMenuLinux - Closed dbus-service 'com.canonical.AppMenu.Registrar' 
2020-08-19 17:49:28,885 [  27957]   INFO - oader.EventLogExternalUploader - Started external process for uploading event log 
2020-08-19 17:49:29,059 [  28131]   INFO - rationStore.ComponentStoreImpl - Saving appDebuggerSettings took 17 ms, FileTypeManager took 15 ms 
2020-08-19 17:49:29,557 [  28629]   INFO - .impl.FileTypeDetectionService - 0 auto-detected files. Detection took 0 ms 
2020-08-19 17:49:29,568 [  28640]   INFO - pl.local.NativeFileWatcherImpl - Watcher terminated with exit code 0 
2020-08-19 17:49:29,575 [  28647]   INFO - org.jetbrains.io.BuiltInServer - web server stopped 
2020-08-19 17:49:29,597 [  28669]   INFO - il.indexing.FileBasedIndexImpl - START INDEX SHUTDOWN 
2020-08-19 17:49:29,633 [  28705]   INFO - tellij.psi.stubs.StubIndexImpl - StubIndexExtension-s were unloaded 
2020-08-19 17:49:29,638 [  28710]   INFO - il.indexing.FileBasedIndexImpl - END INDEX SHUTDOWN 
2020-08-19 17:49:29,639 [  28711]   INFO - newvfs.persistent.PersistentFS - VFS dispose started 
2020-08-19 17:49:29,644 [  28716]   INFO - newvfs.persistent.PersistentFS - VFS dispose completed 
2020-08-19 17:49:29,645 [  28717]   INFO - stubs.SerializationManagerImpl - Start shutting down /home/arthur-kamau/Development/Stratos/compiler/tooling/intellij/stratos-lang/build/idea-sandbox/system/index/rep.names 
2020-08-19 17:49:29,645 [  28717]   INFO - stubs.SerializationManagerImpl - Finished shutting down /home/arthur-kamau/Development/Stratos/compiler/tooling/intellij/stratos-lang/build/idea-sandbox/system/index/rep.names 
2020-08-19 17:49:29,652 [  28724]   INFO - plication.impl.ApplicationImpl - Write action Statistics:
Event number:     0
Total time spent: 0ms
Average duration: 0ms
Median  duration: 0ms
Max     duration: 0ms (it was 'null') 
2020-08-19 17:49:29,652 [  28724]   INFO - plication.impl.ApplicationImpl - AnAction.update() Statistics:
Event number:     0
Total time spent: 0ms
Average duration: 0ms
Median  duration: 0ms
Max     duration: 0ms (it was 'null') 
2020-08-19 17:49:29,652 [  28724]   INFO - plication.impl.ApplicationImpl - Global instance threads created counter = 11; ProcessIOExecutorService threads: 3 
2020-08-19 17:49:29,661 [  28733]  ERROR - llij.ide.plugins.PluginManager - null 
java.lang.NullPointerException
	at javafx.graphics/com.sun.glass.ui.gtk.GtkApplication._runLoop(Native Method)
	at javafx.graphics/com.sun.glass.ui.gtk.GtkApplication.lambda$runLoop$11(GtkApplication.java:277)
	at java.base/java.lang.Thread.run(Thread.java:834)
2020-08-19 17:49:29,676 [  28748]  ERROR - llij.ide.plugins.PluginManager - IntelliJ IDEA 2020.2  Build #IC-202.6397.94 
2020-08-19 17:49:29,676 [  28748]  ERROR - llij.ide.plugins.PluginManager - JDK: 11.0.7; VM: OpenJDK 64-Bit Server VM; Vendor: JetBrains s.r.o. 
2020-08-19 17:49:29,676 [  28748]  ERROR - llij.ide.plugins.PluginManager - OS: Linux 
2020-08-19 17:49:29,668 [  28740]   INFO -        #com.intellij.idea.Main - ------------------------------------------------------ IDE SHUTDOWN ------------------------------------------------------ 
2020-08-19 17:49:29,712 [  28784]   INFO - org.jetbrains.io.BuiltInServer - web server stopped 
