26/08 10:35:24 INFO  com.intellij.internal.statistic.uploader.ExternalDataCollectorLogger - Process started with '--ide-token /home/arthur-kamau/Development/Stratos/compiler/tooling/intellij/stratos-lang/build/idea-sandbox/system/token --recorder FUS --files /home/arthur-kamau/Development/Stratos/compiler/tooling/intellij/stratos-lang/build/idea-sandbox/system/event-log-data/logs/FUS/4884-4d79-93bb-3b52e05db24f-202.6397.94-release.log:/home/arthur-kamau/Development/Stratos/compiler/tooling/intellij/stratos-lang/build/idea-sandbox/system/event-log-data/logs/FUS/9235-4e8a-a4b4-8e302202cf24-202.6397.94-release.log:/home/arthur-kamau/Development/Stratos/compiler/tooling/intellij/stratos-lang/build/idea-sandbox/system/event-log-data/logs/FUS/ed97-4ddb-82a4-685dd50725a1-202.6397.94-release.log:/home/arthur-kamau/Development/Stratos/compiler/tooling/intellij/stratos-lang/build/idea-sandbox/system/event-log-data/logs/FUS/9321-43db-856a-602df0f8d9b3-202.6397.94-release.log:/home/arthur-kamau/Development/Stratos/compiler/tooling/intellij/stratos-lang/build/idea-sandbox/system/event-log-data/logs/FUS/3d16-4653-8f0e-5331b8655455-202.6397.94-release.log --device 19082030610e00a-e605-493d-8fc8-5a973985983e --bucket 159 --url https://resources.jetbrains.com/storage/fus/config/v3/%s/%s.json --product IC --product-version 2020.2 --user-agent IntelliJ IDEA/202.6397.94'
26/08 10:35:24 INFO  com.intellij.internal.statistic.uploader.events.ExternalEventsLogger - 1598427324329 STARTED
26/08 10:35:24 INFO  com.intellij.internal.statistic.uploader.ExternalDataCollectorLogger - IDE token file: /home/arthur-kamau/Development/Stratos/compiler/tooling/intellij/stratos-lang/build/idea-sandbox/system/token
26/08 10:35:24 INFO  com.intellij.internal.statistic.uploader.ExternalDataCollectorLogger - Waiting for 2000ms for IDE to close. Attempt #0
26/08 10:35:26 INFO  com.intellij.internal.statistic.uploader.ExternalDataCollectorLogger - Start uploading...
26/08 10:35:26 INFO  com.intellij.internal.statistic.uploader.ExternalDataCollectorLogger - {url:https://resources.jetbrains.com/storage/fus/config/v3/%s/%s.json, product:IC, userAgent:IntelliJ IDEA/202.6397.94(External), internal:false, isTest:false}
26/08 10:35:26 INFO  com.intellij.internal.statistic.uploader.ExternalDataCollectorLogger - {recorder:FUS, files:/home/arthur-kamau/Development/Stratos/compiler/tooling/intellij/stratos-lang/build/idea-sandbox/system/event-log-data/logs/FUS/4884-4d79-93bb-3b52e05db24f-202.6397.94-release.log:/home/arthur-kamau/Development/Stratos/compiler/tooling/intellij/stratos-lang/build/idea-sandbox/system/event-log-data/logs/FUS/9235-4e8a-a4b4-8e302202cf24-202.6397.94-release.log:/home/arthur-kamau/Development/Stratos/compiler/tooling/intellij/stratos-lang/build/idea-sandbox/system/event-log-data/logs/FUS/ed97-4ddb-82a4-685dd50725a1-202.6397.94-release.log:/home/arthur-kamau/Development/Stratos/compiler/tooling/intellij/stratos-lang/build/idea-sandbox/system/event-log-data/logs/FUS/9321-43db-856a-602df0f8d9b3-202.6397.94-release.log:/home/arthur-kamau/Development/Stratos/compiler/tooling/intellij/stratos-lang/build/idea-sandbox/system/event-log-data/logs/FUS/3d16-4653-8f0e-5331b8655455-202.6397.94-release.log}
26/08 10:35:26 INFO  com.intellij.internal.statistic.uploader.ExternalDataCollectorLogger - {device:19082030610e00a-e605-493d-8fc8-5a973985983e, bucket:159}
26/08 10:35:28 TRACE com.intellij.internal.statistic.uploader.ExternalDataCollectorLogger - 4884-4d79-93bb-3b52e05db24f-202.6397.94-release.log-> Cannot upload event log, record list is empty
26/08 10:35:28 TRACE com.intellij.internal.statistic.uploader.ExternalDataCollectorLogger - 9235-4e8a-a4b4-8e302202cf24-202.6397.94-release.log-> Cannot upload event log, record list is empty
26/08 10:35:28 TRACE com.intellij.internal.statistic.uploader.ExternalDataCollectorLogger - ed97-4ddb-82a4-685dd50725a1-202.6397.94-release.log-> Cannot upload event log, record list is empty
26/08 10:35:28 TRACE com.intellij.internal.statistic.uploader.ExternalDataCollectorLogger - 9321-43db-856a-602df0f8d9b3-202.6397.94-release.log-> Cannot upload event log, record list is empty
26/08 10:35:28 TRACE com.intellij.internal.statistic.uploader.ExternalDataCollectorLogger - 3d16-4653-8f0e-5331b8655455-202.6397.94-release.log-> Cannot upload event log, record list is empty
26/08 10:35:28 TRACE com.intellij.internal.statistic.uploader.ExternalDataCollectorLogger - Removed sent log: 4884-4d79-93bb-3b52e05db24f-202.6397.94-release.log
26/08 10:35:28 TRACE com.intellij.internal.statistic.uploader.ExternalDataCollectorLogger - Removed sent log: 9235-4e8a-a4b4-8e302202cf24-202.6397.94-release.log
26/08 10:35:28 TRACE com.intellij.internal.statistic.uploader.ExternalDataCollectorLogger - Removed sent log: ed97-4ddb-82a4-685dd50725a1-202.6397.94-release.log
26/08 10:35:28 TRACE com.intellij.internal.statistic.uploader.ExternalDataCollectorLogger - Removed sent log: 9321-43db-856a-602df0f8d9b3-202.6397.94-release.log
26/08 10:35:28 TRACE com.intellij.internal.statistic.uploader.ExternalDataCollectorLogger - Removed sent log: 3d16-4653-8f0e-5331b8655455-202.6397.94-release.log
26/08 10:35:28 INFO  com.intellij.internal.statistic.uploader.events.ExternalEventsLogger - 1598427328380 SEND 0 5 5 []
26/08 10:35:28 INFO  com.intellij.internal.statistic.uploader.events.ExternalEventsLogger - 1598427328384 FINISHED SENT_WITH_ERRORS
26/08 10:35:28 TRACE com.intellij.internal.statistic.uploader.ExternalDataCollectorLogger - Uploading finished with SENT_WITH_ERRORS
26/08 10:35:28 TRACE com.intellij.internal.statistic.uploader.ExternalDataCollectorLogger - Uploaded 0 out of 5 files.
