{"recorder_version":"40","session":"5c7f905c0e34","build":"201.7223.91","bucket":"18","time":1596027615552,"group":{"id":"settings","version":"4"},"event":{"state":true,"data":{"component":"NotRoamableUiSettings","created":1596027620023},"id":"invoked"}}
{"recorder_version":"40","session":"5c7f905c0e34","build":"201.7223.91","bucket":"18","time":1596027615554,"group":{"id":"settings","version":"4"},"event":{"state":true,"data":{"component":"UISettings","created":1596027620026},"id":"invoked"}}
{"recorder_version":"40","session":"5c7f905c0e34","build":"201.7223.91","bucket":"18","time":1596027615564,"group":{"id":"system.java","version":"1"},"event":{"state":true,"data":{"created":1596027620037,"version":"validation.undefined_rule"},"id":"validation.undefined_rule"}}
{"recorder_version":"40","session":"5c7f905c0e34","build":"201.7223.91","bucket":"18","time":1596027615564,"group":{"id":"system.java","version":"1"},"event":{"state":true,"data":{"created":1596027620038},"id":"invoked"}}
{"recorder_version":"40","session":"5c7f905c0e34","build":"201.7223.91","bucket":"18","time":1596027615680,"group":{"id":"system.os","version":"3"},"event":{"state":true,"data":{"release":"ubuntu","created":1596027620039,"version":"20.4"},"id":"Linux"}}
{"recorder_version":"40","session":"5c7f905c0e34","build":"201.7223.91","bucket":"18","time":1596027615680,"group":{"id":"system.os","version":"3"},"event":{"state":true,"data":{"release":"ubuntu","created":1596027620040,"name":"Linux","version":"20.4"},"id":"os.name"}}
{"recorder_version":"40","session":"5c7f905c0e34","build":"201.7223.91","bucket":"18","time":1596027615680,"group":{"id":"system.os","version":"3"},"event":{"state":true,"data":{"created":1596027620040,"value":"+03_00"},"id":"os.timezone"}}
{"recorder_version":"40","session":"5c7f905c0e34","build":"201.7223.91","bucket":"18","time":1596027615680,"group":{"id":"system.os","version":"3"},"event":{"state":true,"data":{"created":1596027620041},"id":"invoked"}}
{"recorder_version":"40","session":"5c7f905c0e34","build":"201.7223.91","bucket":"18","time":1596027616464,"group":{"id":"settings","version":"4"},"event":{"state":true,"data":{"component":"GeneralSettings","created":1596027620041},"id":"invoked"}}
{"recorder_version":"40","session":"5c7f905c0e34","build":"201.7223.91","bucket":"18","time":1596027619989,"group":{"id":"event.log","version":"40"},"event":{"count":1,"data":{"created":1596027620042,"version":"1370.0"},"id":"whitelist.loaded"}}
{"recorder_version":"40","session":"5c7f905c0e34","build":"201.7223.91","bucket":"18","time":1596027620615,"group":{"id":"settings","version":"4"},"event":{"state":true,"data":{"component":"DefaultFont","created":1596027620615},"id":"invoked"}}
{"recorder_version":"40","session":"5c7f905c0e34","build":"201.7223.91","bucket":"18","time":1596027628896,"group":{"id":"settings","version":"4"},"event":{"state":true,"data":{"component":"UpdatesConfigurable","created":1596027628896,"name":"checkNeeded","type":"bool","value":false},"id":"not.default"}}
{"recorder_version":"40","session":"5c7f905c0e34","build":"201.7223.91","bucket":"18","time":1596027628896,"group":{"id":"settings","version":"4"},"event":{"state":true,"data":{"component":"UpdatesConfigurable","created":1596027628898,"name":"hoursSinceLastCheck","type":"int","value":-1},"id":"not.default"}}
{"recorder_version":"40","session":"5c7f905c0e34","build":"201.7223.91","bucket":"18","time":1596027628896,"group":{"id":"settings","version":"4"},"event":{"state":true,"data":{"component":"UpdatesConfigurable","created":1596027628899},"id":"invoked"}}
{"recorder_version":"40","session":"5c7f905c0e34","build":"201.7223.91","bucket":"18","time":1596027630757,"group":{"id":"performance","version":"40"},"event":{"count":1,"data":{"duration_ms":13776,"created":1596027630757},"id":"ui.latency"}}
{"recorder_version":"40","session":"5c7f905c0e34","build":"201.7223.91","bucket":"18","time":1596027630758,"group":{"id":"performance","version":"40"},"event":{"count":1,"data":{"duration_ms":13776,"created":1596027630758},"id":"ui.lagging"}}
{"recorder_version":"40","session":"5c7f905c0e34","build":"201.7223.91","bucket":"18","time":1596027630759,"group":{"id":"performance","version":"40"},"event":{"count":1,"data":{"duration_ms":14003,"created":1596027630759},"id":"ui.lagging"}}
{"recorder_version":"40","session":"5c7f905c0e34","build":"201.7223.91","bucket":"18","time":1596027630759,"group":{"id":"performance","version":"40"},"event":{"count":1,"data":{"duration_ms":13003,"created":1596027630759},"id":"ui.lagging"}}
{"recorder_version":"40","session":"5c7f905c0e34","build":"201.7223.91","bucket":"18","time":1596027630759,"group":{"id":"performance","version":"40"},"event":{"count":1,"data":{"duration_ms":11918,"created":1596027630759},"id":"ui.lagging"}}
{"recorder_version":"40","session":"5c7f905c0e34","build":"201.7223.91","bucket":"18","time":1596027630759,"group":{"id":"performance","version":"40"},"event":{"count":1,"data":{"duration_ms":10918,"created":1596027630760},"id":"ui.lagging"}}
{"recorder_version":"40","session":"5c7f905c0e34","build":"201.7223.91","bucket":"18","time":1596027630760,"group":{"id":"performance","version":"40"},"event":{"count":1,"data":{"duration_ms":9918,"created":1596027630760},"id":"ui.lagging"}}
{"recorder_version":"40","session":"5c7f905c0e34","build":"201.7223.91","bucket":"18","time":1596027630760,"group":{"id":"performance","version":"40"},"event":{"count":1,"data":{"duration_ms":8918,"created":1596027630760},"id":"ui.lagging"}}
{"recorder_version":"40","session":"5c7f905c0e34","build":"201.7223.91","bucket":"18","time":1596027630760,"group":{"id":"performance","version":"40"},"event":{"count":1,"data":{"duration_ms":7917,"created":1596027630760},"id":"ui.lagging"}}
{"recorder_version":"40","session":"5c7f905c0e34","build":"201.7223.91","bucket":"18","time":1596027630761,"group":{"id":"performance","version":"40"},"event":{"count":1,"data":{"duration_ms":6918,"created":1596027630763},"id":"ui.lagging"}}
{"recorder_version":"40","session":"5c7f905c0e34","build":"201.7223.91","bucket":"18","time":1596027630761,"group":{"id":"performance","version":"40"},"event":{"count":1,"data":{"duration_ms":5917,"created":1596027630763},"id":"ui.lagging"}}
{"recorder_version":"40","session":"5c7f905c0e34","build":"201.7223.91","bucket":"18","time":1596027630761,"group":{"id":"performance","version":"40"},"event":{"count":1,"data":{"duration_ms":4916,"created":1596027630764},"id":"ui.lagging"}}
{"recorder_version":"40","session":"5c7f905c0e34","build":"201.7223.91","bucket":"18","time":1596027630762,"group":{"id":"performance","version":"40"},"event":{"count":1,"data":{"duration_ms":3916,"created":1596027630764},"id":"ui.lagging"}}
{"recorder_version":"40","session":"5c7f905c0e34","build":"201.7223.91","bucket":"18","time":1596027630762,"group":{"id":"performance","version":"40"},"event":{"count":1,"data":{"duration_ms":2915,"created":1596027630765},"id":"ui.lagging"}}
{"recorder_version":"40","session":"5c7f905c0e34","build":"201.7223.91","bucket":"18","time":1596027630762,"group":{"id":"performance","version":"40"},"event":{"count":1,"data":{"duration_ms":1915,"created":1596027630765},"id":"ui.lagging"}}
{"recorder_version":"40","session":"5c7f905c0e34","build":"201.7223.91","bucket":"18","time":1596027630762,"group":{"id":"performance","version":"40"},"event":{"count":1,"data":{"duration_ms":620,"created":1596027630765},"id":"ui.lagging"}}
{"recorder_version":"40","session":"5c7f905c0e34","build":"201.7223.91","bucket":"18","time":1596027638322,"group":{"id":"performance","version":"40"},"event":{"count":1,"data":{"duration_ms":140,"created":1596027638322},"id":"ui.lagging"}}
{"recorder_version":"40","session":"5c7f905c0e34","build":"201.7223.91","bucket":"18","time":1596027638687,"group":{"id":"settings","version":"4"},"event":{"state":true,"data":{"component":"JsonEditorOptions","created":1596027638687},"id":"invoked"}}
{"recorder_version":"40","session":"5c7f905c0e34","build":"201.7223.91","bucket":"18","time":1596027639817,"group":{"id":"settings","version":"4"},"event":{"state":true,"data":{"component":"XmlEditorOptions","created":1596027639818},"id":"invoked"}}
{"recorder_version":"40","session":"5c7f905c0e34","build":"201.7223.91","bucket":"18","time":1596027642556,"group":{"id":"settings","version":"4"},"event":{"state":true,"data":{"component":"CodeFoldingSettings","created":1596027642556},"id":"invoked"}}
{"recorder_version":"40","session":"5c7f905c0e34","build":"201.7223.91","bucket":"18","time":1596027642556,"group":{"id":"settings","version":"4"},"event":{"state":true,"data":{"component":"CodeFoldingSettings","created":1596027642557},"id":"invoked"}}
{"recorder_version":"40","session":"5c7f905c0e34","build":"201.7223.91","bucket":"18","time":1596027643276,"group":{"id":"settings","version":"4"},"event":{"state":true,"data":{"component":"XmlFoldingSettings","created":1596027643276},"id":"invoked"}}
{"recorder_version":"40","session":"5c7f905c0e34","build":"201.7223.91","bucket":"18","time":1596027643279,"group":{"id":"settings","version":"4"},"event":{"state":true,"data":{"component":"XmlFoldingSettings","created":1596027643280},"id":"invoked"}}
{"recorder_version":"40","session":"5c7f905c0e34","build":"201.7223.91","bucket":"18","time":1596027643731,"group":{"id":"settings","version":"4"},"event":{"state":true,"data":{"component":"JavaCodeFoldingSettings","created":1596027643731},"id":"invoked"}}
{"recorder_version":"40","session":"5c7f905c0e34","build":"201.7223.91","bucket":"18","time":1596027643731,"group":{"id":"settings","version":"4"},"event":{"state":true,"data":{"component":"JavaCodeFoldingSettings","created":1596027643732},"id":"invoked"}}
{"recorder_version":"40","session":"5c7f905c0e34","build":"201.7223.91","bucket":"18","time":1596027656695,"group":{"id":"lifecycle","version":"40"},"event":{"count":1,"data":{"internal":true,"eap":false,"created":1596027656696},"id":"ide.start"}}
{"recorder_version":"40","session":"5c7f905c0e34","build":"201.7223.91","bucket":"18","time":1596027662039,"group":{"id":"lifecycle","version":"40"},"event":{"count":1,"data":{"duration_ms":5444,"created":1596027662039,"duration_grouped":"5s"},"id":"ide.freeze"}}
{"recorder_version":"40","session":"5c7f905c0e34","build":"201.7223.91","bucket":"18","time":1596027662361,"group":{"id":"performance","version":"40"},"event":{"count":1,"data":{"duration_ms":5140,"created":1596027662361},"id":"ui.lagging"}}
{"recorder_version":"40","session":"5c7f905c0e34","build":"201.7223.91","bucket":"18","time":1596027662362,"group":{"id":"performance","version":"40"},"event":{"count":1,"data":{"duration_ms":4141,"created":1596027662411},"id":"ui.lagging"}}
{"recorder_version":"40","session":"5c7f905c0e34","build":"201.7223.91","bucket":"18","time":1596027662362,"group":{"id":"performance","version":"40"},"event":{"count":1,"data":{"duration_ms":3141,"created":1596027662412},"id":"ui.lagging"}}
{"recorder_version":"40","session":"5c7f905c0e34","build":"201.7223.91","bucket":"18","time":1596027662362,"group":{"id":"performance","version":"40"},"event":{"count":1,"data":{"duration_ms":2141,"created":1596027662412},"id":"ui.lagging"}}
{"recorder_version":"40","session":"5c7f905c0e34","build":"201.7223.91","bucket":"18","time":1596027662363,"group":{"id":"performance","version":"40"},"event":{"count":1,"data":{"duration_ms":1140,"created":1596027662413},"id":"ui.lagging"}}
{"recorder_version":"40","session":"5c7f905c0e34","build":"201.7223.91","bucket":"18","time":1596027663070,"group":{"id":"performance","version":"40"},"event":{"count":1,"data":{"duration_ms":846,"created":1596027663070},"id":"ui.lagging"}}
{"recorder_version":"40","session":"5c7f905c0e34","build":"201.7223.91","bucket":"18","time":1596027668102,"group":{"id":"settings","version":"4"},"event":{"state":true,"data":{"component":"VcsApplicationSettings","created":1596027668102},"id":"invoked"}}
{"recorder_version":"40","session":"5c7f905c0e34","build":"201.7223.91","bucket":"18","time":1596027670004,"group":{"id":"vfs","version":"2"},"event":{"count":1,"data":{"duration_ms":1447,"finish_time_ms":1596027670002,"created":1596027670004,"start_time_ms":1596027668555},"id":"refreshed"}}
{"recorder_version":"40","session":"5c7f905c0e34","build":"201.7223.91","bucket":"18","time":1596027671217,"group":{"id":"performance","version":"40"},"event":{"count":1,"data":{"duration_ms":3991,"created":1596027671217},"id":"ui.lagging"}}
{"recorder_version":"40","session":"5c7f905c0e34","build":"201.7223.91","bucket":"18","time":1596027671217,"group":{"id":"performance","version":"40"},"event":{"count":1,"data":{"duration_ms":2990,"created":1596027671218},"id":"ui.lagging"}}
{"recorder_version":"40","session":"5c7f905c0e34","build":"201.7223.91","bucket":"18","time":1596027671542,"group":{"id":"actions","version":"40"},"event":{"count":1,"data":{"context_menu":false,"action_id":"WelcomeScreen.OpenProject","created":1596027671543,"plugin_type":"PLATFORM","place":"WelcomeScreen","class":"com.intellij.ide.actions.OpenFileAction$OnWelcomeScreen","input_event":"MouseLeft"},"id":"action.invoked"}}
{"recorder_version":"40","session":"5c7f905c0e34","build":"201.7223.91","bucket":"18","time":1596027682067,"group":{"id":"ui.dialogs","version":"40"},"event":{"count":1,"data":{"created":1596027682068,"plugin_type":"PLATFORM","dialog_class":"com.intellij.openapi.fileChooser.ex.FileChooserDialogImpl"},"id":"show"}}
{"recorder_version":"40","session":"5c7f905c0e34","build":"201.7223.91","bucket":"18","time":1596027685511,"group":{"id":"lifecycle","version":"40"},"event":{"count":1,"data":{"duration_ms":14259,"created":1596027685512,"duration_grouped":"10s+"},"id":"ide.freeze"}}
{"recorder_version":"40","session":"5c7f905c0e34","build":"201.7223.91","bucket":"18","time":1596027685512,"group":{"id":"performance","version":"40"},"event":{"count":1,"data":{"duration_ms":16284,"created":1596027685512},"id":"ui.lagging"}}
{"recorder_version":"40","session":"5c7f905c0e34","build":"201.7223.91","bucket":"18","time":1596027687840,"group":{"id":"performance","version":"40"},"event":{"count":1,"data":{"duration_ms":17612,"created":1596027687841},"id":"ui.lagging"}}
{"recorder_version":"40","session":"5c7f905c0e34","build":"201.7223.91","bucket":"18","time":1596027689699,"group":{"id":"performance","version":"40"},"event":{"count":1,"data":{"duration_ms":18470,"created":1596027689700},"id":"ui.lagging"}}
{"recorder_version":"40","session":"5c7f905c0e34","build":"201.7223.91","bucket":"18","time":1596027689853,"group":{"id":"performance","version":"40"},"event":{"count":1,"data":{"duration_ms":17623,"created":1596027689854},"id":"ui.lagging"}}
{"recorder_version":"40","session":"5c7f905c0e34","build":"201.7223.91","bucket":"18","time":1596027689853,"group":{"id":"performance","version":"40"},"event":{"count":1,"data":{"duration_ms":16623,"created":1596027689854},"id":"ui.lagging"}}
{"recorder_version":"40","session":"5c7f905c0e34","build":"201.7223.91","bucket":"18","time":1596027689853,"group":{"id":"performance","version":"40"},"event":{"count":1,"data":{"duration_ms":15622,"created":1596027689855},"id":"ui.lagging"}}
{"recorder_version":"40","session":"5c7f905c0e34","build":"201.7223.91","bucket":"18","time":1596027689854,"group":{"id":"performance","version":"40"},"event":{"count":1,"data":{"duration_ms":14622,"created":1596027689855},"id":"ui.lagging"}}
{"recorder_version":"40","session":"5c7f905c0e34","build":"201.7223.91","bucket":"18","time":1596027689854,"group":{"id":"performance","version":"40"},"event":{"count":1,"data":{"duration_ms":13622,"created":1596027689855},"id":"ui.lagging"}}
{"recorder_version":"40","session":"5c7f905c0e34","build":"201.7223.91","bucket":"18","time":1596027689854,"group":{"id":"performance","version":"40"},"event":{"count":1,"data":{"duration_ms":12622,"created":1596027689855},"id":"ui.lagging"}}
{"recorder_version":"40","session":"5c7f905c0e34","build":"201.7223.91","bucket":"18","time":1596027689854,"group":{"id":"performance","version":"40"},"event":{"count":1,"data":{"duration_ms":11622,"created":1596027689856},"id":"ui.lagging"}}
{"recorder_version":"40","session":"5c7f905c0e34","build":"201.7223.91","bucket":"18","time":1596027689855,"group":{"id":"performance","version":"40"},"event":{"count":1,"data":{"duration_ms":10621,"created":1596027689856},"id":"ui.lagging"}}
{"recorder_version":"40","session":"5c7f905c0e34","build":"201.7223.91","bucket":"18","time":1596027689855,"group":{"id":"performance","version":"40"},"event":{"count":1,"data":{"duration_ms":9621,"created":1596027689856},"id":"ui.lagging"}}
{"recorder_version":"40","session":"5c7f905c0e34","build":"201.7223.91","bucket":"18","time":1596027689855,"group":{"id":"performance","version":"40"},"event":{"count":1,"data":{"duration_ms":8573,"created":1596027689856},"id":"ui.lagging"}}
{"recorder_version":"40","session":"5c7f905c0e34","build":"201.7223.91","bucket":"18","time":1596027689856,"group":{"id":"performance","version":"40"},"event":{"count":1,"data":{"duration_ms":7573,"created":1596027689856},"id":"ui.lagging"}}
{"recorder_version":"40","session":"5c7f905c0e34","build":"201.7223.91","bucket":"18","time":1596027689856,"group":{"id":"performance","version":"40"},"event":{"count":1,"data":{"duration_ms":6573,"created":1596027689857},"id":"ui.lagging"}}
{"recorder_version":"40","session":"5c7f905c0e34","build":"201.7223.91","bucket":"18","time":1596027689856,"group":{"id":"performance","version":"40"},"event":{"count":1,"data":{"duration_ms":5573,"created":1596027689857},"id":"ui.lagging"}}
{"recorder_version":"40","session":"5c7f905c0e34","build":"201.7223.91","bucket":"18","time":1596027689859,"group":{"id":"performance","version":"40"},"event":{"count":1,"data":{"duration_ms":4512,"created":1596027689859},"id":"ui.lagging"}}
{"recorder_version":"40","session":"5c7f905c0e34","build":"201.7223.91","bucket":"18","time":1596027689860,"group":{"id":"performance","version":"40"},"event":{"count":1,"data":{"duration_ms":3513,"created":1596027689864},"id":"ui.lagging"}}
{"recorder_version":"40","session":"5c7f905c0e34","build":"201.7223.91","bucket":"18","time":1596027689860,"group":{"id":"performance","version":"40"},"event":{"count":1,"data":{"duration_ms":2513,"created":1596027689864},"id":"ui.lagging"}}
{"recorder_version":"40","session":"5c7f905c0e34","build":"201.7223.91","bucket":"18","time":1596027690755,"group":{"id":"performance","version":"40"},"event":{"count":1,"data":{"duration_ms":2370,"created":1596027690755},"id":"ui.lagging"}}
{"recorder_version":"40","session":"5c7f905c0e34","build":"201.7223.91","bucket":"18","time":1596027690755,"group":{"id":"performance","version":"40"},"event":{"count":1,"data":{"duration_ms":1369,"created":1596027690755},"id":"ui.lagging"}}
{"recorder_version":"40","session":"5c7f905c0e34","build":"201.7223.91","bucket":"18","time":1596027691749,"group":{"id":"performance","version":"40"},"event":{"count":1,"data":{"duration_ms":1363,"created":1596027691750},"id":"ui.lagging"}}
{"recorder_version":"40","session":"5c7f905c0e34","build":"201.7223.91","bucket":"18","time":1596027691883,"group":{"id":"performance","version":"40"},"event":{"count":1,"data":{"duration_ms":497,"created":1596027691883},"id":"ui.lagging"}}
{"recorder_version":"40","session":"5c7f905c0e34","build":"201.7223.91","bucket":"18","time":1596027699558,"group":{"id":"performance","version":"40"},"event":{"count":1,"data":{"duration_ms":168,"created":1596027699558},"id":"ui.lagging"}}
{"recorder_version":"40","session":"5c7f905c0e34","build":"201.7223.91","bucket":"18","time":1596027709899,"group":{"id":"performance","version":"40"},"event":{"count":1,"data":{"duration_ms":503,"created":1596027709900},"id":"ui.lagging"}}
{"recorder_version":"40","session":"5c7f905c0e34","build":"201.7223.91","bucket":"18","time":1596027712205,"group":{"id":"actions","version":"40"},"event":{"count":4,"data":{"context_menu":false,"last":1596027712362,"action_id":"Tree-selectNext","created":1596027712205,"plugin_type":"PLATFORM","place":"keyboard_shortcut","class":"com.intellij.ui.TreeActions$Down","input_event":"Down"},"id":"action.invoked"}}
{"recorder_version":"40","session":"5c7f905c0e34","build":"201.7223.91","bucket":"18","time":1596027712371,"group":{"id":"performance","version":"40"},"event":{"count":1,"data":{"duration_ms":1975,"created":1596027712371},"id":"ui.lagging"}}
{"recorder_version":"40","session":"5c7f905c0e34","build":"201.7223.91","bucket":"18","time":1596027712372,"group":{"id":"actions","version":"40"},"event":{"count":1,"data":{"context_menu":false,"action_id":"Tree-selectNext","created":1596027712372,"plugin_type":"PLATFORM","place":"keyboard_shortcut","class":"com.intellij.ui.TreeActions$Down","input_event":"Down"},"id":"action.invoked"}}
{"recorder_version":"40","session":"5c7f905c0e34","build":"201.7223.91","bucket":"18","time":1596027712374,"group":{"id":"performance","version":"40"},"event":{"count":1,"data":{"duration_ms":978,"created":1596027712374},"id":"ui.lagging"}}
{"recorder_version":"40","session":"5c7f905c0e34","build":"201.7223.91","bucket":"18","time":1596027713654,"group":{"id":"actions","version":"40"},"event":{"count":13,"data":{"context_menu":false,"last":1596027715955,"action_id":"Tree-selectNext","created":1596027713654,"plugin_type":"PLATFORM","place":"keyboard_shortcut","class":"com.intellij.ui.TreeActions$Down","input_event":"Down"},"id":"action.invoked"}}
{"recorder_version":"40","session":"5c7f905c0e34","build":"201.7223.91","bucket":"18","time":1596027723846,"group":{"id":"ui.dialogs","version":"40"},"event":{"count":1,"data":{"code":0,"created":1596027723846,"plugin_type":"PLATFORM","dialog_class":"com.intellij.openapi.fileChooser.ex.FileChooserDialogImpl"},"id":"close"}}
